{"/Users/goos/MoAI/MoAI-ADK-v1.0/docs-site/components/LanguageSwitcher.tsx": {"path":"/Users/goos/MoAI/MoAI-ADK-v1.0/docs-site/components/LanguageSwitcher.tsx","statementMap":{"0":{"start":{"line":17,"column":0},"end":{"line":17,"column":24}},"1":{"start":{"line":13,"column":0},"end":{"line":13,"column":26}},"2":{"start":{"line":14,"column":0},"end":{"line":14,"column":55}},"3":{"start":{"line":15,"column":0},"end":{"line":15,"column":57}},"4":{"start":{"line":18,"column":17},"end":{"line":18,"column":28}},"5":{"start":{"line":19,"column":17},"end":{"line":19,"column":28}},"6":{"start":{"line":20,"column":19},"end":{"line":20,"column":32}},"7":{"start":{"line":21,"column":12},"end":{"line":21,"column":37}},"8":{"start":{"line":23,"column":31},"end":{"line":32,"column":3}},"9":{"start":{"line":25,"column":30},"end":{"line":25,"column":64}},"10":{"start":{"line":28,"column":20},"end":{"line":28,"column":62}},"11":{"start":{"line":31,"column":4},"end":{"line":31,"column":25}},"12":{"start":{"line":34,"column":2},"end":{"line":44,"column":4}},"13":{"start":{"line":37,"column":23},"end":{"line":37,"column":59}}},"fnMap":{"0":{"name":"LanguageSwitcher","decl":{"start":{"line":17,"column":24},"end":{"line":17,"column":40}},"loc":{"start":{"line":17,"column":40},"end":{"line":45,"column":1}}},"1":{"name":"(anonymous_2)","decl":{"start":{"line":23,"column":31},"end":{"line":23,"column":32}},"loc":{"start":{"line":23,"column":53},"end":{"line":32,"column":3}}},"2":{"name":"(anonymous_3)","decl":{"start":{"line":37,"column":16},"end":{"line":37,"column":17}},"loc":{"start":{"line":37,"column":23},"end":{"line":37,"column":59}}}},"branchMap":{"0":{"loc":{"start":{"line":28,"column":36},"end":{"line":28,"column":60}},"type":"binary-expr","locations":[{"start":{"line":28,"column":36},"end":{"line":28,"column":53}},{"start":{"line":28,"column":57},"end":{"line":28,"column":60}}]}},"s":{"0":1,"1":1,"2":1,"3":1,"4":12,"5":12,"6":12,"7":12,"8":12,"9":4,"10":4,"11":4,"12":12,"13":4},"f":{"0":12,"1":4,"2":4},"b":{"0":[4,1]}}
,"/Users/goos/MoAI/MoAI-ADK-v1.0/docs-site/i18n/routing.ts": {"path":"/Users/goos/MoAI/MoAI-ADK-v1.0/docs-site/i18n/routing.ts","statementMap":{"0":{"start":{"line":11,"column":0},"end":{"line":11,"column":50}},"1":{"start":{"line":13,"column":13},"end":{"line":24,"column":3}}},"fnMap":{},"branchMap":{},"s":{"0":2,"1":2},"f":{},"b":{}}
}
