mode: set
github.com/modu-ai/moai-adk/internal/merge/confirm.go:50.38,52.2 1 1
github.com/modu-ai/moai-adk/internal/merge/confirm.go:54.64,55.27 1 1
github.com/modu-ai/moai-adk/internal/merge/confirm.go:56.18,57.23 1 1
github.com/modu-ai/moai-adk/internal/merge/confirm.go:58.17,61.22 3 1
github.com/modu-ai/moai-adk/internal/merge/confirm.go:62.17,65.22 3 1
github.com/modu-ai/moai-adk/internal/merge/confirm.go:66.17,69.22 3 1
github.com/modu-ai/moai-adk/internal/merge/confirm.go:72.2,72.15 1 0
github.com/modu-ai/moai-adk/internal/merge/confirm.go:75.37,76.12 1 1
github.com/modu-ai/moai-adk/internal/merge/confirm.go:76.12,78.3 1 1
github.com/modu-ai/moai-adk/internal/merge/confirm.go:80.2,81.27 2 1
github.com/modu-ai/moai-adk/internal/merge/confirm.go:102.70,107.2 1 1
github.com/modu-ai/moai-adk/internal/merge/confirm.go:109.44,120.2 1 1
github.com/modu-ai/moai-adk/internal/merge/confirm.go:123.50,125.2 1 1
github.com/modu-ai/moai-adk/internal/merge/confirm.go:128.52,129.30 1 1
github.com/modu-ai/moai-adk/internal/merge/confirm.go:129.30,131.3 1 1
github.com/modu-ai/moai-adk/internal/merge/confirm.go:132.2,132.51 1 1
github.com/modu-ai/moai-adk/internal/merge/confirm.go:136.66,137.17 1 1
github.com/modu-ai/moai-adk/internal/merge/confirm.go:137.17,139.3 1 1
github.com/modu-ai/moai-adk/internal/merge/confirm.go:140.2,141.28 2 1
github.com/modu-ai/moai-adk/internal/merge/confirm.go:145.56,146.32 1 1
github.com/modu-ai/moai-adk/internal/merge/confirm.go:146.32,148.3 1 1
github.com/modu-ai/moai-adk/internal/merge/confirm.go:149.2,150.82 2 1
github.com/modu-ai/moai-adk/internal/merge/confirm.go:153.71,154.32 1 1
github.com/modu-ai/moai-adk/internal/merge/confirm.go:155.14,156.27 1 1
github.com/modu-ai/moai-adk/internal/merge/confirm.go:157.16,158.29 1 1
github.com/modu-ai/moai-adk/internal/merge/confirm.go:159.10,160.26 1 1
github.com/modu-ai/moai-adk/internal/merge/confirm.go:165.54,166.32 1 1
github.com/modu-ai/moai-adk/internal/merge/confirm.go:166.32,168.3 1 1
github.com/modu-ai/moai-adk/internal/merge/confirm.go:170.2,182.40 9 1
github.com/modu-ai/moai-adk/internal/merge/confirm.go:182.40,193.3 4 1
github.com/modu-ai/moai-adk/internal/merge/confirm.go:195.2,195.58 1 1
github.com/modu-ai/moai-adk/internal/merge/confirm.go:198.62,199.36 1 1
github.com/modu-ai/moai-adk/internal/merge/confirm.go:199.36,201.3 1 1
github.com/modu-ai/moai-adk/internal/merge/confirm.go:202.2,202.13 1 1
github.com/modu-ai/moai-adk/internal/merge/confirm.go:205.68,206.23 1 1
github.com/modu-ai/moai-adk/internal/merge/confirm.go:206.23,208.3 1 1
github.com/modu-ai/moai-adk/internal/merge/confirm.go:209.2,209.16 1 1
github.com/modu-ai/moai-adk/internal/merge/confirm.go:213.60,214.30 1 1
github.com/modu-ai/moai-adk/internal/merge/confirm.go:214.30,216.3 1 1
github.com/modu-ai/moai-adk/internal/merge/confirm.go:218.2,219.40 2 1
github.com/modu-ai/moai-adk/internal/merge/confirm.go:219.40,220.48 1 1
github.com/modu-ai/moai-adk/internal/merge/confirm.go:220.48,222.4 1 1
github.com/modu-ai/moai-adk/internal/merge/confirm.go:225.2,227.3 1 1
github.com/modu-ai/moai-adk/internal/merge/confirm.go:231.51,233.2 1 1
github.com/modu-ai/moai-adk/internal/merge/confirm.go:236.45,244.49 4 1
github.com/modu-ai/moai-adk/internal/merge/confirm.go:244.49,247.3 2 1
github.com/modu-ai/moai-adk/internal/merge/confirm.go:250.2,250.57 1 1
github.com/modu-ai/moai-adk/internal/merge/confirm.go:250.57,253.3 2 1
github.com/modu-ai/moai-adk/internal/merge/confirm.go:256.2,256.47 1 1
github.com/modu-ai/moai-adk/internal/merge/confirm.go:256.47,259.3 2 1
github.com/modu-ai/moai-adk/internal/merge/confirm.go:262.2,262.57 1 1
github.com/modu-ai/moai-adk/internal/merge/confirm.go:262.57,266.3 3 1
github.com/modu-ai/moai-adk/internal/merge/confirm.go:269.2,272.19 3 1
github.com/modu-ai/moai-adk/internal/merge/confirm.go:278.53,280.41 1 1
github.com/modu-ai/moai-adk/internal/merge/confirm.go:280.41,282.3 1 1
github.com/modu-ai/moai-adk/internal/merge/confirm.go:285.2,290.87 2 1
github.com/modu-ai/moai-adk/internal/merge/confirm.go:290.87,292.3 1 1
github.com/modu-ai/moai-adk/internal/merge/confirm.go:295.2,295.38 1 1
github.com/modu-ai/moai-adk/internal/merge/confirm.go:295.38,297.37 1 1
github.com/modu-ai/moai-adk/internal/merge/confirm.go:297.37,299.4 1 1
github.com/modu-ai/moai-adk/internal/merge/confirm.go:302.3,302.80 1 1
github.com/modu-ai/moai-adk/internal/merge/confirm.go:302.80,304.4 1 1
github.com/modu-ai/moai-adk/internal/merge/confirm.go:307.2,307.12 1 1
github.com/modu-ai/moai-adk/internal/merge/confirm.go:312.39,320.76 3 1
github.com/modu-ai/moai-adk/internal/merge/confirm.go:320.76,321.39 1 1
github.com/modu-ai/moai-adk/internal/merge/confirm.go:321.39,323.4 1 0
github.com/modu-ai/moai-adk/internal/merge/confirm.go:324.3,324.40 1 1
github.com/modu-ai/moai-adk/internal/merge/confirm.go:324.40,326.4 1 1
github.com/modu-ai/moai-adk/internal/merge/confirm.go:329.2,329.16 1 1
github.com/modu-ai/moai-adk/internal/merge/confirm.go:336.32,338.44 2 1
github.com/modu-ai/moai-adk/internal/merge/confirm.go:338.44,340.3 1 0
github.com/modu-ai/moai-adk/internal/merge/confirm.go:342.2,343.44 2 1
github.com/modu-ai/moai-adk/internal/merge/confirm.go:343.44,345.3 1 0
github.com/modu-ai/moai-adk/internal/merge/confirm.go:345.8,347.3 1 1
github.com/modu-ai/moai-adk/internal/merge/confirm.go:349.2,349.26 1 1
github.com/modu-ai/moai-adk/internal/merge/confirm.go:363.57,374.51 4 1
github.com/modu-ai/moai-adk/internal/merge/confirm.go:374.51,376.3 1 1
github.com/modu-ai/moai-adk/internal/merge/confirm.go:379.2,379.32 1 0
github.com/modu-ai/moai-adk/internal/merge/confirm.go:379.32,381.3 1 0
github.com/modu-ai/moai-adk/internal/merge/confirm.go:382.2,390.16 4 0
github.com/modu-ai/moai-adk/internal/merge/confirm.go:390.16,392.3 1 0
github.com/modu-ai/moai-adk/internal/merge/confirm.go:394.2,405.22 5 0
github.com/modu-ai/moai-adk/internal/merge/conflict.go:12.73,13.25 1 1
github.com/modu-ai/moai-adk/internal/merge/conflict.go:13.25,15.3 1 0
github.com/modu-ai/moai-adk/internal/merge/conflict.go:17.2,21.30 3 1
github.com/modu-ai/moai-adk/internal/merge/conflict.go:21.30,23.3 1 1
github.com/modu-ai/moai-adk/internal/merge/conflict.go:25.2,26.29 2 1
github.com/modu-ai/moai-adk/internal/merge/conflict.go:26.29,28.43 2 1
github.com/modu-ai/moai-adk/internal/merge/conflict.go:28.43,36.4 1 1
github.com/modu-ai/moai-adk/internal/merge/conflict.go:36.9,38.4 1 1
github.com/modu-ai/moai-adk/internal/merge/conflict.go:42.2,42.30 1 1
github.com/modu-ai/moai-adk/internal/merge/conflict.go:42.30,43.31 1 1
github.com/modu-ai/moai-adk/internal/merge/conflict.go:43.31,51.4 1 0
github.com/modu-ai/moai-adk/internal/merge/conflict.go:54.2,54.43 1 1
github.com/modu-ai/moai-adk/internal/merge/conflict.go:60.105,61.25 1 1
github.com/modu-ai/moai-adk/internal/merge/conflict.go:61.25,63.3 1 1
github.com/modu-ai/moai-adk/internal/merge/conflict.go:65.2,68.75 3 1
github.com/modu-ai/moai-adk/internal/merge/conflict.go:68.75,70.3 1 0
github.com/modu-ai/moai-adk/internal/merge/conflict.go:72.2,72.26 1 1
github.com/modu-ai/moai-adk/internal/merge/differ.go:35.38,42.20 4 1
github.com/modu-ai/moai-adk/internal/merge/differ.go:42.20,44.3 1 1
github.com/modu-ai/moai-adk/internal/merge/differ.go:46.2,46.26 1 1
github.com/modu-ai/moai-adk/internal/merge/differ.go:46.26,47.27 1 1
github.com/modu-ai/moai-adk/internal/merge/differ.go:47.27,48.24 1 1
github.com/modu-ai/moai-adk/internal/merge/differ.go:48.24,50.5 1 1
github.com/modu-ai/moai-adk/internal/merge/differ.go:50.10,50.39 1 1
github.com/modu-ai/moai-adk/internal/merge/differ.go:50.39,52.5 1 1
github.com/modu-ai/moai-adk/internal/merge/differ.go:52.10,54.5 1 1
github.com/modu-ai/moai-adk/internal/merge/differ.go:59.2,61.21 3 1
github.com/modu-ai/moai-adk/internal/merge/differ.go:61.21,62.41 1 1
github.com/modu-ai/moai-adk/internal/merge/differ.go:62.41,66.4 2 1
github.com/modu-ai/moai-adk/internal/merge/differ.go:66.9,66.59 1 1
github.com/modu-ai/moai-adk/internal/merge/differ.go:66.59,75.4 2 1
github.com/modu-ai/moai-adk/internal/merge/differ.go:75.9,75.19 1 1
github.com/modu-ai/moai-adk/internal/merge/differ.go:75.19,83.4 2 1
github.com/modu-ai/moai-adk/internal/merge/differ.go:87.2,87.82 1 1
github.com/modu-ai/moai-adk/internal/merge/differ.go:87.82,89.3 1 1
github.com/modu-ai/moai-adk/internal/merge/differ.go:91.2,91.14 1 1
github.com/modu-ai/moai-adk/internal/merge/differ.go:96.64,101.21 4 1
github.com/modu-ai/moai-adk/internal/merge/differ.go:101.21,103.3 1 1
github.com/modu-ai/moai-adk/internal/merge/differ.go:105.2,123.43 9 1
github.com/modu-ai/moai-adk/internal/merge/differ.go:123.43,124.22 1 1
github.com/modu-ai/moai-adk/internal/merge/differ.go:124.22,126.16 2 1
github.com/modu-ai/moai-adk/internal/merge/differ.go:127.18,128.24 1 1
github.com/modu-ai/moai-adk/internal/merge/differ.go:128.24,132.14 4 1
github.com/modu-ai/moai-adk/internal/merge/differ.go:134.18,135.24 1 1
github.com/modu-ai/moai-adk/internal/merge/differ.go:135.24,139.14 4 1
github.com/modu-ai/moai-adk/internal/merge/differ.go:145.3,145.71 1 1
github.com/modu-ai/moai-adk/internal/merge/differ.go:145.71,149.4 3 1
github.com/modu-ai/moai-adk/internal/merge/differ.go:149.9,149.30 1 0
github.com/modu-ai/moai-adk/internal/merge/differ.go:149.30,153.4 2 0
github.com/modu-ai/moai-adk/internal/merge/differ.go:153.9,153.30 1 0
github.com/modu-ai/moai-adk/internal/merge/differ.go:153.30,156.4 2 0
github.com/modu-ai/moai-adk/internal/merge/differ.go:160.2,169.25 5 1
github.com/modu-ai/moai-adk/internal/merge/differ.go:169.25,170.33 1 1
github.com/modu-ai/moai-adk/internal/merge/differ.go:170.33,172.17 2 1
github.com/modu-ai/moai-adk/internal/merge/differ.go:172.17,174.5 1 1
github.com/modu-ai/moai-adk/internal/merge/differ.go:176.4,177.29 2 1
github.com/modu-ai/moai-adk/internal/merge/differ.go:177.29,178.37 1 1
github.com/modu-ai/moai-adk/internal/merge/differ.go:178.37,180.6 1 1
github.com/modu-ai/moai-adk/internal/merge/differ.go:180.11,183.71 2 1
github.com/modu-ai/moai-adk/internal/merge/differ.go:183.71,184.37 1 1
github.com/modu-ai/moai-adk/internal/merge/differ.go:184.37,186.13 2 0
github.com/modu-ai/moai-adk/internal/merge/differ.go:189.6,189.25 1 1
github.com/modu-ai/moai-adk/internal/merge/differ.go:189.25,191.7 1 0
github.com/modu-ai/moai-adk/internal/merge/differ.go:191.12,192.12 1 1
github.com/modu-ai/moai-adk/internal/merge/differ.go:196.4,197.31 2 1
github.com/modu-ai/moai-adk/internal/merge/differ.go:197.31,199.5 1 1
github.com/modu-ai/moai-adk/internal/merge/differ.go:200.4,201.11 2 1
github.com/modu-ai/moai-adk/internal/merge/differ.go:202.9,204.4 1 1
github.com/modu-ai/moai-adk/internal/merge/differ.go:208.2,209.26 2 1
github.com/modu-ai/moai-adk/internal/merge/differ.go:209.26,210.62 1 1
github.com/modu-ai/moai-adk/internal/merge/differ.go:210.62,212.4 1 0
github.com/modu-ai/moai-adk/internal/merge/differ.go:212.9,214.4 1 1
github.com/modu-ai/moai-adk/internal/merge/differ.go:217.2,217.27 1 1
github.com/modu-ai/moai-adk/internal/merge/differ.go:217.27,225.42 6 1
github.com/modu-ai/moai-adk/internal/merge/differ.go:225.42,227.17 2 1
github.com/modu-ai/moai-adk/internal/merge/differ.go:228.17,229.14 1 1
github.com/modu-ai/moai-adk/internal/merge/differ.go:229.14,233.6 3 1
github.com/modu-ai/moai-adk/internal/merge/differ.go:234.5,235.13 2 1
github.com/modu-ai/moai-adk/internal/merge/differ.go:236.18,237.14 1 1
github.com/modu-ai/moai-adk/internal/merge/differ.go:237.14,240.20 3 1
github.com/modu-ai/moai-adk/internal/merge/differ.go:240.20,243.7 1 1
github.com/modu-ai/moai-adk/internal/merge/differ.go:244.6,244.19 1 1
github.com/modu-ai/moai-adk/internal/merge/differ.go:246.5,246.13 1 1
github.com/modu-ai/moai-adk/internal/merge/differ.go:247.18,248.14 1 1
github.com/modu-ai/moai-adk/internal/merge/differ.go:248.14,250.20 2 0
github.com/modu-ai/moai-adk/internal/merge/differ.go:250.20,252.7 1 0
github.com/modu-ai/moai-adk/internal/merge/differ.go:253.6,254.19 2 0
github.com/modu-ai/moai-adk/internal/merge/differ.go:256.5,256.13 1 1
github.com/modu-ai/moai-adk/internal/merge/differ.go:260.3,260.12 1 1
github.com/modu-ai/moai-adk/internal/merge/differ.go:260.12,262.12 1 0
github.com/modu-ai/moai-adk/internal/merge/differ.go:265.3,267.42 2 1
github.com/modu-ai/moai-adk/internal/merge/differ.go:267.42,269.17 2 1
github.com/modu-ai/moai-adk/internal/merge/differ.go:270.17,271.41 1 1
github.com/modu-ai/moai-adk/internal/merge/differ.go:272.18,273.41 1 1
github.com/modu-ai/moai-adk/internal/merge/differ.go:274.18,275.41 1 1
github.com/modu-ai/moai-adk/internal/merge/differ.go:280.2,280.20 1 1
github.com/modu-ai/moai-adk/internal/merge/differ.go:285.36,287.13 2 1
github.com/modu-ai/moai-adk/internal/merge/differ.go:287.13,289.3 1 1
github.com/modu-ai/moai-adk/internal/merge/differ.go:290.2,290.31 1 1
github.com/modu-ai/moai-adk/internal/merge/strategies.go:60.45,62.2 1 1
github.com/modu-ai/moai-adk/internal/merge/strategies.go:65.70,70.14 3 1
github.com/modu-ai/moai-adk/internal/merge/strategies.go:71.19,72.22 1 1
github.com/modu-ai/moai-adk/internal/merge/strategies.go:73.20,74.20 1 1
github.com/modu-ai/moai-adk/internal/merge/strategies.go:78.2,78.13 1 1
github.com/modu-ai/moai-adk/internal/merge/strategies.go:79.23,80.18 1 1
github.com/modu-ai/moai-adk/internal/merge/strategies.go:81.15,82.19 1 1
github.com/modu-ai/moai-adk/internal/merge/strategies.go:86.2,86.25 1 1
github.com/modu-ai/moai-adk/internal/merge/strategies.go:86.25,88.3 1 1
github.com/modu-ai/moai-adk/internal/merge/strategies.go:91.2,91.27 1 1
github.com/modu-ai/moai-adk/internal/merge/strategies.go:91.27,93.3 1 1
github.com/modu-ai/moai-adk/internal/merge/strategies.go:96.2,96.18 1 0
github.com/modu-ai/moai-adk/internal/merge/strategies.go:101.74,122.65 12 1
github.com/modu-ai/moai-adk/internal/merge/strategies.go:122.65,123.14 1 1
github.com/modu-ai/moai-adk/internal/merge/strategies.go:123.14,125.31 1 1
github.com/modu-ai/moai-adk/internal/merge/strategies.go:125.31,126.31 1 1
github.com/modu-ai/moai-adk/internal/merge/strategies.go:126.31,127.46 1 0
github.com/modu-ai/moai-adk/internal/merge/strategies.go:127.46,131.7 3 0
github.com/modu-ai/moai-adk/internal/merge/strategies.go:131.12,135.7 2 0
github.com/modu-ai/moai-adk/internal/merge/strategies.go:136.11,139.6 2 1
github.com/modu-ai/moai-adk/internal/merge/strategies.go:141.4,141.31 1 1
github.com/modu-ai/moai-adk/internal/merge/strategies.go:141.31,144.5 2 1
github.com/modu-ai/moai-adk/internal/merge/strategies.go:145.4,145.9 1 1
github.com/modu-ai/moai-adk/internal/merge/strategies.go:148.3,152.10 4 1
github.com/modu-ai/moai-adk/internal/merge/strategies.go:153.43,158.8 4 1
github.com/modu-ai/moai-adk/internal/merge/strategies.go:160.42,162.30 1 1
github.com/modu-ai/moai-adk/internal/merge/strategies.go:162.30,165.5 2 1
github.com/modu-ai/moai-adk/internal/merge/strategies.go:167.4,168.8 2 1
github.com/modu-ai/moai-adk/internal/merge/strategies.go:170.42,172.30 1 1
github.com/modu-ai/moai-adk/internal/merge/strategies.go:172.30,175.5 2 1
github.com/modu-ai/moai-adk/internal/merge/strategies.go:176.4,177.8 2 1
github.com/modu-ai/moai-adk/internal/merge/strategies.go:179.11,182.30 2 1
github.com/modu-ai/moai-adk/internal/merge/strategies.go:182.30,184.5 1 1
github.com/modu-ai/moai-adk/internal/merge/strategies.go:185.4,185.30 1 1
github.com/modu-ai/moai-adk/internal/merge/strategies.go:185.30,187.5 1 1
github.com/modu-ai/moai-adk/internal/merge/strategies.go:189.4,189.26 1 1
github.com/modu-ai/moai-adk/internal/merge/strategies.go:189.26,192.5 1 1
github.com/modu-ai/moai-adk/internal/merge/strategies.go:192.10,203.5 2 1
github.com/modu-ai/moai-adk/internal/merge/strategies.go:204.4,206.8 3 1
github.com/modu-ai/moai-adk/internal/merge/strategies.go:210.2,217.20 2 1
github.com/modu-ai/moai-adk/internal/merge/strategies.go:222.63,226.26 3 1
github.com/modu-ai/moai-adk/internal/merge/strategies.go:226.26,227.23 1 1
github.com/modu-ai/moai-adk/internal/merge/strategies.go:227.23,229.4 1 1
github.com/modu-ai/moai-adk/internal/merge/strategies.go:232.2,232.16 1 1
github.com/modu-ai/moai-adk/internal/merge/strategies.go:238.75,248.32 7 1
github.com/modu-ai/moai-adk/internal/merge/strategies.go:248.32,249.21 1 1
github.com/modu-ai/moai-adk/internal/merge/strategies.go:249.21,251.4 1 1
github.com/modu-ai/moai-adk/internal/merge/strategies.go:255.2,257.35 3 1
github.com/modu-ai/moai-adk/internal/merge/strategies.go:257.35,258.14 1 1
github.com/modu-ai/moai-adk/internal/merge/strategies.go:258.14,259.12 1 0
github.com/modu-ai/moai-adk/internal/merge/strategies.go:261.3,261.15 1 1
github.com/modu-ai/moai-adk/internal/merge/strategies.go:261.15,264.4 2 1
github.com/modu-ai/moai-adk/internal/merge/strategies.go:269.2,269.35 1 1
github.com/modu-ai/moai-adk/internal/merge/strategies.go:269.35,270.14 1 1
github.com/modu-ai/moai-adk/internal/merge/strategies.go:270.14,271.12 1 0
github.com/modu-ai/moai-adk/internal/merge/strategies.go:273.3,273.34 1 1
github.com/modu-ai/moai-adk/internal/merge/strategies.go:273.34,275.19 1 1
github.com/modu-ai/moai-adk/internal/merge/strategies.go:275.19,278.5 2 1
github.com/modu-ai/moai-adk/internal/merge/strategies.go:282.2,287.8 1 1
github.com/modu-ai/moai-adk/internal/merge/strategies.go:291.68,298.2 1 1
github.com/modu-ai/moai-adk/internal/merge/strategies.go:301.69,304.55 2 1
github.com/modu-ai/moai-adk/internal/merge/strategies.go:304.55,306.3 1 1
github.com/modu-ai/moai-adk/internal/merge/strategies.go:307.2,307.61 1 1
github.com/modu-ai/moai-adk/internal/merge/strategies.go:307.61,309.3 1 1
github.com/modu-ai/moai-adk/internal/merge/strategies.go:310.2,310.61 1 1
github.com/modu-ai/moai-adk/internal/merge/strategies.go:310.61,312.3 1 1
github.com/modu-ai/moai-adk/internal/merge/strategies.go:314.2,317.16 3 1
github.com/modu-ai/moai-adk/internal/merge/strategies.go:317.16,319.3 1 0
github.com/modu-ai/moai-adk/internal/merge/strategies.go:321.2,326.8 1 1
github.com/modu-ai/moai-adk/internal/merge/strategies.go:330.69,333.55 2 1
github.com/modu-ai/moai-adk/internal/merge/strategies.go:333.55,335.3 1 1
github.com/modu-ai/moai-adk/internal/merge/strategies.go:336.2,336.61 1 1
github.com/modu-ai/moai-adk/internal/merge/strategies.go:336.61,338.3 1 1
github.com/modu-ai/moai-adk/internal/merge/strategies.go:339.2,339.61 1 1
github.com/modu-ai/moai-adk/internal/merge/strategies.go:339.61,341.3 1 1
github.com/modu-ai/moai-adk/internal/merge/strategies.go:343.2,346.16 3 1
github.com/modu-ai/moai-adk/internal/merge/strategies.go:346.16,348.3 1 0
github.com/modu-ai/moai-adk/internal/merge/strategies.go:350.2,355.8 1 1
github.com/modu-ai/moai-adk/internal/merge/strategies.go:360.102,366.22 4 1
github.com/modu-ai/moai-adk/internal/merge/strategies.go:366.22,368.3 1 1
github.com/modu-ai/moai-adk/internal/merge/strategies.go:369.2,369.25 1 1
github.com/modu-ai/moai-adk/internal/merge/strategies.go:369.25,371.3 1 1
github.com/modu-ai/moai-adk/internal/merge/strategies.go:372.2,372.25 1 1
github.com/modu-ai/moai-adk/internal/merge/strategies.go:372.25,374.3 1 1
github.com/modu-ai/moai-adk/internal/merge/strategies.go:376.2,376.27 1 1
github.com/modu-ai/moai-adk/internal/merge/strategies.go:376.27,378.19 2 1
github.com/modu-ai/moai-adk/internal/merge/strategies.go:378.19,380.4 1 1
github.com/modu-ai/moai-adk/internal/merge/strategies.go:382.3,386.10 4 1
github.com/modu-ai/moai-adk/internal/merge/strategies.go:387.43,389.24 1 1
github.com/modu-ai/moai-adk/internal/merge/strategies.go:391.43,393.24 1 1
github.com/modu-ai/moai-adk/internal/merge/strategies.go:395.42,397.35 1 1
github.com/modu-ai/moai-adk/internal/merge/strategies.go:397.35,399.5 1 0
github.com/modu-ai/moai-adk/internal/merge/strategies.go:399.10,408.5 2 1
github.com/modu-ai/moai-adk/internal/merge/strategies.go:410.42,410.42 0 1
github.com/modu-ai/moai-adk/internal/merge/strategies.go:414.42,416.24 1 0
github.com/modu-ai/moai-adk/internal/merge/strategies.go:418.41,422.11 3 1
github.com/modu-ai/moai-adk/internal/merge/strategies.go:423.37,425.26 1 1
github.com/modu-ai/moai-adk/internal/merge/strategies.go:427.36,429.25 1 1
github.com/modu-ai/moai-adk/internal/merge/strategies.go:431.36,433.25 1 1
github.com/modu-ai/moai-adk/internal/merge/strategies.go:435.12,437.36 1 1
github.com/modu-ai/moai-adk/internal/merge/strategies.go:437.36,440.6 1 0
github.com/modu-ai/moai-adk/internal/merge/strategies.go:440.11,446.43 4 1
github.com/modu-ai/moai-adk/internal/merge/strategies.go:446.43,450.7 3 1
github.com/modu-ai/moai-adk/internal/merge/strategies.go:450.12,460.7 2 1
github.com/modu-ai/moai-adk/internal/merge/strategies.go:466.2,466.26 1 1
github.com/modu-ai/moai-adk/internal/merge/strategies.go:471.77,486.38 9 1
github.com/modu-ai/moai-adk/internal/merge/strategies.go:486.38,492.14 4 1
github.com/modu-ai/moai-adk/internal/merge/strategies.go:492.14,495.4 1 1
github.com/modu-ai/moai-adk/internal/merge/strategies.go:495.9,495.24 1 1
github.com/modu-ai/moai-adk/internal/merge/strategies.go:495.24,498.4 1 0
github.com/modu-ai/moai-adk/internal/merge/strategies.go:498.9,507.11 6 1
github.com/modu-ai/moai-adk/internal/merge/strategies.go:508.37,509.68 1 1
github.com/modu-ai/moai-adk/internal/merge/strategies.go:510.36,511.67 1 0
github.com/modu-ai/moai-adk/internal/merge/strategies.go:512.36,513.67 1 1
github.com/modu-ai/moai-adk/internal/merge/strategies.go:514.12,515.33 1 1
github.com/modu-ai/moai-adk/internal/merge/strategies.go:515.33,517.6 1 0
github.com/modu-ai/moai-adk/internal/merge/strategies.go:517.11,526.6 2 1
github.com/modu-ai/moai-adk/internal/merge/strategies.go:532.2,532.38 1 1
github.com/modu-ai/moai-adk/internal/merge/strategies.go:532.38,533.33 1 1
github.com/modu-ai/moai-adk/internal/merge/strategies.go:533.33,535.4 1 1
github.com/modu-ai/moai-adk/internal/merge/strategies.go:538.2,543.8 1 1
github.com/modu-ai/moai-adk/internal/merge/strategies.go:553.46,559.29 5 1
github.com/modu-ai/moai-adk/internal/merge/strategies.go:559.29,560.72 1 1
github.com/modu-ai/moai-adk/internal/merge/strategies.go:560.72,562.28 1 1
github.com/modu-ai/moai-adk/internal/merge/strategies.go:562.28,567.5 1 1
github.com/modu-ai/moai-adk/internal/merge/strategies.go:568.4,569.24 2 1
github.com/modu-ai/moai-adk/internal/merge/strategies.go:570.9,571.28 1 1
github.com/modu-ai/moai-adk/internal/merge/strategies.go:571.28,573.5 1 1
github.com/modu-ai/moai-adk/internal/merge/strategies.go:579.2,579.26 1 1
github.com/modu-ai/moai-adk/internal/merge/strategies.go:579.26,584.3 1 1
github.com/modu-ai/moai-adk/internal/merge/strategies.go:586.2,586.17 1 1
github.com/modu-ai/moai-adk/internal/merge/strategies.go:590.56,592.29 2 1
github.com/modu-ai/moai-adk/internal/merge/strategies.go:592.29,594.3 1 1
github.com/modu-ai/moai-adk/internal/merge/strategies.go:595.2,595.10 1 1
github.com/modu-ai/moai-adk/internal/merge/strategies.go:599.44,601.29 2 1
github.com/modu-ai/moai-adk/internal/merge/strategies.go:601.29,602.17 1 1
github.com/modu-ai/moai-adk/internal/merge/strategies.go:602.17,604.4 1 1
github.com/modu-ai/moai-adk/internal/merge/strategies.go:606.2,606.10 1 1
github.com/modu-ai/moai-adk/internal/merge/strategies.go:610.33,613.32 3 1
github.com/modu-ai/moai-adk/internal/merge/strategies.go:613.32,615.3 1 1
github.com/modu-ai/moai-adk/internal/merge/strategies.go:616.2,616.33 1 1
github.com/modu-ai/moai-adk/internal/merge/strategies.go:620.51,621.23 1 1
github.com/modu-ai/moai-adk/internal/merge/strategies.go:622.22,623.17 1 1
github.com/modu-ai/moai-adk/internal/merge/strategies.go:624.19,627.25 2 0
github.com/modu-ai/moai-adk/internal/merge/strategies.go:627.25,629.4 1 0
github.com/modu-ai/moai-adk/internal/merge/strategies.go:630.3,630.22 1 0
github.com/modu-ai/moai-adk/internal/merge/strategies.go:632.2,632.19 1 1
github.com/modu-ai/moai-adk/internal/merge/three_way.go:14.25,18.2 1 1
github.com/modu-ai/moai-adk/internal/merge/three_way.go:21.62,25.2 1 1
github.com/modu-ai/moai-adk/internal/merge/three_way.go:29.85,31.2 1 1
github.com/modu-ai/moai-adk/internal/merge/three_way.go:35.115,37.9 1 1
github.com/modu-ai/moai-adk/internal/merge/three_way.go:38.20,39.63 1 1
github.com/modu-ai/moai-adk/internal/merge/three_way.go:40.10,40.10 0 1
github.com/modu-ai/moai-adk/internal/merge/three_way.go:43.2,45.18 2 1
github.com/modu-ai/moai-adk/internal/merge/three_way.go:46.17,47.48 1 0
github.com/modu-ai/moai-adk/internal/merge/three_way.go:48.16,49.43 1 1
github.com/modu-ai/moai-adk/internal/merge/three_way.go:50.17,51.43 1 1
github.com/modu-ai/moai-adk/internal/merge/three_way.go:52.20,53.51 1 1
github.com/modu-ai/moai-adk/internal/merge/three_way.go:54.18,55.49 1 1
github.com/modu-ai/moai-adk/internal/merge/three_way.go:56.17,57.42 1 1
github.com/modu-ai/moai-adk/internal/merge/three_way.go:58.10,59.88 1 1
github.com/modu-ai/moai-adk/internal/cli/wizard/questions.go:16.54,19.60 2 1
github.com/modu-ai/moai-adk/internal/cli/wizard/questions.go:19.60,21.3 1 0
github.com/modu-ai/moai-adk/internal/cli/wizard/questions.go:23.2,79.42 1 1
github.com/modu-ai/moai-adk/internal/cli/wizard/questions.go:79.42,81.5 1 0
github.com/modu-ai/moai-adk/internal/cli/wizard/questions.go:146.79,148.30 2 1
github.com/modu-ai/moai-adk/internal/cli/wizard/questions.go:148.30,149.48 1 1
github.com/modu-ai/moai-adk/internal/cli/wizard/questions.go:149.48,151.4 1 1
github.com/modu-ai/moai-adk/internal/cli/wizard/questions.go:153.2,153.17 1 1
github.com/modu-ai/moai-adk/internal/cli/wizard/questions.go:157.76,159.30 2 1
github.com/modu-ai/moai-adk/internal/cli/wizard/questions.go:159.30,160.48 1 1
github.com/modu-ai/moai-adk/internal/cli/wizard/questions.go:160.48,162.4 1 1
github.com/modu-ai/moai-adk/internal/cli/wizard/questions.go:164.2,164.14 1 1
github.com/modu-ai/moai-adk/internal/cli/wizard/questions.go:168.62,169.27 1 1
github.com/modu-ai/moai-adk/internal/cli/wizard/questions.go:169.27,170.28 1 1
github.com/modu-ai/moai-adk/internal/cli/wizard/questions.go:170.28,172.4 1 1
github.com/modu-ai/moai-adk/internal/cli/wizard/questions.go:174.2,174.12 1 1
github.com/modu-ai/moai-adk/internal/cli/wizard/styles.go:56.26,110.2 1 1
github.com/modu-ai/moai-adk/internal/cli/wizard/styles.go:114.30,130.2 1 1
github.com/modu-ai/moai-adk/internal/cli/wizard/translations.go:266.64,268.36 1 1
github.com/modu-ai/moai-adk/internal/cli/wizard/translations.go:268.36,270.3 1 1
github.com/modu-ai/moai-adk/internal/cli/wizard/translations.go:272.2,273.9 2 1
github.com/modu-ai/moai-adk/internal/cli/wizard/translations.go:273.9,275.3 1 1
github.com/modu-ai/moai-adk/internal/cli/wizard/translations.go:277.2,278.9 2 1
github.com/modu-ai/moai-adk/internal/cli/wizard/translations.go:278.9,280.3 1 0
github.com/modu-ai/moai-adk/internal/cli/wizard/translations.go:283.2,284.23 2 1
github.com/modu-ai/moai-adk/internal/cli/wizard/translations.go:284.23,286.3 1 1
github.com/modu-ai/moai-adk/internal/cli/wizard/translations.go:287.2,287.29 1 1
github.com/modu-ai/moai-adk/internal/cli/wizard/translations.go:287.29,289.3 1 1
github.com/modu-ai/moai-adk/internal/cli/wizard/translations.go:292.2,292.68 1 1
github.com/modu-ai/moai-adk/internal/cli/wizard/translations.go:292.68,294.33 2 0
github.com/modu-ai/moai-adk/internal/cli/wizard/translations.go:294.33,301.40 2 0
github.com/modu-ai/moai-adk/internal/cli/wizard/translations.go:301.40,303.5 1 0
github.com/modu-ai/moai-adk/internal/cli/wizard/translations.go:304.4,304.39 1 0
github.com/modu-ai/moai-adk/internal/cli/wizard/translations.go:304.39,306.5 1 0
github.com/modu-ai/moai-adk/internal/cli/wizard/translations.go:310.2,310.18 1 1
github.com/modu-ai/moai-adk/internal/cli/wizard/translations.go:315.44,316.42 1 1
github.com/modu-ai/moai-adk/internal/cli/wizard/translations.go:316.42,318.3 1 1
github.com/modu-ai/moai-adk/internal/cli/wizard/translations.go:319.2,319.24 1 1
github.com/modu-ai/moai-adk/internal/cli/wizard/types.go:88.42,90.2 1 1
github.com/modu-ai/moai-adk/internal/cli/wizard/wizard.go:26.54,27.19 1 1
github.com/modu-ai/moai-adk/internal/cli/wizard/wizard.go:27.19,29.3 1 1
github.com/modu-ai/moai-adk/internal/cli/wizard/wizard.go:32.2,43.3 2 1
github.com/modu-ai/moai-adk/internal/cli/wizard/wizard.go:47.31,49.2 1 1
github.com/modu-ai/moai-adk/internal/cli/wizard/wizard.go:52.57,53.27 1 1
github.com/modu-ai/moai-adk/internal/cli/wizard/wizard.go:54.18,55.29 1 1
github.com/modu-ai/moai-adk/internal/cli/wizard/wizard.go:57.2,57.15 1 0
github.com/modu-ai/moai-adk/internal/cli/wizard/wizard.go:61.66,63.18 1 1
github.com/modu-ai/moai-adk/internal/cli/wizard/wizard.go:64.32,66.21 2 1
github.com/modu-ai/moai-adk/internal/cli/wizard/wizard.go:70.2,71.14 2 1
github.com/modu-ai/moai-adk/internal/cli/wizard/wizard.go:71.14,74.3 2 1
github.com/modu-ai/moai-adk/internal/cli/wizard/wizard.go:76.2,76.16 1 1
github.com/modu-ai/moai-adk/internal/cli/wizard/wizard.go:77.26,78.34 1 1
github.com/modu-ai/moai-adk/internal/cli/wizard/wizard.go:79.25,80.32 1 1
github.com/modu-ai/moai-adk/internal/cli/wizard/wizard.go:83.2,83.15 1 0
github.com/modu-ai/moai-adk/internal/cli/wizard/wizard.go:87.71,91.18 3 1
github.com/modu-ai/moai-adk/internal/cli/wizard/wizard.go:92.34,94.19 2 1
github.com/modu-ai/moai-adk/internal/cli/wizard/wizard.go:94.19,96.4 1 1
github.com/modu-ai/moai-adk/internal/cli/wizard/wizard.go:97.31,98.41 1 1
github.com/modu-ai/moai-adk/internal/cli/wizard/wizard.go:99.20,100.21 1 1
github.com/modu-ai/moai-adk/internal/cli/wizard/wizard.go:100.21,103.4 2 1
github.com/modu-ai/moai-adk/internal/cli/wizard/wizard.go:106.2,106.15 1 1
github.com/modu-ai/moai-adk/internal/cli/wizard/wizard.go:110.69,111.18 1 1
github.com/modu-ai/moai-adk/internal/cli/wizard/wizard.go:112.20,113.29 1 1
github.com/modu-ai/moai-adk/internal/cli/wizard/wizard.go:114.24,115.28 1 1
github.com/modu-ai/moai-adk/internal/cli/wizard/wizard.go:115.28,117.4 1 1
github.com/modu-ai/moai-adk/internal/cli/wizard/wizard.go:118.20,120.18 2 1
github.com/modu-ai/moai-adk/internal/cli/wizard/wizard.go:123.2,123.15 1 1
github.com/modu-ai/moai-adk/internal/cli/wizard/wizard.go:127.55,132.36 3 1
github.com/modu-ai/moai-adk/internal/cli/wizard/wizard.go:132.36,134.3 1 1
github.com/modu-ai/moai-adk/internal/cli/wizard/wizard.go:137.2,137.31 1 1
github.com/modu-ai/moai-adk/internal/cli/wizard/wizard.go:137.31,141.3 3 1
github.com/modu-ai/moai-adk/internal/cli/wizard/wizard.go:143.2,144.20 2 1
github.com/modu-ai/moai-adk/internal/cli/wizard/wizard.go:148.47,153.43 3 1
github.com/modu-ai/moai-adk/internal/cli/wizard/wizard.go:153.43,155.50 2 1
github.com/modu-ai/moai-adk/internal/cli/wizard/wizard.go:155.50,156.9 1 1
github.com/modu-ai/moai-adk/internal/cli/wizard/wizard.go:158.3,158.19 1 1
github.com/modu-ai/moai-adk/internal/cli/wizard/wizard.go:162.2,162.43 1 1
github.com/modu-ai/moai-adk/internal/cli/wizard/wizard.go:162.43,165.3 2 1
github.com/modu-ai/moai-adk/internal/cli/wizard/wizard.go:168.2,173.14 4 1
github.com/modu-ai/moai-adk/internal/cli/wizard/wizard.go:173.14,177.35 2 1
github.com/modu-ai/moai-adk/internal/cli/wizard/wizard.go:177.35,178.34 1 1
github.com/modu-ai/moai-adk/internal/cli/wizard/wizard.go:178.34,179.31 1 1
github.com/modu-ai/moai-adk/internal/cli/wizard/wizard.go:179.31,181.11 2 1
github.com/modu-ai/moai-adk/internal/cli/wizard/wizard.go:187.2,187.15 1 1
github.com/modu-ai/moai-adk/internal/cli/wizard/wizard.go:191.45,192.43 1 1
github.com/modu-ai/moai-adk/internal/cli/wizard/wizard.go:192.43,194.3 1 1
github.com/modu-ai/moai-adk/internal/cli/wizard/wizard.go:195.2,195.40 1 1
github.com/modu-ai/moai-adk/internal/cli/wizard/wizard.go:199.48,201.2 1 1
github.com/modu-ai/moai-adk/internal/cli/wizard/wizard.go:204.47,206.2 1 1
github.com/modu-ai/moai-adk/internal/cli/wizard/wizard.go:209.46,210.12 1 1
github.com/modu-ai/moai-adk/internal/cli/wizard/wizard.go:211.16,213.19 2 1
github.com/modu-ai/moai-adk/internal/cli/wizard/wizard.go:214.19,215.28 1 1
github.com/modu-ai/moai-adk/internal/cli/wizard/wizard.go:216.22,217.31 1 1
github.com/modu-ai/moai-adk/internal/cli/wizard/wizard.go:218.18,219.27 1 1
github.com/modu-ai/moai-adk/internal/cli/wizard/wizard.go:220.25,221.34 1 1
github.com/modu-ai/moai-adk/internal/cli/wizard/wizard.go:222.25,223.33 1 1
github.com/modu-ai/moai-adk/internal/cli/wizard/wizard.go:224.27,225.35 1 1
github.com/modu-ai/moai-adk/internal/cli/wizard/wizard.go:226.18,227.27 1 1
github.com/modu-ai/moai-adk/internal/cli/wizard/wizard.go:228.26,229.35 1 1
github.com/modu-ai/moai-adk/internal/cli/wizard/wizard.go:234.30,235.60 1 1
github.com/modu-ai/moai-adk/internal/cli/wizard/wizard.go:235.60,237.3 1 1
github.com/modu-ai/moai-adk/internal/cli/wizard/wizard.go:239.2,240.14 2 1
github.com/modu-ai/moai-adk/internal/cli/wizard/wizard.go:240.14,242.3 1 1
github.com/modu-ai/moai-adk/internal/cli/wizard/wizard.go:245.2,260.34 9 1
github.com/modu-ai/moai-adk/internal/cli/wizard/wizard.go:260.34,263.3 2 1
github.com/modu-ai/moai-adk/internal/cli/wizard/wizard.go:264.2,267.25 2 1
github.com/modu-ai/moai-adk/internal/cli/wizard/wizard.go:268.26,269.45 1 1
github.com/modu-ai/moai-adk/internal/cli/wizard/wizard.go:270.25,271.44 1 1
github.com/modu-ai/moai-adk/internal/cli/wizard/wizard.go:275.2,275.22 1 1
github.com/modu-ai/moai-adk/internal/cli/wizard/wizard.go:275.22,278.3 2 1
github.com/modu-ai/moai-adk/internal/cli/wizard/wizard.go:281.2,284.19 3 1
github.com/modu-ai/moai-adk/internal/cli/wizard/wizard.go:288.49,291.32 2 1
github.com/modu-ai/moai-adk/internal/cli/wizard/wizard.go:291.32,293.20 2 1
github.com/modu-ai/moai-adk/internal/cli/wizard/wizard.go:293.20,295.4 1 1
github.com/modu-ai/moai-adk/internal/cli/wizard/wizard.go:297.3,298.20 2 1
github.com/modu-ai/moai-adk/internal/cli/wizard/wizard.go:298.20,300.4 1 1
github.com/modu-ai/moai-adk/internal/cli/wizard/wizard.go:300.9,302.4 1 1
github.com/modu-ai/moai-adk/internal/cli/wizard/wizard.go:304.3,307.21 3 1
github.com/modu-ai/moai-adk/internal/cli/wizard/wizard.go:307.21,309.4 1 1
github.com/modu-ai/moai-adk/internal/cli/wizard/wizard.go:310.3,310.22 1 1
github.com/modu-ai/moai-adk/internal/cli/wizard/wizard.go:313.2,313.19 1 1
github.com/modu-ai/moai-adk/internal/cli/wizard/wizard.go:317.48,323.43 3 1
github.com/modu-ai/moai-adk/internal/cli/wizard/wizard.go:323.43,326.3 1 0
github.com/modu-ai/moai-adk/internal/cli/wizard/wizard.go:326.8,326.31 1 1
github.com/modu-ai/moai-adk/internal/cli/wizard/wizard.go:326.31,329.3 1 1
github.com/modu-ai/moai-adk/internal/cli/wizard/wizard.go:329.8,332.3 2 1
github.com/modu-ai/moai-adk/internal/cli/wizard/wizard.go:334.2,334.19 1 1
github.com/modu-ai/moai-adk/internal/cli/wizard/wizard.go:338.54,341.15 3 1
github.com/modu-ai/moai-adk/internal/cli/wizard/wizard.go:342.26,343.26 1 1
github.com/modu-ai/moai-adk/internal/cli/wizard/wizard.go:344.25,345.25 1 1
github.com/modu-ai/moai-adk/internal/cli/wizard/wizard.go:347.2,347.35 1 1
github.com/modu-ai/moai-adk/internal/cli/wizard/wizard.go:351.39,353.2 1 1
github.com/modu-ai/moai-adk/internal/cli/wizard/wizard.go:356.30,358.2 1 1
github.com/modu-ai/moai-adk/internal/cli/wizard/wizard.go:362.71,363.25 1 1
github.com/modu-ai/moai-adk/internal/cli/wizard/wizard.go:363.25,365.3 1 1
github.com/modu-ai/moai-adk/internal/cli/wizard/wizard.go:367.2,371.16 4 0
github.com/modu-ai/moai-adk/internal/cli/wizard/wizard.go:371.16,373.3 1 0
github.com/modu-ai/moai-adk/internal/cli/wizard/wizard.go:375.2,376.33 2 0
github.com/modu-ai/moai-adk/internal/cli/wizard/wizard.go:376.33,378.3 1 0
github.com/modu-ai/moai-adk/internal/cli/wizard/wizard.go:380.2,380.24 1 0
github.com/modu-ai/moai-adk/internal/cli/wizard/wizard.go:384.65,387.2 2 0
github.com/modu-ai/moai-adk/internal/cli/worktree/clean.go:9.35,16.2 1 1
github.com/modu-ai/moai-adk/internal/cli/worktree/clean.go:18.53,21.29 2 1
github.com/modu-ai/moai-adk/internal/cli/worktree/clean.go:21.29,23.3 1 1
github.com/modu-ai/moai-adk/internal/cli/worktree/clean.go:25.2,25.49 1 1
github.com/modu-ai/moai-adk/internal/cli/worktree/clean.go:25.49,27.3 1 1
github.com/modu-ai/moai-adk/internal/cli/worktree/clean.go:29.2,30.12 2 1
github.com/modu-ai/moai-adk/internal/cli/worktree/config.go:9.36,25.2 1 1
github.com/modu-ai/moai-adk/internal/cli/worktree/config.go:27.57,30.29 2 1
github.com/modu-ai/moai-adk/internal/cli/worktree/config.go:30.29,32.3 1 0
github.com/modu-ai/moai-adk/internal/cli/worktree/config.go:34.2,35.19 2 1
github.com/modu-ai/moai-adk/internal/cli/worktree/config.go:35.19,37.3 1 1
github.com/modu-ai/moai-adk/internal/cli/worktree/config.go:39.2,41.13 2 1
github.com/modu-ai/moai-adk/internal/cli/worktree/config.go:42.14,43.55 1 1
github.com/modu-ai/moai-adk/internal/cli/worktree/config.go:44.13,46.48 2 1
github.com/modu-ai/moai-adk/internal/cli/worktree/config.go:47.10,48.74 1 1
github.com/modu-ai/moai-adk/internal/cli/worktree/config.go:51.2,51.12 1 1
github.com/modu-ai/moai-adk/internal/cli/worktree/done.go:9.34,26.2 4 1
github.com/modu-ai/moai-adk/internal/cli/worktree/done.go:28.55,33.16 4 1
github.com/modu-ai/moai-adk/internal/cli/worktree/done.go:33.16,35.3 1 0
github.com/modu-ai/moai-adk/internal/cli/worktree/done.go:37.2,38.16 2 1
github.com/modu-ai/moai-adk/internal/cli/worktree/done.go:38.16,40.3 1 0
github.com/modu-ai/moai-adk/internal/cli/worktree/done.go:42.2,42.29 1 1
github.com/modu-ai/moai-adk/internal/cli/worktree/done.go:42.29,44.3 1 0
github.com/modu-ai/moai-adk/internal/cli/worktree/done.go:47.2,48.16 2 1
github.com/modu-ai/moai-adk/internal/cli/worktree/done.go:48.16,50.3 1 0
github.com/modu-ai/moai-adk/internal/cli/worktree/done.go:52.2,53.31 2 1
github.com/modu-ai/moai-adk/internal/cli/worktree/done.go:53.31,54.30 1 1
github.com/modu-ai/moai-adk/internal/cli/worktree/done.go:54.30,56.9 2 1
github.com/modu-ai/moai-adk/internal/cli/worktree/done.go:60.2,60.22 1 1
github.com/modu-ai/moai-adk/internal/cli/worktree/done.go:60.22,62.3 1 1
github.com/modu-ai/moai-adk/internal/cli/worktree/done.go:64.2,68.67 3 1
github.com/modu-ai/moai-adk/internal/cli/worktree/done.go:68.67,70.3 1 0
github.com/modu-ai/moai-adk/internal/cli/worktree/done.go:71.2,73.18 2 1
github.com/modu-ai/moai-adk/internal/cli/worktree/done.go:73.18,76.3 2 0
github.com/modu-ai/moai-adk/internal/cli/worktree/done.go:78.2,79.12 2 1
github.com/modu-ai/moai-adk/internal/cli/worktree/list.go:9.34,16.2 1 1
github.com/modu-ai/moai-adk/internal/cli/worktree/list.go:18.52,21.29 2 1
github.com/modu-ai/moai-adk/internal/cli/worktree/list.go:21.29,23.3 1 1
github.com/modu-ai/moai-adk/internal/cli/worktree/list.go:25.2,26.16 2 1
github.com/modu-ai/moai-adk/internal/cli/worktree/list.go:26.16,28.3 1 1
github.com/modu-ai/moai-adk/internal/cli/worktree/list.go:30.2,30.25 1 1
github.com/modu-ai/moai-adk/internal/cli/worktree/list.go:30.25,33.3 2 1
github.com/modu-ai/moai-adk/internal/cli/worktree/list.go:35.2,36.31 2 1
github.com/modu-ai/moai-adk/internal/cli/worktree/list.go:36.31,38.3 1 1
github.com/modu-ai/moai-adk/internal/cli/worktree/list.go:39.2,39.12 1 1
github.com/modu-ai/moai-adk/internal/cli/worktree/list.go:42.27,43.11 1 1
github.com/modu-ai/moai-adk/internal/cli/worktree/list.go:43.11,45.3 1 1
github.com/modu-ai/moai-adk/internal/cli/worktree/list.go:46.2,46.10 1 1
github.com/modu-ai/moai-adk/internal/cli/worktree/new.go:10.33,20.2 3 1
github.com/modu-ai/moai-adk/internal/cli/worktree/new.go:22.54,26.29 3 1
github.com/modu-ai/moai-adk/internal/cli/worktree/new.go:26.29,28.3 1 1
github.com/modu-ai/moai-adk/internal/cli/worktree/new.go:30.2,31.32 2 1
github.com/modu-ai/moai-adk/internal/cli/worktree/new.go:31.32,33.3 1 1
github.com/modu-ai/moai-adk/internal/cli/worktree/new.go:35.2,35.65 1 1
github.com/modu-ai/moai-adk/internal/cli/worktree/new.go:35.65,37.3 1 1
github.com/modu-ai/moai-adk/internal/cli/worktree/new.go:39.2,40.12 2 1
github.com/modu-ai/moai-adk/internal/cli/worktree/recover.go:9.37,16.2 1 1
github.com/modu-ai/moai-adk/internal/cli/worktree/recover.go:18.55,21.29 2 1
github.com/modu-ai/moai-adk/internal/cli/worktree/recover.go:21.29,23.3 1 0
github.com/modu-ai/moai-adk/internal/cli/worktree/recover.go:25.2,27.50 2 1
github.com/modu-ai/moai-adk/internal/cli/worktree/recover.go:27.50,29.3 1 1
github.com/modu-ai/moai-adk/internal/cli/worktree/recover.go:32.2,32.49 1 1
github.com/modu-ai/moai-adk/internal/cli/worktree/recover.go:32.49,34.3 1 0
github.com/modu-ai/moai-adk/internal/cli/worktree/recover.go:37.2,38.16 2 1
github.com/modu-ai/moai-adk/internal/cli/worktree/recover.go:38.16,40.3 1 0
github.com/modu-ai/moai-adk/internal/cli/worktree/recover.go:42.2,42.25 1 1
github.com/modu-ai/moai-adk/internal/cli/worktree/recover.go:42.25,44.3 1 0
github.com/modu-ai/moai-adk/internal/cli/worktree/recover.go:44.8,46.32 2 1
github.com/modu-ai/moai-adk/internal/cli/worktree/recover.go:46.32,48.4 1 1
github.com/modu-ai/moai-adk/internal/cli/worktree/recover.go:51.2,51.12 1 1
github.com/modu-ai/moai-adk/internal/cli/worktree/remove.go:9.36,19.2 3 1
github.com/modu-ai/moai-adk/internal/cli/worktree/remove.go:21.57,26.16 4 1
github.com/modu-ai/moai-adk/internal/cli/worktree/remove.go:26.16,28.3 1 0
github.com/modu-ai/moai-adk/internal/cli/worktree/remove.go:30.2,30.29 1 1
github.com/modu-ai/moai-adk/internal/cli/worktree/remove.go:30.29,32.3 1 1
github.com/modu-ai/moai-adk/internal/cli/worktree/remove.go:34.2,34.63 1 1
github.com/modu-ai/moai-adk/internal/cli/worktree/remove.go:34.63,36.3 1 1
github.com/modu-ai/moai-adk/internal/cli/worktree/remove.go:38.2,39.12 2 1
github.com/modu-ai/moai-adk/internal/cli/worktree/root.go:22.13,35.2 1 1
github.com/modu-ai/moai-adk/internal/cli/worktree/status.go:9.36,16.2 1 1
github.com/modu-ai/moai-adk/internal/cli/worktree/status.go:18.54,21.29 2 1
github.com/modu-ai/moai-adk/internal/cli/worktree/status.go:21.29,23.3 1 0
github.com/modu-ai/moai-adk/internal/cli/worktree/status.go:26.2,26.49 1 1
github.com/modu-ai/moai-adk/internal/cli/worktree/status.go:26.49,28.3 1 1
github.com/modu-ai/moai-adk/internal/cli/worktree/status.go:30.2,31.16 2 1
github.com/modu-ai/moai-adk/internal/cli/worktree/status.go:31.16,33.3 1 0
github.com/modu-ai/moai-adk/internal/cli/worktree/status.go:35.2,38.25 3 1
github.com/modu-ai/moai-adk/internal/cli/worktree/status.go:38.25,41.3 2 1
github.com/modu-ai/moai-adk/internal/cli/worktree/status.go:43.2,43.31 1 1
github.com/modu-ai/moai-adk/internal/cli/worktree/status.go:43.31,45.26 2 1
github.com/modu-ai/moai-adk/internal/cli/worktree/status.go:45.26,47.4 1 1
github.com/modu-ai/moai-adk/internal/cli/worktree/status.go:48.3,49.25 2 1
github.com/modu-ai/moai-adk/internal/cli/worktree/status.go:49.25,51.4 1 1
github.com/modu-ai/moai-adk/internal/cli/worktree/status.go:52.3,55.27 4 1
github.com/modu-ai/moai-adk/internal/cli/worktree/status.go:58.2,58.12 1 1
github.com/modu-ai/moai-adk/internal/cli/worktree/switch.go:9.36,17.2 1 1
github.com/modu-ai/moai-adk/internal/cli/worktree/switch.go:19.57,23.29 3 1
github.com/modu-ai/moai-adk/internal/cli/worktree/switch.go:23.29,25.3 1 1
github.com/modu-ai/moai-adk/internal/cli/worktree/switch.go:27.2,28.16 2 1
github.com/modu-ai/moai-adk/internal/cli/worktree/switch.go:28.16,30.3 1 1
github.com/modu-ai/moai-adk/internal/cli/worktree/switch.go:32.2,32.31 1 1
github.com/modu-ai/moai-adk/internal/cli/worktree/switch.go:32.31,33.30 1 1
github.com/modu-ai/moai-adk/internal/cli/worktree/switch.go:33.30,36.4 2 1
github.com/modu-ai/moai-adk/internal/cli/worktree/switch.go:39.2,39.66 1 1
github.com/modu-ai/moai-adk/internal/cli/worktree/sync.go:9.34,17.2 1 1
github.com/modu-ai/moai-adk/internal/cli/worktree/sync.go:19.52,24.29 3 1
github.com/modu-ai/moai-adk/internal/cli/worktree/sync.go:24.29,26.3 1 1
github.com/modu-ai/moai-adk/internal/cli/worktree/sync.go:28.2,30.12 3 1
github.com/modu-ai/moai-adk/internal/cli/banner.go:25.34,40.2 7 1
github.com/modu-ai/moai-adk/internal/cli/banner.go:45.28,59.2 7 1
github.com/modu-ai/moai-adk/internal/cli/cc.go:25.13,27.2 1 1
github.com/modu-ai/moai-adk/internal/cli/cc.go:30.50,35.16 3 1
github.com/modu-ai/moai-adk/internal/cli/cc.go:35.16,37.3 1 0
github.com/modu-ai/moai-adk/internal/cli/cc.go:40.2,41.51 2 1
github.com/modu-ai/moai-adk/internal/cli/cc.go:41.51,43.3 1 0
github.com/modu-ai/moai-adk/internal/cli/cc.go:45.2,48.12 4 1
github.com/modu-ai/moai-adk/internal/cli/cc.go:52.46,55.16 2 1
github.com/modu-ai/moai-adk/internal/cli/cc.go:55.16,56.25 1 1
github.com/modu-ai/moai-adk/internal/cli/cc.go:56.25,59.4 1 1
github.com/modu-ai/moai-adk/internal/cli/cc.go:60.3,60.57 1 0
github.com/modu-ai/moai-adk/internal/cli/cc.go:63.2,64.56 2 1
github.com/modu-ai/moai-adk/internal/cli/cc.go:64.56,66.3 1 0
github.com/modu-ai/moai-adk/internal/cli/cc.go:69.2,69.25 1 1
github.com/modu-ai/moai-adk/internal/cli/cc.go:69.25,77.29 6 1
github.com/modu-ai/moai-adk/internal/cli/cc.go:77.29,79.4 1 1
github.com/modu-ai/moai-adk/internal/cli/cc.go:83.2,84.16 2 1
github.com/modu-ai/moai-adk/internal/cli/cc.go:84.16,86.3 1 0
github.com/modu-ai/moai-adk/internal/cli/cc.go:88.2,88.64 1 1
github.com/modu-ai/moai-adk/internal/cli/cc.go:88.64,90.3 1 0
github.com/modu-ai/moai-adk/internal/cli/cc.go:92.2,92.12 1 1
github.com/modu-ai/moai-adk/internal/cli/deps.go:48.25,76.2 12 1
github.com/modu-ai/moai-adk/internal/cli/deps.go:80.30,82.2 1 1
github.com/modu-ai/moai-adk/internal/cli/deps.go:85.31,87.2 1 1
github.com/modu-ai/moai-adk/internal/cli/deps.go:92.60,93.18 1 1
github.com/modu-ai/moai-adk/internal/cli/deps.go:93.18,95.3 1 1
github.com/modu-ai/moai-adk/internal/cli/deps.go:96.2,97.16 2 1
github.com/modu-ai/moai-adk/internal/cli/deps.go:97.16,99.3 1 1
github.com/modu-ai/moai-adk/internal/cli/deps.go:100.2,103.12 4 0
github.com/modu-ai/moai-adk/internal/cli/deps.go:109.45,110.28 1 1
github.com/modu-ai/moai-adk/internal/cli/deps.go:110.28,112.3 1 1
github.com/modu-ai/moai-adk/internal/cli/deps.go:118.2,123.16 4 1
github.com/modu-ai/moai-adk/internal/cli/deps.go:123.16,125.3 1 0
github.com/modu-ai/moai-adk/internal/cli/deps.go:127.2,127.29 1 1
github.com/modu-ai/moai-adk/internal/cli/deps.go:127.29,141.3 4 0
github.com/modu-ai/moai-adk/internal/cli/deps.go:144.2,145.18 2 1
github.com/modu-ai/moai-adk/internal/cli/deps.go:145.18,146.30 1 1
github.com/modu-ai/moai-adk/internal/cli/deps.go:146.30,149.4 1 1
github.com/modu-ai/moai-adk/internal/cli/deps.go:149.9,152.4 1 0
github.com/modu-ai/moai-adk/internal/cli/deps.go:155.2,160.12 5 1
github.com/modu-ai/moai-adk/internal/cli/deps.go:167.43,168.25 1 1
github.com/modu-ai/moai-adk/internal/cli/deps.go:168.25,170.3 1 1
github.com/modu-ai/moai-adk/internal/cli/deps.go:171.2,171.28 1 1
github.com/modu-ai/moai-adk/internal/cli/deps.go:171.28,173.3 1 1
github.com/modu-ai/moai-adk/internal/cli/deps.go:174.2,175.16 2 1
github.com/modu-ai/moai-adk/internal/cli/deps.go:175.16,177.3 1 0
github.com/modu-ai/moai-adk/internal/cli/deps.go:178.2,178.18 1 1
github.com/modu-ai/moai-adk/internal/cli/deps.go:178.18,180.3 1 1
github.com/modu-ai/moai-adk/internal/cli/deps.go:181.2,182.12 2 1
github.com/modu-ai/moai-adk/internal/cli/doctor.go:43.13,50.2 5 1
github.com/modu-ai/moai-adk/internal/cli/doctor.go:53.54,68.27 11 1
github.com/modu-ai/moai-adk/internal/cli/doctor.go:68.27,71.32 3 1
github.com/modu-ai/moai-adk/internal/cli/doctor.go:71.32,73.4 1 1
github.com/modu-ai/moai-adk/internal/cli/doctor.go:74.3,74.19 1 1
github.com/modu-ai/moai-adk/internal/cli/doctor.go:75.16,76.13 1 1
github.com/modu-ai/moai-adk/internal/cli/doctor.go:77.18,78.15 1 1
github.com/modu-ai/moai-adk/internal/cli/doctor.go:79.18,80.15 1 0
github.com/modu-ai/moai-adk/internal/cli/doctor.go:84.2,87.26 3 1
github.com/modu-ai/moai-adk/internal/cli/doctor.go:87.26,90.28 3 0
github.com/modu-ai/moai-adk/internal/cli/doctor.go:90.28,91.29 1 0
github.com/modu-ai/moai-adk/internal/cli/doctor.go:91.29,93.5 1 0
github.com/modu-ai/moai-adk/internal/cli/doctor.go:97.2,97.22 1 1
github.com/modu-ai/moai-adk/internal/cli/doctor.go:97.22,98.63 1 1
github.com/modu-ai/moai-adk/internal/cli/doctor.go:98.63,100.4 1 0
github.com/modu-ai/moai-adk/internal/cli/doctor.go:101.3,101.72 1 1
github.com/modu-ai/moai-adk/internal/cli/doctor.go:104.2,104.12 1 1
github.com/modu-ai/moai-adk/internal/cli/doctor.go:108.78,123.30 4 1
github.com/modu-ai/moai-adk/internal/cli/doctor.go:123.30,124.49 1 1
github.com/modu-ai/moai-adk/internal/cli/doctor.go:124.49,125.12 1 1
github.com/modu-ai/moai-adk/internal/cli/doctor.go:127.3,127.43 1 1
github.com/modu-ai/moai-adk/internal/cli/doctor.go:129.2,129.16 1 1
github.com/modu-ai/moai-adk/internal/cli/doctor.go:133.51,138.13 5 1
github.com/modu-ai/moai-adk/internal/cli/doctor.go:138.13,140.3 1 1
github.com/modu-ai/moai-adk/internal/cli/doctor.go:141.2,141.14 1 1
github.com/modu-ai/moai-adk/internal/cli/doctor.go:145.45,148.16 3 1
github.com/modu-ai/moai-adk/internal/cli/doctor.go:148.16,152.3 3 0
github.com/modu-ai/moai-adk/internal/cli/doctor.go:154.2,155.16 2 1
github.com/modu-ai/moai-adk/internal/cli/doctor.go:155.16,159.3 3 0
github.com/modu-ai/moai-adk/internal/cli/doctor.go:161.2,163.13 3 1
github.com/modu-ai/moai-adk/internal/cli/doctor.go:163.13,165.3 1 1
github.com/modu-ai/moai-adk/internal/cli/doctor.go:166.2,166.14 1 1
github.com/modu-ai/moai-adk/internal/cli/doctor.go:170.52,174.16 3 1
github.com/modu-ai/moai-adk/internal/cli/doctor.go:174.16,178.3 3 0
github.com/modu-ai/moai-adk/internal/cli/doctor.go:180.2,182.33 3 1
github.com/modu-ai/moai-adk/internal/cli/doctor.go:182.33,186.3 3 1
github.com/modu-ai/moai-adk/internal/cli/doctor.go:188.2,189.54 2 1
github.com/modu-ai/moai-adk/internal/cli/doctor.go:189.54,193.3 3 1
github.com/modu-ai/moai-adk/internal/cli/doctor.go:195.2,197.13 3 1
github.com/modu-ai/moai-adk/internal/cli/doctor.go:197.13,199.3 1 1
github.com/modu-ai/moai-adk/internal/cli/doctor.go:200.2,200.14 1 1
github.com/modu-ai/moai-adk/internal/cli/doctor.go:204.54,208.16 3 1
github.com/modu-ai/moai-adk/internal/cli/doctor.go:208.16,212.3 3 0
github.com/modu-ai/moai-adk/internal/cli/doctor.go:214.2,216.33 3 1
github.com/modu-ai/moai-adk/internal/cli/doctor.go:216.33,220.3 3 1
github.com/modu-ai/moai-adk/internal/cli/doctor.go:222.2,224.13 3 1
github.com/modu-ai/moai-adk/internal/cli/doctor.go:224.13,226.3 1 1
github.com/modu-ai/moai-adk/internal/cli/doctor.go:227.2,227.14 1 1
github.com/modu-ai/moai-adk/internal/cli/doctor.go:231.47,237.2 1 1
github.com/modu-ai/moai-adk/internal/cli/doctor.go:240.39,241.11 1 1
github.com/modu-ai/moai-adk/internal/cli/doctor.go:242.15,243.16 1 1
github.com/modu-ai/moai-adk/internal/cli/doctor.go:244.17,245.18 1 1
github.com/modu-ai/moai-adk/internal/cli/doctor.go:246.17,247.18 1 1
github.com/modu-ai/moai-adk/internal/cli/doctor.go:248.10,249.16 1 1
github.com/modu-ai/moai-adk/internal/cli/doctor.go:254.69,256.16 2 1
github.com/modu-ai/moai-adk/internal/cli/doctor.go:256.16,258.3 1 0
github.com/modu-ai/moai-adk/internal/cli/doctor.go:259.2,259.40 1 1
github.com/modu-ai/moai-adk/internal/cli/glm.go:34.13,36.2 1 1
github.com/modu-ai/moai-adk/internal/cli/glm.go:48.54,52.19 2 1
github.com/modu-ai/moai-adk/internal/cli/glm.go:52.19,54.44 2 0
github.com/modu-ai/moai-adk/internal/cli/glm.go:54.44,56.4 1 0
github.com/modu-ai/moai-adk/internal/cli/glm.go:57.3,57.72 1 0
github.com/modu-ai/moai-adk/internal/cli/glm.go:61.2,62.16 2 1
github.com/modu-ai/moai-adk/internal/cli/glm.go:62.16,64.3 1 0
github.com/modu-ai/moai-adk/internal/cli/glm.go:67.2,68.16 2 1
github.com/modu-ai/moai-adk/internal/cli/glm.go:68.16,70.3 1 0
github.com/modu-ai/moai-adk/internal/cli/glm.go:73.2,74.62 2 1
github.com/modu-ai/moai-adk/internal/cli/glm.go:74.62,76.3 1 0
github.com/modu-ai/moai-adk/internal/cli/glm.go:78.2,81.12 4 1
github.com/modu-ai/moai-adk/internal/cli/glm.go:96.61,98.39 1 1
github.com/modu-ai/moai-adk/internal/cli/glm.go:98.39,100.46 2 1
github.com/modu-ai/moai-adk/internal/cli/glm.go:100.46,114.4 1 0
github.com/modu-ai/moai-adk/internal/cli/glm.go:118.2,130.8 1 1
github.com/modu-ai/moai-adk/internal/cli/glm.go:134.29,136.16 2 1
github.com/modu-ai/moai-adk/internal/cli/glm.go:136.16,138.3 1 0
github.com/modu-ai/moai-adk/internal/cli/glm.go:139.2,139.49 1 1
github.com/modu-ai/moai-adk/internal/cli/glm.go:143.35,145.19 2 1
github.com/modu-ai/moai-adk/internal/cli/glm.go:145.19,147.3 1 0
github.com/modu-ai/moai-adk/internal/cli/glm.go:150.2,150.66 1 1
github.com/modu-ai/moai-adk/internal/cli/glm.go:150.66,152.3 1 0
github.com/modu-ai/moai-adk/internal/cli/glm.go:155.2,159.70 3 1
github.com/modu-ai/moai-adk/internal/cli/glm.go:159.70,161.3 1 0
github.com/modu-ai/moai-adk/internal/cli/glm.go:163.2,163.12 1 1
github.com/modu-ai/moai-adk/internal/cli/glm.go:167.26,169.19 2 1
github.com/modu-ai/moai-adk/internal/cli/glm.go:169.19,171.3 1 0
github.com/modu-ai/moai-adk/internal/cli/glm.go:173.2,174.16 2 1
github.com/modu-ai/moai-adk/internal/cli/glm.go:174.16,176.3 1 0
github.com/modu-ai/moai-adk/internal/cli/glm.go:177.2,177.15 1 1
github.com/modu-ai/moai-adk/internal/cli/glm.go:177.15,177.35 1 1
github.com/modu-ai/moai-adk/internal/cli/glm.go:179.2,180.21 2 1
github.com/modu-ai/moai-adk/internal/cli/glm.go:180.21,182.49 2 1
github.com/modu-ai/moai-adk/internal/cli/glm.go:182.49,183.12 1 1
github.com/modu-ai/moai-adk/internal/cli/glm.go:185.3,185.46 1 1
github.com/modu-ai/moai-adk/internal/cli/glm.go:185.46,188.72 2 1
github.com/modu-ai/moai-adk/internal/cli/glm.go:188.72,190.5 1 1
github.com/modu-ai/moai-adk/internal/cli/glm.go:190.10,190.81 1 0
github.com/modu-ai/moai-adk/internal/cli/glm.go:190.81,192.5 1 0
github.com/modu-ai/moai-adk/internal/cli/glm.go:193.4,193.16 1 1
github.com/modu-ai/moai-adk/internal/cli/glm.go:196.2,196.11 1 0
github.com/modu-ai/moai-adk/internal/cli/glm.go:200.45,205.2 4 1
github.com/modu-ai/moai-adk/internal/cli/glm.go:208.47,213.2 4 1
github.com/modu-ai/moai-adk/internal/cli/glm.go:217.41,219.36 1 1
github.com/modu-ai/moai-adk/internal/cli/glm.go:219.36,221.3 1 1
github.com/modu-ai/moai-adk/internal/cli/glm.go:223.2,223.26 1 0
github.com/modu-ai/moai-adk/internal/cli/glm.go:227.76,230.18 2 1
github.com/modu-ai/moai-adk/internal/cli/glm.go:230.18,232.3 1 0
github.com/modu-ai/moai-adk/internal/cli/glm.go:234.2,237.56 2 1
github.com/modu-ai/moai-adk/internal/cli/glm.go:237.56,238.57 1 1
github.com/modu-ai/moai-adk/internal/cli/glm.go:238.57,240.4 1 0
github.com/modu-ai/moai-adk/internal/cli/glm.go:244.2,244.25 1 1
github.com/modu-ai/moai-adk/internal/cli/glm.go:244.25,246.3 1 1
github.com/modu-ai/moai-adk/internal/cli/glm.go:249.2,256.71 6 1
github.com/modu-ai/moai-adk/internal/cli/glm.go:256.71,258.3 1 0
github.com/modu-ai/moai-adk/internal/cli/glm.go:261.2,262.16 2 1
github.com/modu-ai/moai-adk/internal/cli/glm.go:262.16,264.3 1 0
github.com/modu-ai/moai-adk/internal/cli/glm.go:266.2,266.64 1 1
github.com/modu-ai/moai-adk/internal/cli/glm.go:266.64,268.3 1 0
github.com/modu-ai/moai-adk/internal/cli/glm.go:270.2,270.12 1 1
github.com/modu-ai/moai-adk/internal/cli/glm.go:274.40,276.16 2 1
github.com/modu-ai/moai-adk/internal/cli/glm.go:276.16,278.3 1 0
github.com/modu-ai/moai-adk/internal/cli/glm.go:280.2,280.6 1 1
github.com/modu-ai/moai-adk/internal/cli/glm.go:280.6,281.65 1 1
github.com/modu-ai/moai-adk/internal/cli/glm.go:281.65,283.4 1 1
github.com/modu-ai/moai-adk/internal/cli/glm.go:284.3,285.20 2 1
github.com/modu-ai/moai-adk/internal/cli/glm.go:285.20,287.4 1 1
github.com/modu-ai/moai-adk/internal/cli/glm.go:288.3,288.15 1 1
github.com/modu-ai/moai-adk/internal/cli/hook.go:20.13,37.38 3 1
github.com/modu-ai/moai-adk/internal/cli/hook.go:37.38,42.53 2 1
github.com/modu-ai/moai-adk/internal/cli/hook.go:42.53,44.5 1 1
github.com/modu-ai/moai-adk/internal/cli/hook.go:46.3,46.26 1 1
github.com/modu-ai/moai-adk/internal/cli/hook.go:50.2,54.4 1 1
github.com/modu-ai/moai-adk/internal/cli/hook.go:58.67,59.73 1 1
github.com/modu-ai/moai-adk/internal/cli/hook.go:59.73,61.3 1 1
github.com/modu-ai/moai-adk/internal/cli/hook.go:63.2,64.16 2 1
github.com/modu-ai/moai-adk/internal/cli/hook.go:64.16,66.3 1 1
github.com/modu-ai/moai-adk/internal/cli/hook.go:68.2,72.16 4 1
github.com/modu-ai/moai-adk/internal/cli/hook.go:72.16,74.3 1 1
github.com/modu-ai/moai-adk/internal/cli/hook.go:76.2,76.83 1 1
github.com/modu-ai/moai-adk/internal/cli/hook.go:76.83,78.3 1 1
github.com/modu-ai/moai-adk/internal/cli/hook.go:81.2,81.59 1 1
github.com/modu-ai/moai-adk/internal/cli/hook.go:81.59,83.3 1 0
github.com/modu-ai/moai-adk/internal/cli/hook.go:85.2,85.12 1 1
github.com/modu-ai/moai-adk/internal/cli/hook.go:89.56,96.45 5 1
github.com/modu-ai/moai-adk/internal/cli/hook.go:96.45,99.3 2 1
github.com/modu-ai/moai-adk/internal/cli/hook.go:101.2,103.31 3 1
github.com/modu-ai/moai-adk/internal/cli/hook.go:103.31,107.16 4 1
github.com/modu-ai/moai-adk/internal/cli/hook.go:107.16,109.4 1 1
github.com/modu-ai/moai-adk/internal/cli/hook.go:112.2,112.24 1 1
github.com/modu-ai/moai-adk/internal/cli/hook.go:112.24,114.3 1 1
github.com/modu-ai/moai-adk/internal/cli/hook.go:116.2,116.12 1 1
github.com/modu-ai/moai-adk/internal/cli/init.go:40.13,57.2 15 1
github.com/modu-ai/moai-adk/internal/cli/init.go:60.60,62.16 2 1
github.com/modu-ai/moai-adk/internal/cli/init.go:62.16,64.3 1 1
github.com/modu-ai/moai-adk/internal/cli/init.go:65.2,65.12 1 1
github.com/modu-ai/moai-adk/internal/cli/init.go:69.56,71.16 2 1
github.com/modu-ai/moai-adk/internal/cli/init.go:71.16,73.3 1 1
github.com/modu-ai/moai-adk/internal/cli/init.go:74.2,74.12 1 1
github.com/modu-ai/moai-adk/internal/cli/init.go:78.62,81.16 2 1
github.com/modu-ai/moai-adk/internal/cli/init.go:81.16,84.32 3 1
github.com/modu-ai/moai-adk/internal/cli/init.go:84.32,85.17 1 1
github.com/modu-ai/moai-adk/internal/cli/init.go:85.17,87.10 2 1
github.com/modu-ai/moai-adk/internal/cli/init.go:90.3,90.13 1 1
github.com/modu-ai/moai-adk/internal/cli/init.go:90.13,92.4 1 1
github.com/modu-ai/moai-adk/internal/cli/init.go:96.2,97.19 2 1
github.com/modu-ai/moai-adk/internal/cli/init.go:97.19,100.35 3 1
github.com/modu-ai/moai-adk/internal/cli/init.go:100.35,101.20 1 1
github.com/modu-ai/moai-adk/internal/cli/init.go:101.20,103.10 2 1
github.com/modu-ai/moai-adk/internal/cli/init.go:106.3,106.13 1 1
github.com/modu-ai/moai-adk/internal/cli/init.go:106.13,108.4 1 1
github.com/modu-ai/moai-adk/internal/cli/init.go:112.2,113.20 2 1
github.com/modu-ai/moai-adk/internal/cli/init.go:113.20,116.35 3 0
github.com/modu-ai/moai-adk/internal/cli/init.go:116.35,117.24 1 0
github.com/modu-ai/moai-adk/internal/cli/init.go:117.24,119.10 2 0
github.com/modu-ai/moai-adk/internal/cli/init.go:122.3,122.13 1 0
github.com/modu-ai/moai-adk/internal/cli/init.go:122.13,124.4 1 0
github.com/modu-ai/moai-adk/internal/cli/init.go:127.2,127.12 1 1
github.com/modu-ai/moai-adk/internal/cli/init.go:131.55,140.16 4 1
github.com/modu-ai/moai-adk/internal/cli/init.go:140.16,142.3 1 0
github.com/modu-ai/moai-adk/internal/cli/init.go:144.2,144.20 1 1
github.com/modu-ai/moai-adk/internal/cli/init.go:144.21,147.3 0 1
github.com/modu-ai/moai-adk/internal/cli/init.go:147.8,147.44 1 1
github.com/modu-ai/moai-adk/internal/cli/init.go:147.44,154.53 3 1
github.com/modu-ai/moai-adk/internal/cli/init.go:154.53,156.4 1 0
github.com/modu-ai/moai-adk/internal/cli/init.go:159.3,159.24 1 1
github.com/modu-ai/moai-adk/internal/cli/init.go:159.24,161.4 1 1
github.com/modu-ai/moai-adk/internal/cli/init.go:162.8,165.3 1 1
github.com/modu-ai/moai-adk/internal/cli/init.go:167.2,187.57 3 1
github.com/modu-ai/moai-adk/internal/cli/init.go:187.57,193.17 4 0
github.com/modu-ai/moai-adk/internal/cli/init.go:193.17,194.43 1 0
github.com/modu-ai/moai-adk/internal/cli/init.go:194.43,197.5 2 0
github.com/modu-ai/moai-adk/internal/cli/init.go:198.4,198.47 1 0
github.com/modu-ai/moai-adk/internal/cli/init.go:202.3,202.29 1 0
github.com/modu-ai/moai-adk/internal/cli/init.go:202.29,204.4 1 0
github.com/modu-ai/moai-adk/internal/cli/init.go:205.3,205.26 1 0
github.com/modu-ai/moai-adk/internal/cli/init.go:205.26,207.4 1 0
github.com/modu-ai/moai-adk/internal/cli/init.go:208.3,208.26 1 0
github.com/modu-ai/moai-adk/internal/cli/init.go:208.26,210.4 1 0
github.com/modu-ai/moai-adk/internal/cli/init.go:211.3,211.33 1 0
github.com/modu-ai/moai-adk/internal/cli/init.go:211.33,213.4 1 0
github.com/modu-ai/moai-adk/internal/cli/init.go:214.3,214.25 1 0
github.com/modu-ai/moai-adk/internal/cli/init.go:214.25,216.4 1 0
github.com/modu-ai/moai-adk/internal/cli/init.go:217.3,217.32 1 0
github.com/modu-ai/moai-adk/internal/cli/init.go:217.32,219.4 1 0
github.com/modu-ai/moai-adk/internal/cli/init.go:220.3,220.31 1 0
github.com/modu-ai/moai-adk/internal/cli/init.go:220.31,222.4 1 0
github.com/modu-ai/moai-adk/internal/cli/init.go:223.3,223.33 1 0
github.com/modu-ai/moai-adk/internal/cli/init.go:223.33,225.4 1 0
github.com/modu-ai/moai-adk/internal/cli/init.go:226.3,226.25 1 0
github.com/modu-ai/moai-adk/internal/cli/init.go:226.25,228.4 1 0
github.com/modu-ai/moai-adk/internal/cli/init.go:232.2,240.16 7 1
github.com/modu-ai/moai-adk/internal/cli/init.go:240.16,242.3 1 0
github.com/modu-ai/moai-adk/internal/cli/init.go:245.2,252.16 6 1
github.com/modu-ai/moai-adk/internal/cli/init.go:252.16,254.3 1 1
github.com/modu-ai/moai-adk/internal/cli/init.go:256.2,257.16 2 1
github.com/modu-ai/moai-adk/internal/cli/init.go:257.16,259.3 1 0
github.com/modu-ai/moai-adk/internal/cli/init.go:261.2,265.36 4 1
github.com/modu-ai/moai-adk/internal/cli/init.go:265.36,267.3 1 0
github.com/modu-ai/moai-adk/internal/cli/init.go:269.2,269.12 1 1
github.com/modu-ai/moai-adk/internal/cli/rank.go:18.13,30.2 2 1
github.com/modu-ai/moai-adk/internal/cli/rank.go:32.39,36.55 1 1
github.com/modu-ai/moai-adk/internal/cli/rank.go:36.55,38.48 2 1
github.com/modu-ai/moai-adk/internal/cli/rank.go:38.48,40.5 1 1
github.com/modu-ai/moai-adk/internal/cli/rank.go:43.4,44.18 2 1
github.com/modu-ai/moai-adk/internal/cli/rank.go:44.18,48.5 3 0
github.com/modu-ai/moai-adk/internal/cli/rank.go:52.4,53.22 2 1
github.com/modu-ai/moai-adk/internal/cli/rank.go:53.22,55.5 1 0
github.com/modu-ai/moai-adk/internal/cli/rank.go:56.4,66.18 5 1
github.com/modu-ai/moai-adk/internal/cli/rank.go:66.18,68.5 1 1
github.com/modu-ai/moai-adk/internal/cli/rank.go:71.4,71.57 1 0
github.com/modu-ai/moai-adk/internal/cli/rank.go:71.57,73.5 1 0
github.com/modu-ai/moai-adk/internal/cli/rank.go:75.4,76.14 2 0
github.com/modu-ai/moai-adk/internal/cli/rank.go:81.40,85.52 1 1
github.com/modu-ai/moai-adk/internal/cli/rank.go:85.52,87.19 2 1
github.com/modu-ai/moai-adk/internal/cli/rank.go:87.19,90.5 2 0
github.com/modu-ai/moai-adk/internal/cli/rank.go:93.4,93.44 1 1
github.com/modu-ai/moai-adk/internal/cli/rank.go:93.44,96.5 2 1
github.com/modu-ai/moai-adk/internal/cli/rank.go:98.4,102.18 4 1
github.com/modu-ai/moai-adk/internal/cli/rank.go:102.18,104.5 1 1
github.com/modu-ai/moai-adk/internal/cli/rank.go:106.4,109.14 4 1
github.com/modu-ai/moai-adk/internal/cli/rank.go:114.40,118.52 1 1
github.com/modu-ai/moai-adk/internal/cli/rank.go:118.52,120.48 2 1
github.com/modu-ai/moai-adk/internal/cli/rank.go:120.48,122.5 1 1
github.com/modu-ai/moai-adk/internal/cli/rank.go:124.4,124.54 1 1
github.com/modu-ai/moai-adk/internal/cli/rank.go:124.54,126.5 1 1
github.com/modu-ai/moai-adk/internal/cli/rank.go:128.4,129.14 2 1
github.com/modu-ai/moai-adk/internal/cli/rank.go:134.38,139.55 1 1
github.com/modu-ai/moai-adk/internal/cli/rank.go:139.55,141.19 2 1
github.com/modu-ai/moai-adk/internal/cli/rank.go:141.19,143.5 1 0
github.com/modu-ai/moai-adk/internal/cli/rank.go:146.4,146.44 1 1
github.com/modu-ai/moai-adk/internal/cli/rank.go:146.44,149.5 2 1
github.com/modu-ai/moai-adk/internal/cli/rank.go:151.4,159.18 5 0
github.com/modu-ai/moai-adk/internal/cli/rank.go:159.18,161.5 1 0
github.com/modu-ai/moai-adk/internal/cli/rank.go:163.4,169.14 4 0
github.com/modu-ai/moai-adk/internal/cli/rank.go:174.41,181.55 1 1
github.com/modu-ai/moai-adk/internal/cli/rank.go:181.55,185.18 3 1
github.com/modu-ai/moai-adk/internal/cli/rank.go:185.18,187.5 1 0
github.com/modu-ai/moai-adk/internal/cli/rank.go:189.4,190.52 2 1
github.com/modu-ai/moai-adk/internal/cli/rank.go:190.52,192.5 1 0
github.com/modu-ai/moai-adk/internal/cli/rank.go:194.4,195.14 2 1
github.com/modu-ai/moai-adk/internal/cli/rank.go:200.41,207.55 1 1
github.com/modu-ai/moai-adk/internal/cli/rank.go:207.55,211.18 3 1
github.com/modu-ai/moai-adk/internal/cli/rank.go:211.18,213.5 1 0
github.com/modu-ai/moai-adk/internal/cli/rank.go:215.4,216.52 2 1
github.com/modu-ai/moai-adk/internal/cli/rank.go:216.52,218.5 1 0
github.com/modu-ai/moai-adk/internal/cli/rank.go:220.4,221.14 2 1
github.com/modu-ai/moai-adk/internal/cli/rank.go:226.42,232.55 1 1
github.com/modu-ai/moai-adk/internal/cli/rank.go:232.55,237.4 4 1
github.com/modu-ai/moai-adk/internal/cli/root.go:25.22,28.2 2 1
github.com/modu-ai/moai-adk/internal/cli/root.go:30.13,34.89 2 1
github.com/modu-ai/moai-adk/internal/cli/root.go:34.89,35.18 1 0
github.com/modu-ai/moai-adk/internal/cli/root.go:35.18,37.4 1 0
github.com/modu-ai/moai-adk/internal/cli/root.go:38.3,39.17 2 0
github.com/modu-ai/moai-adk/internal/cli/root.go:39.17,41.4 1 0
github.com/modu-ai/moai-adk/internal/cli/root.go:42.3,42.45 1 0
github.com/modu-ai/moai-adk/internal/cli/root.go:42.45,44.4 1 0
github.com/modu-ai/moai-adk/internal/cli/root.go:45.3,46.13 2 0
github.com/modu-ai/moai-adk/internal/cli/root.go:50.2,53.35 2 1
github.com/modu-ai/moai-adk/internal/cli/status.go:20.13,22.2 1 1
github.com/modu-ai/moai-adk/internal/cli/status.go:25.54,29.16 3 1
github.com/modu-ai/moai-adk/internal/cli/status.go:29.16,31.3 1 0
github.com/modu-ai/moai-adk/internal/cli/status.go:33.2,44.52 9 1
github.com/modu-ai/moai-adk/internal/cli/status.go:44.52,48.3 3 1
github.com/modu-ai/moai-adk/internal/cli/status.go:49.2,65.12 11 1
github.com/modu-ai/moai-adk/internal/cli/status.go:69.32,71.16 2 1
github.com/modu-ai/moai-adk/internal/cli/status.go:71.16,73.3 1 1
github.com/modu-ai/moai-adk/internal/cli/status.go:74.2,75.28 2 1
github.com/modu-ai/moai-adk/internal/cli/status.go:75.28,76.16 1 1
github.com/modu-ai/moai-adk/internal/cli/status.go:76.16,78.4 1 1
github.com/modu-ai/moai-adk/internal/cli/status.go:80.2,80.14 1 1
github.com/modu-ai/moai-adk/internal/cli/status.go:84.38,86.16 2 1
github.com/modu-ai/moai-adk/internal/cli/status.go:86.16,88.3 1 1
github.com/modu-ai/moai-adk/internal/cli/status.go:89.2,90.28 2 1
github.com/modu-ai/moai-adk/internal/cli/status.go:90.28,91.50 1 1
github.com/modu-ai/moai-adk/internal/cli/status.go:91.50,93.4 1 1
github.com/modu-ai/moai-adk/internal/cli/status.go:95.2,95.14 1 1
github.com/modu-ai/moai-adk/internal/cli/statusline.go:23.58,29.16 4 1
github.com/modu-ai/moai-adk/internal/cli/statusline.go:29.16,31.3 1 1
github.com/modu-ai/moai-adk/internal/cli/statusline.go:34.2,50.16 6 1
github.com/modu-ai/moai-adk/internal/cli/statusline.go:50.16,54.3 2 0
github.com/modu-ai/moai-adk/internal/cli/statusline.go:56.2,57.12 2 1
github.com/modu-ai/moai-adk/internal/cli/statusline.go:63.39,65.16 2 1
github.com/modu-ai/moai-adk/internal/cli/statusline.go:65.16,67.3 1 0
github.com/modu-ai/moai-adk/internal/cli/statusline.go:71.2,71.45 1 1
github.com/modu-ai/moai-adk/internal/cli/statusline.go:71.45,73.3 1 0
github.com/modu-ai/moai-adk/internal/cli/statusline.go:76.2,76.25 1 1
github.com/modu-ai/moai-adk/internal/cli/statusline.go:80.36,82.2 1 1
github.com/modu-ai/moai-adk/internal/cli/update.go:37.13,43.2 4 1
github.com/modu-ai/moai-adk/internal/cli/update.go:53.54,72.66 10 1
github.com/modu-ai/moai-adk/internal/cli/update.go:72.66,76.16 4 1
github.com/modu-ai/moai-adk/internal/cli/update.go:76.16,78.4 1 1
github.com/modu-ai/moai-adk/internal/cli/update.go:80.3,81.30 2 0
github.com/modu-ai/moai-adk/internal/cli/update.go:85.2,85.20 1 1
github.com/modu-ai/moai-adk/internal/cli/update.go:85.20,87.24 2 1
github.com/modu-ai/moai-adk/internal/cli/update.go:87.24,89.18 2 1
github.com/modu-ai/moai-adk/internal/cli/update.go:89.18,91.5 1 0
github.com/modu-ai/moai-adk/internal/cli/update.go:92.4,92.61 1 1
github.com/modu-ai/moai-adk/internal/cli/update.go:94.3,94.70 1 1
github.com/modu-ai/moai-adk/internal/cli/update.go:98.2,98.14 1 1
github.com/modu-ai/moai-adk/internal/cli/update.go:98.14,100.3 1 0
github.com/modu-ai/moai-adk/internal/cli/update.go:103.2,103.19 1 1
github.com/modu-ai/moai-adk/internal/cli/update.go:103.19,105.3 1 0
github.com/modu-ai/moai-adk/internal/cli/update.go:108.2,108.17 1 1
github.com/modu-ai/moai-adk/internal/cli/update.go:108.17,109.45 1 1
github.com/modu-ai/moai-adk/internal/cli/update.go:109.45,111.4 1 0
github.com/modu-ai/moai-adk/internal/cli/update.go:114.2,114.46 1 1
github.com/modu-ai/moai-adk/internal/cli/update.go:114.46,115.16 1 1
github.com/modu-ai/moai-adk/internal/cli/update.go:115.16,118.4 2 1
github.com/modu-ai/moai-adk/internal/cli/update.go:119.3,119.83 1 1
github.com/modu-ai/moai-adk/internal/cli/update.go:122.2,125.15 3 1
github.com/modu-ai/moai-adk/internal/cli/update.go:125.15,127.17 2 1
github.com/modu-ai/moai-adk/internal/cli/update.go:127.17,129.4 1 1
github.com/modu-ai/moai-adk/internal/cli/update.go:130.3,131.13 2 1
github.com/modu-ai/moai-adk/internal/cli/update.go:134.2,134.28 1 1
github.com/modu-ai/moai-adk/internal/cli/update.go:134.28,136.3 1 1
github.com/modu-ai/moai-adk/internal/cli/update.go:139.2,140.16 2 1
github.com/modu-ai/moai-adk/internal/cli/update.go:140.16,145.3 3 0
github.com/modu-ai/moai-adk/internal/cli/update.go:148.2,148.20 1 1
github.com/modu-ai/moai-adk/internal/cli/update.go:148.20,152.3 3 0
github.com/modu-ai/moai-adk/internal/cli/update.go:154.2,155.16 2 1
github.com/modu-ai/moai-adk/internal/cli/update.go:155.16,157.3 1 1
github.com/modu-ai/moai-adk/internal/cli/update.go:159.2,167.16 5 1
github.com/modu-ai/moai-adk/internal/cli/update.go:167.16,169.3 1 0
github.com/modu-ai/moai-adk/internal/cli/update.go:170.2,170.15 1 1
github.com/modu-ai/moai-adk/internal/cli/update.go:170.15,171.16 1 1
github.com/modu-ai/moai-adk/internal/cli/update.go:171.16,173.4 1 1
github.com/modu-ai/moai-adk/internal/cli/update.go:177.2,181.16 3 1
github.com/modu-ai/moai-adk/internal/cli/update.go:181.16,185.3 3 0
github.com/modu-ai/moai-adk/internal/cli/update.go:188.2,189.49 2 1
github.com/modu-ai/moai-adk/internal/cli/update.go:189.49,193.3 3 0
github.com/modu-ai/moai-adk/internal/cli/update.go:196.2,202.72 4 1
github.com/modu-ai/moai-adk/internal/cli/update.go:202.72,203.47 1 0
github.com/modu-ai/moai-adk/internal/cli/update.go:203.47,205.4 1 0
github.com/modu-ai/moai-adk/internal/cli/update.go:206.3,206.53 1 0
github.com/modu-ai/moai-adk/internal/cli/update.go:209.2,210.12 2 1
github.com/modu-ai/moai-adk/internal/cli/update.go:219.48,233.52 7 1
github.com/modu-ai/moai-adk/internal/cli/update.go:233.52,236.3 2 0
github.com/modu-ai/moai-adk/internal/cli/update.go:239.2,240.16 2 1
github.com/modu-ai/moai-adk/internal/cli/update.go:240.16,242.3 1 0
github.com/modu-ai/moai-adk/internal/cli/update.go:245.2,246.49 2 1
github.com/modu-ai/moai-adk/internal/cli/update.go:246.49,248.3 1 0
github.com/modu-ai/moai-adk/internal/cli/update.go:251.2,259.16 5 1
github.com/modu-ai/moai-adk/internal/cli/update.go:259.16,262.3 1 1
github.com/modu-ai/moai-adk/internal/cli/update.go:264.2,264.14 1 0
github.com/modu-ai/moai-adk/internal/cli/update.go:264.14,267.3 2 0
github.com/modu-ai/moai-adk/internal/cli/update.go:270.2,271.68 2 0
github.com/modu-ai/moai-adk/internal/cli/update.go:271.68,273.3 1 0
github.com/modu-ai/moai-adk/internal/cli/update.go:275.2,276.12 2 0
github.com/modu-ai/moai-adk/internal/cli/update.go:282.60,287.37 3 1
github.com/modu-ai/moai-adk/internal/cli/update.go:287.37,288.19 1 1
github.com/modu-ai/moai-adk/internal/cli/update.go:288.19,290.4 1 1
github.com/modu-ai/moai-adk/internal/cli/update.go:294.2,294.13 1 1
github.com/modu-ai/moai-adk/internal/cli/update.go:294.13,296.3 1 1
github.com/modu-ai/moai-adk/internal/cli/update.go:299.2,299.17 1 1
github.com/modu-ai/moai-adk/internal/cli/update.go:305.61,309.9 3 1
github.com/modu-ai/moai-adk/internal/cli/update.go:310.27,311.28 1 1
github.com/modu-ai/moai-adk/internal/cli/update.go:312.28,313.26 1 1
github.com/modu-ai/moai-adk/internal/cli/update.go:314.22,315.25 1 1
github.com/modu-ai/moai-adk/internal/cli/update.go:316.39,317.24 1 1
github.com/modu-ai/moai-adk/internal/cli/update.go:318.10,319.25 1 1
github.com/modu-ai/moai-adk/internal/cli/update.go:325.46,326.12 1 1
github.com/modu-ai/moai-adk/internal/cli/update.go:326.12,328.3 1 1
github.com/modu-ai/moai-adk/internal/cli/update.go:329.2,329.19 1 1
github.com/modu-ai/moai-adk/internal/cli/update.go:335.80,337.33 2 1
github.com/modu-ai/moai-adk/internal/cli/update.go:337.33,354.3 7 1
github.com/modu-ai/moai-adk/internal/cli/update.go:355.2,355.14 1 1
github.com/modu-ai/moai-adk/internal/cli/update.go:361.73,363.26 2 1
github.com/modu-ai/moai-adk/internal/cli/update.go:363.26,364.22 1 1
github.com/modu-ai/moai-adk/internal/cli/update.go:365.15,366.14 1 1
github.com/modu-ai/moai-adk/internal/cli/update.go:367.17,368.13 1 1
github.com/modu-ai/moai-adk/internal/cli/update.go:369.14,370.13 1 1
github.com/modu-ai/moai-adk/internal/cli/update.go:374.2,376.18 3 1
github.com/modu-ai/moai-adk/internal/cli/update.go:376.18,379.3 2 1
github.com/modu-ai/moai-adk/internal/cli/update.go:379.8,379.24 1 0
github.com/modu-ai/moai-adk/internal/cli/update.go:379.24,381.3 1 0
github.com/modu-ai/moai-adk/internal/cli/update.go:383.2,384.18 2 1
github.com/modu-ai/moai-adk/internal/cli/update.go:384.18,386.3 1 1
github.com/modu-ai/moai-adk/internal/cli/update.go:388.2,394.3 1 1
github.com/modu-ai/moai-adk/internal/cli/update.go:404.94,408.2 3 1
github.com/modu-ai/moai-adk/internal/cli/update.go:411.50,424.37 9 0
github.com/modu-ai/moai-adk/internal/cli/update.go:424.37,426.3 1 0
github.com/modu-ai/moai-adk/internal/cli/update.go:427.2,436.16 3 0
github.com/modu-ai/moai-adk/internal/cli/update.go:436.16,438.3 1 0
github.com/modu-ai/moai-adk/internal/cli/update.go:440.2,440.20 1 0
github.com/modu-ai/moai-adk/internal/cli/update.go:440.20,442.3 1 0
github.com/modu-ai/moai-adk/internal/cli/update.go:442.8,446.3 3 0
github.com/modu-ai/moai-adk/internal/cli/update.go:448.2,448.12 1 0
github.com/modu-ai/moai-adk/internal/cli/update.go:454.66,459.16 3 1
github.com/modu-ai/moai-adk/internal/cli/update.go:459.16,461.25 1 1
github.com/modu-ai/moai-adk/internal/cli/update.go:461.25,463.4 1 1
github.com/modu-ai/moai-adk/internal/cli/update.go:464.3,464.53 1 0
github.com/modu-ai/moai-adk/internal/cli/update.go:468.2,468.33 1 1
github.com/modu-ai/moai-adk/internal/cli/update.go:468.33,470.3 1 1
github.com/modu-ai/moai-adk/internal/cli/update.go:472.2,473.16 2 1
github.com/modu-ai/moai-adk/internal/cli/update.go:473.16,475.3 1 0
github.com/modu-ai/moai-adk/internal/cli/update.go:478.2,484.54 2 1
github.com/modu-ai/moai-adk/internal/cli/update.go:484.54,486.3 1 1
github.com/modu-ai/moai-adk/internal/cli/update.go:489.2,489.42 1 1
github.com/modu-ai/moai-adk/internal/cli/update.go:489.42,491.3 1 1
github.com/modu-ai/moai-adk/internal/cli/update.go:493.2,493.44 1 1
github.com/modu-ai/moai-adk/internal/cli/version.go:14.51,22.3 3 1
github.com/modu-ai/moai-adk/internal/cli/version.go:25.13,27.2 1 1
