mode: set
github.com/modu-ai/moai-adk-go/internal/hook/security/ast_grep.go:26.41,28.2 1 1
github.com/modu-ai/moai-adk-go/internal/hook/security/ast_grep.go:32.45,34.15 2 1
github.com/modu-ai/moai-adk-go/internal/hook/security/ast_grep.go:34.15,38.3 3 1
github.com/modu-ai/moai-adk-go/internal/hook/security/ast_grep.go:39.2,45.15 4 1
github.com/modu-ai/moai-adk-go/internal/hook/security/ast_grep.go:45.15,47.3 1 0
github.com/modu-ai/moai-adk-go/internal/hook/security/ast_grep.go:49.2,52.20 4 1
github.com/modu-ai/moai-adk-go/internal/hook/security/ast_grep.go:56.46,57.22 1 1
github.com/modu-ai/moai-adk-go/internal/hook/security/ast_grep.go:57.22,59.3 1 1
github.com/modu-ai/moai-adk-go/internal/hook/security/ast_grep.go:61.2,62.21 2 1
github.com/modu-ai/moai-adk-go/internal/hook/security/ast_grep.go:62.21,66.3 3 0
github.com/modu-ai/moai-adk-go/internal/hook/security/ast_grep.go:67.2,73.21 4 1
github.com/modu-ai/moai-adk-go/internal/hook/security/ast_grep.go:73.21,75.3 1 0
github.com/modu-ai/moai-adk-go/internal/hook/security/ast_grep.go:77.2,82.16 5 1
github.com/modu-ai/moai-adk-go/internal/hook/security/ast_grep.go:82.16,84.3 1 0
github.com/modu-ai/moai-adk-go/internal/hook/security/ast_grep.go:86.2,87.18 2 1
github.com/modu-ai/moai-adk-go/internal/hook/security/ast_grep.go:92.109,100.22 3 1
github.com/modu-ai/moai-adk-go/internal/hook/security/ast_grep.go:100.22,102.3 1 1
github.com/modu-ai/moai-adk-go/internal/hook/security/ast_grep.go:105.2,105.22 1 1
github.com/modu-ai/moai-adk-go/internal/hook/security/ast_grep.go:105.22,107.3 1 1
github.com/modu-ai/moai-adk-go/internal/hook/security/ast_grep.go:110.2,110.53 1 1
github.com/modu-ai/moai-adk-go/internal/hook/security/ast_grep.go:110.53,112.3 1 1
github.com/modu-ai/moai-adk-go/internal/hook/security/ast_grep.go:115.2,116.32 2 1
github.com/modu-ai/moai-adk-go/internal/hook/security/ast_grep.go:116.32,118.3 1 0
github.com/modu-ai/moai-adk-go/internal/hook/security/ast_grep.go:121.2,122.22 2 1
github.com/modu-ai/moai-adk-go/internal/hook/security/ast_grep.go:122.22,124.3 1 0
github.com/modu-ai/moai-adk-go/internal/hook/security/ast_grep.go:125.2,135.22 6 1
github.com/modu-ai/moai-adk-go/internal/hook/security/ast_grep.go:135.22,137.3 1 0
github.com/modu-ai/moai-adk-go/internal/hook/security/ast_grep.go:140.2,140.16 1 1
github.com/modu-ai/moai-adk-go/internal/hook/security/ast_grep.go:140.16,144.36 2 1
github.com/modu-ai/moai-adk-go/internal/hook/security/ast_grep.go:144.36,149.4 2 1
github.com/modu-ai/moai-adk-go/internal/hook/security/ast_grep.go:153.2,153.43 1 1
github.com/modu-ai/moai-adk-go/internal/hook/security/ast_grep.go:153.43,155.22 2 0
github.com/modu-ai/moai-adk-go/internal/hook/security/ast_grep.go:155.22,158.4 1 0
github.com/modu-ai/moai-adk-go/internal/hook/security/ast_grep.go:158.9,160.4 1 0
github.com/modu-ai/moai-adk-go/internal/hook/security/ast_grep.go:164.2,166.20 2 1
github.com/modu-ai/moai-adk-go/internal/hook/security/ast_grep.go:171.122,172.25 1 1
github.com/modu-ai/moai-adk-go/internal/hook/security/ast_grep.go:172.25,174.3 1 1
github.com/modu-ai/moai-adk-go/internal/hook/security/ast_grep.go:176.2,181.31 5 1
github.com/modu-ai/moai-adk-go/internal/hook/security/ast_grep.go:181.31,183.33 2 1
github.com/modu-ai/moai-adk-go/internal/hook/security/ast_grep.go:183.33,190.37 5 1
github.com/modu-ai/moai-adk-go/internal/hook/security/ast_grep.go:190.37,192.5 1 0
github.com/modu-ai/moai-adk-go/internal/hook/security/ast_grep.go:193.4,193.21 1 1
github.com/modu-ai/moai-adk-go/internal/hook/security/ast_grep.go:193.21,195.5 1 1
github.com/modu-ai/moai-adk-go/internal/hook/security/ast_grep.go:195.10,198.5 1 0
github.com/modu-ai/moai-adk-go/internal/hook/security/ast_grep.go:202.2,204.21 2 1
github.com/modu-ai/moai-adk-go/internal/hook/security/ast_grep.go:204.21,206.3 1 0
github.com/modu-ai/moai-adk-go/internal/hook/security/ast_grep.go:208.2,208.21 1 1
github.com/modu-ai/moai-adk-go/internal/hook/security/ast_grep.go:213.55,239.59 3 1
github.com/modu-ai/moai-adk-go/internal/hook/security/ast_grep.go:239.59,241.3 1 1
github.com/modu-ai/moai-adk-go/internal/hook/security/ast_grep.go:243.2,244.33 2 1
github.com/modu-ai/moai-adk-go/internal/hook/security/ast_grep.go:244.33,254.22 2 1
github.com/modu-ai/moai-adk-go/internal/hook/security/ast_grep.go:254.22,259.4 4 0
github.com/modu-ai/moai-adk-go/internal/hook/security/ast_grep.go:259.9,264.4 4 1
github.com/modu-ai/moai-adk-go/internal/hook/security/ast_grep.go:266.3,266.33 1 1
github.com/modu-ai/moai-adk-go/internal/hook/security/ast_grep.go:269.2,269.22 1 1
github.com/modu-ai/moai-adk-go/internal/hook/security/ast_grep.go:274.49,282.29 4 1
github.com/modu-ai/moai-adk-go/internal/hook/security/ast_grep.go:282.29,284.24 2 1
github.com/modu-ai/moai-adk-go/internal/hook/security/ast_grep.go:284.24,287.18 2 1
github.com/modu-ai/moai-adk-go/internal/hook/security/ast_grep.go:287.18,288.13 1 0
github.com/modu-ai/moai-adk-go/internal/hook/security/ast_grep.go:290.4,291.18 2 1
github.com/modu-ai/moai-adk-go/internal/hook/security/ast_grep.go:291.18,292.13 1 0
github.com/modu-ai/moai-adk-go/internal/hook/security/ast_grep.go:295.4,302.6 1 1
github.com/modu-ai/moai-adk-go/internal/hook/security/ast_grep.go:306.2,306.17 1 1
github.com/modu-ai/moai-adk-go/internal/hook/security/ast_grep.go:310.39,311.28 1 1
github.com/modu-ai/moai-adk-go/internal/hook/security/ast_grep.go:312.15,313.23 1 1
github.com/modu-ai/moai-adk-go/internal/hook/security/ast_grep.go:314.25,315.25 1 1
github.com/modu-ai/moai-adk-go/internal/hook/security/ast_grep.go:316.14,317.22 1 0
github.com/modu-ai/moai-adk-go/internal/hook/security/ast_grep.go:318.14,319.22 1 0
github.com/modu-ai/moai-adk-go/internal/hook/security/ast_grep.go:320.10,321.22 1 0
github.com/modu-ai/moai-adk-go/internal/hook/security/ast_grep.go:346.52,348.42 2 1
github.com/modu-ai/moai-adk-go/internal/hook/security/ast_grep.go:348.42,349.39 1 1
github.com/modu-ai/moai-adk-go/internal/hook/security/ast_grep.go:349.39,351.4 1 1
github.com/modu-ai/moai-adk-go/internal/hook/security/ast_grep.go:353.2,353.10 1 1
github.com/modu-ai/moai-adk-go/internal/hook/security/ast_grep.go:358.44,361.2 2 1
github.com/modu-ai/moai-adk-go/internal/hook/security/ast_grep.go:364.49,366.2 1 1
github.com/modu-ai/moai-adk-go/internal/hook/security/ast_grep.go:370.50,372.2 1 1
github.com/modu-ai/moai-adk-go/internal/hook/security/reporter.go:12.43,14.2 1 1
github.com/modu-ai/moai-adk-go/internal/hook/security/reporter.go:18.84,19.19 1 1
github.com/modu-ai/moai-adk-go/internal/hook/security/reporter.go:19.19,21.3 1 0
github.com/modu-ai/moai-adk-go/internal/hook/security/reporter.go:24.2,24.21 1 1
github.com/modu-ai/moai-adk-go/internal/hook/security/reporter.go:24.21,25.25 1 1
github.com/modu-ai/moai-adk-go/internal/hook/security/reporter.go:25.25,27.4 1 1
github.com/modu-ai/moai-adk-go/internal/hook/security/reporter.go:28.3,28.63 1 0
github.com/modu-ai/moai-adk-go/internal/hook/security/reporter.go:32.2,32.31 1 1
github.com/modu-ai/moai-adk-go/internal/hook/security/reporter.go:32.31,34.3 1 1
github.com/modu-ai/moai-adk-go/internal/hook/security/reporter.go:37.2,45.40 4 1
github.com/modu-ai/moai-adk-go/internal/hook/security/reporter.go:45.40,47.3 1 1
github.com/modu-ai/moai-adk-go/internal/hook/security/reporter.go:49.2,49.36 1 1
github.com/modu-ai/moai-adk-go/internal/hook/security/reporter.go:49.36,53.3 3 1
github.com/modu-ai/moai-adk-go/internal/hook/security/reporter.go:56.2,56.48 1 1
github.com/modu-ai/moai-adk-go/internal/hook/security/reporter.go:56.48,59.3 2 1
github.com/modu-ai/moai-adk-go/internal/hook/security/reporter.go:61.2,61.46 1 1
github.com/modu-ai/moai-adk-go/internal/hook/security/reporter.go:65.72,66.23 1 1
github.com/modu-ai/moai-adk-go/internal/hook/security/reporter.go:66.23,68.3 1 1
github.com/modu-ai/moai-adk-go/internal/hook/security/reporter.go:70.2,77.33 6 1
github.com/modu-ai/moai-adk-go/internal/hook/security/reporter.go:77.33,78.39 1 1
github.com/modu-ai/moai-adk-go/internal/hook/security/reporter.go:78.39,79.12 1 0
github.com/modu-ai/moai-adk-go/internal/hook/security/reporter.go:81.3,84.56 4 1
github.com/modu-ai/moai-adk-go/internal/hook/security/reporter.go:87.2,87.27 1 1
github.com/modu-ai/moai-adk-go/internal/hook/security/reporter.go:87.27,89.3 1 0
github.com/modu-ai/moai-adk-go/internal/hook/security/reporter.go:92.2,97.40 3 1
github.com/modu-ai/moai-adk-go/internal/hook/security/reporter.go:97.40,99.3 1 0
github.com/modu-ai/moai-adk-go/internal/hook/security/reporter.go:101.2,101.36 1 1
github.com/modu-ai/moai-adk-go/internal/hook/security/reporter.go:101.36,105.3 3 1
github.com/modu-ai/moai-adk-go/internal/hook/security/reporter.go:108.2,108.44 1 1
github.com/modu-ai/moai-adk-go/internal/hook/security/reporter.go:108.44,111.3 2 0
github.com/modu-ai/moai-adk-go/internal/hook/security/reporter.go:113.2,113.46 1 1
github.com/modu-ai/moai-adk-go/internal/hook/security/reporter.go:118.72,119.38 1 1
github.com/modu-ai/moai-adk-go/internal/hook/security/reporter.go:119.38,121.3 1 1
github.com/modu-ai/moai-adk-go/internal/hook/security/reporter.go:122.2,122.30 1 1
github.com/modu-ai/moai-adk-go/internal/hook/security/reporter.go:126.39,129.2 2 1
github.com/modu-ai/moai-adk-go/internal/hook/security/reporter.go:132.47,135.2 2 1
github.com/modu-ai/moai-adk-go/internal/hook/security/reporter.go:138.40,139.11 1 1
github.com/modu-ai/moai-adk-go/internal/hook/security/reporter.go:140.21,141.17 1 1
github.com/modu-ai/moai-adk-go/internal/hook/security/reporter.go:142.23,143.19 1 1
github.com/modu-ai/moai-adk-go/internal/hook/security/reporter.go:144.20,145.16 1 1
github.com/modu-ai/moai-adk-go/internal/hook/security/reporter.go:146.20,147.16 1 0
github.com/modu-ai/moai-adk-go/internal/hook/security/reporter.go:148.10,149.16 1 0
github.com/modu-ai/moai-adk-go/internal/hook/security/rules.go:17.35,21.2 1 1
github.com/modu-ai/moai-adk-go/internal/hook/security/rules.go:31.66,41.35 2 1
github.com/modu-ai/moai-adk-go/internal/hook/security/rules.go:41.35,42.42 1 1
github.com/modu-ai/moai-adk-go/internal/hook/security/rules.go:42.42,44.4 1 1
github.com/modu-ai/moai-adk-go/internal/hook/security/rules.go:47.2,47.11 1 1
github.com/modu-ai/moai-adk-go/internal/hook/security/rules.go:52.71,54.16 2 1
github.com/modu-ai/moai-adk-go/internal/hook/security/rules.go:54.16,56.3 1 1
github.com/modu-ai/moai-adk-go/internal/hook/security/rules.go:58.2,59.54 2 1
github.com/modu-ai/moai-adk-go/internal/hook/security/rules.go:59.54,61.3 1 1
github.com/modu-ai/moai-adk-go/internal/hook/security/rules.go:63.2,66.35 2 1
github.com/modu-ai/moai-adk-go/internal/hook/security/rules.go:66.35,68.3 1 1
github.com/modu-ai/moai-adk-go/internal/hook/security/rules.go:71.2,71.38 1 1
github.com/modu-ai/moai-adk-go/internal/hook/security/rules.go:71.38,73.3 1 1
github.com/modu-ai/moai-adk-go/internal/hook/security/rules.go:75.2,75.19 1 1
github.com/modu-ai/moai-adk-go/internal/hook/security/rules.go:80.51,82.2 1 1
github.com/modu-ai/moai-adk-go/internal/hook/security/rules.go:87.70,89.22 2 1
github.com/modu-ai/moai-adk-go/internal/hook/security/rules.go:89.22,91.3 1 1
github.com/modu-ai/moai-adk-go/internal/hook/security/rules.go:93.2,94.16 2 1
github.com/modu-ai/moai-adk-go/internal/hook/security/rules.go:94.16,97.3 1 0
github.com/modu-ai/moai-adk-go/internal/hook/security/rules.go:99.2,99.21 1 1
github.com/modu-ai/moai-adk-go/internal/hook/security/rules.go:99.21,101.3 1 0
github.com/modu-ai/moai-adk-go/internal/hook/security/rules.go:103.2,103.14 1 1
github.com/modu-ai/moai-adk-go/internal/hook/security/rules.go:124.38,220.2 1 1
github.com/modu-ai/moai-adk-go/internal/hook/security/scanner.go:25.44,29.2 1 1
github.com/modu-ai/moai-adk-go/internal/hook/security/scanner.go:41.44,48.2 1 1
github.com/modu-ai/moai-adk-go/internal/hook/security/scanner.go:51.75,52.19 1 1
github.com/modu-ai/moai-adk-go/internal/hook/security/scanner.go:52.19,54.3 1 0
github.com/modu-ai/moai-adk-go/internal/hook/security/scanner.go:55.2,55.25 1 1
github.com/modu-ai/moai-adk-go/internal/hook/security/scanner.go:55.25,57.3 1 0
github.com/modu-ai/moai-adk-go/internal/hook/security/scanner.go:59.2,64.3 1 1
github.com/modu-ai/moai-adk-go/internal/hook/security/scanner.go:68.46,70.2 1 1
github.com/modu-ai/moai-adk-go/internal/hook/security/scanner.go:74.114,77.32 2 1
github.com/modu-ai/moai-adk-go/internal/hook/security/scanner.go:77.32,79.3 1 1
github.com/modu-ai/moai-adk-go/internal/hook/security/scanner.go:82.2,83.42 2 1
github.com/modu-ai/moai-adk-go/internal/hook/security/scanner.go:83.42,85.3 1 1
github.com/modu-ai/moai-adk-go/internal/hook/security/scanner.go:88.2,89.26 2 1
github.com/modu-ai/moai-adk-go/internal/hook/security/scanner.go:89.26,93.3 3 1
github.com/modu-ai/moai-adk-go/internal/hook/security/scanner.go:96.2,96.54 1 1
github.com/modu-ai/moai-adk-go/internal/hook/security/scanner.go:101.120,102.25 1 1
github.com/modu-ai/moai-adk-go/internal/hook/security/scanner.go:102.25,104.3 1 0
github.com/modu-ai/moai-adk-go/internal/hook/security/scanner.go:107.2,108.42 2 1
github.com/modu-ai/moai-adk-go/internal/hook/security/scanner.go:108.42,110.3 1 1
github.com/modu-ai/moai-adk-go/internal/hook/security/scanner.go:113.2,114.26 2 1
github.com/modu-ai/moai-adk-go/internal/hook/security/scanner.go:114.26,118.3 3 1
github.com/modu-ai/moai-adk-go/internal/hook/security/scanner.go:121.2,125.31 4 1
github.com/modu-ai/moai-adk-go/internal/hook/security/scanner.go:125.31,127.32 2 1
github.com/modu-ai/moai-adk-go/internal/hook/security/scanner.go:127.32,130.4 2 1
github.com/modu-ai/moai-adk-go/internal/hook/security/scanner.go:130.9,133.4 1 1
github.com/modu-ai/moai-adk-go/internal/hook/security/scanner.go:137.2,137.29 1 1
github.com/modu-ai/moai-adk-go/internal/hook/security/scanner.go:137.29,139.17 2 1
github.com/modu-ai/moai-adk-go/internal/hook/security/scanner.go:139.17,141.4 1 0
github.com/modu-ai/moai-adk-go/internal/hook/security/scanner.go:144.3,144.37 1 1
github.com/modu-ai/moai-adk-go/internal/hook/security/scanner.go:144.37,145.53 1 1
github.com/modu-ai/moai-adk-go/internal/hook/security/scanner.go:145.53,147.5 1 1
github.com/modu-ai/moai-adk-go/internal/hook/security/scanner.go:151.2,151.21 1 1
github.com/modu-ai/moai-adk-go/internal/hook/security/scanner.go:155.81,157.2 1 1
github.com/modu-ai/moai-adk-go/internal/hook/security/scanner.go:160.72,162.2 1 0
github.com/modu-ai/moai-adk-go/internal/hook/security/scanner.go:166.64,168.2 1 0
github.com/modu-ai/moai-adk-go/internal/hook/security/scanner.go:172.63,173.27 1 0
github.com/modu-ai/moai-adk-go/internal/hook/security/scanner.go:173.27,175.3 1 0
github.com/modu-ai/moai-adk-go/internal/hook/security/scanner.go:176.2,176.10 1 0
github.com/modu-ai/moai-adk-go/internal/hook/security/types.go:52.70,53.31 1 1
github.com/modu-ai/moai-adk-go/internal/hook/security/types.go:53.31,54.21 1 0
github.com/modu-ai/moai-adk-go/internal/hook/security/types.go:55.22,56.12 1 0
github.com/modu-ai/moai-adk-go/internal/hook/security/types.go:57.24,58.14 1 0
github.com/modu-ai/moai-adk-go/internal/hook/security/types.go:59.35,60.11 1 0
github.com/modu-ai/moai-adk-go/internal/hook/security/types.go:63.2,63.32 1 1
github.com/modu-ai/moai-adk-go/internal/hook/security/types.go:67.39,69.2 1 0
