mode: set
github.com/modu-ai/moai-adk/internal/cli/astedit.go:35.37,58.55 2 1
github.com/modu-ai/moai-adk/internal/cli/astedit.go:58.55,60.21 2 1
github.com/modu-ai/moai-adk/internal/cli/astedit.go:60.21,62.5 1 1
github.com/modu-ai/moai-adk/internal/cli/astedit.go:63.4,63.39 1 1
github.com/modu-ai/moai-adk/internal/cli/astedit.go:67.2,75.12 8 1
github.com/modu-ai/moai-adk/internal/cli/astedit.go:79.77,80.52 1 1
github.com/modu-ai/moai-adk/internal/cli/astedit.go:80.52,82.3 1 1
github.com/modu-ai/moai-adk/internal/cli/astedit.go:88.2,88.25 1 1
github.com/modu-ai/moai-adk/internal/cli/astedit.go:88.25,90.3 1 1
github.com/modu-ai/moai-adk/internal/cli/astedit.go:92.2,96.34 4 1
github.com/modu-ai/moai-adk/internal/cli/astedit.go:96.34,99.3 2 0
github.com/modu-ai/moai-adk/internal/cli/astedit.go:101.2,105.25 2 1
github.com/modu-ai/moai-adk/internal/cli/astedit.go:105.25,107.3 1 1
github.com/modu-ai/moai-adk/internal/cli/astedit.go:107.8,109.3 1 1
github.com/modu-ai/moai-adk/internal/cli/astedit.go:110.2,110.16 1 1
github.com/modu-ai/moai-adk/internal/cli/astedit.go:110.16,112.3 1 0
github.com/modu-ai/moai-adk/internal/cli/astedit.go:114.2,114.48 1 1
github.com/modu-ai/moai-adk/internal/cli/astedit.go:118.54,119.48 1 1
github.com/modu-ai/moai-adk/internal/cli/astedit.go:119.48,121.3 1 1
github.com/modu-ai/moai-adk/internal/cli/astedit.go:122.2,122.48 1 1
github.com/modu-ai/moai-adk/internal/cli/astedit.go:122.48,124.3 1 0
github.com/modu-ai/moai-adk/internal/cli/astedit.go:125.2,125.45 1 1
github.com/modu-ai/moai-adk/internal/cli/astedit.go:125.45,127.3 1 0
github.com/modu-ai/moai-adk/internal/cli/astedit.go:128.2,128.54 1 1
github.com/modu-ai/moai-adk/internal/cli/astedit.go:128.54,130.3 1 0
github.com/modu-ai/moai-adk/internal/cli/astedit.go:131.2,131.12 1 1
github.com/modu-ai/moai-adk/internal/cli/astedit.go:135.140,137.16 2 1
github.com/modu-ai/moai-adk/internal/cli/astedit.go:137.16,139.3 1 0
github.com/modu-ai/moai-adk/internal/cli/astedit.go:140.2,140.20 1 1
github.com/modu-ai/moai-adk/internal/cli/astedit.go:149.158,152.16 3 1
github.com/modu-ai/moai-adk/internal/cli/astedit.go:152.16,154.3 1 0
github.com/modu-ai/moai-adk/internal/cli/astedit.go:156.2,163.29 3 1
github.com/modu-ai/moai-adk/internal/cli/astedit.go:163.29,164.48 1 1
github.com/modu-ai/moai-adk/internal/cli/astedit.go:164.48,165.12 1 1
github.com/modu-ai/moai-adk/internal/cli/astedit.go:175.3,175.25 1 1
github.com/modu-ai/moai-adk/internal/cli/astedit.go:175.25,177.12 2 1
github.com/modu-ai/moai-adk/internal/cli/astedit.go:179.3,179.21 1 1
github.com/modu-ai/moai-adk/internal/cli/astedit.go:179.21,181.12 2 1
github.com/modu-ai/moai-adk/internal/cli/astedit.go:184.3,185.17 2 1
github.com/modu-ai/moai-adk/internal/cli/astedit.go:185.17,187.4 1 0
github.com/modu-ai/moai-adk/internal/cli/astedit.go:189.3,190.17 2 1
github.com/modu-ai/moai-adk/internal/cli/astedit.go:190.17,192.4 1 0
github.com/modu-ai/moai-adk/internal/cli/astedit.go:194.3,196.67 3 1
github.com/modu-ai/moai-adk/internal/cli/astedit.go:199.2,199.28 1 1
github.com/modu-ai/moai-adk/internal/cli/astedit.go:199.28,201.23 2 1
github.com/modu-ai/moai-adk/internal/cli/astedit.go:201.23,203.4 1 1
github.com/modu-ai/moai-adk/internal/cli/astedit.go:204.3,204.35 1 1
github.com/modu-ai/moai-adk/internal/cli/astedit.go:204.35,206.4 1 1
github.com/modu-ai/moai-adk/internal/cli/astedit.go:209.2,209.23 1 1
github.com/modu-ai/moai-adk/internal/cli/astedit.go:213.104,216.28 2 1
github.com/modu-ai/moai-adk/internal/cli/astedit.go:216.28,219.48 3 0
github.com/modu-ai/moai-adk/internal/cli/astedit.go:219.48,221.4 1 0
github.com/modu-ai/moai-adk/internal/cli/astedit.go:222.3,222.13 1 0
github.com/modu-ai/moai-adk/internal/cli/astedit.go:225.2,225.19 1 1
github.com/modu-ai/moai-adk/internal/cli/astedit.go:225.19,228.3 1 1
github.com/modu-ai/moai-adk/internal/cli/astedit.go:228.8,231.3 1 1
github.com/modu-ai/moai-adk/internal/cli/astedit.go:233.2,233.40 1 1
github.com/modu-ai/moai-adk/internal/cli/astedit.go:233.40,235.3 1 1
github.com/modu-ai/moai-adk/internal/cli/astedit.go:237.2,237.12 1 1
github.com/modu-ai/moai-adk/internal/cli/astgrep.go:34.37,55.55 2 1
github.com/modu-ai/moai-adk/internal/cli/astgrep.go:55.55,57.21 2 1
github.com/modu-ai/moai-adk/internal/cli/astgrep.go:57.21,59.5 1 1
github.com/modu-ai/moai-adk/internal/cli/astgrep.go:60.4,60.39 1 1
github.com/modu-ai/moai-adk/internal/cli/astgrep.go:65.2,71.12 6 1
github.com/modu-ai/moai-adk/internal/cli/astgrep.go:83.59,84.21 1 1
github.com/modu-ai/moai-adk/internal/cli/astgrep.go:84.21,86.3 1 1
github.com/modu-ai/moai-adk/internal/cli/astgrep.go:87.2,88.42 2 1
github.com/modu-ai/moai-adk/internal/cli/astgrep.go:88.42,90.3 1 0
github.com/modu-ai/moai-adk/internal/cli/astgrep.go:94.2,94.74 1 1
github.com/modu-ai/moai-adk/internal/cli/astgrep.go:98.77,100.20 2 1
github.com/modu-ai/moai-adk/internal/cli/astgrep.go:100.20,106.3 1 0
github.com/modu-ai/moai-adk/internal/cli/astgrep.go:107.2,114.15 2 1
github.com/modu-ai/moai-adk/internal/cli/astgrep.go:114.15,116.3 1 1
github.com/modu-ai/moai-adk/internal/cli/astgrep.go:118.2,120.16 3 1
github.com/modu-ai/moai-adk/internal/cli/astgrep.go:120.16,122.3 1 0
github.com/modu-ai/moai-adk/internal/cli/astgrep.go:124.2,125.16 2 1
github.com/modu-ai/moai-adk/internal/cli/astgrep.go:125.16,132.52 1 0
github.com/modu-ai/moai-adk/internal/cli/astgrep.go:132.52,139.4 2 0
github.com/modu-ai/moai-adk/internal/cli/astgrep.go:140.3,140.46 1 0
github.com/modu-ai/moai-adk/internal/cli/astgrep.go:144.2,144.22 1 1
github.com/modu-ai/moai-adk/internal/cli/astgrep.go:144.22,146.3 1 0
github.com/modu-ai/moai-adk/internal/cli/astgrep.go:149.2,149.26 1 1
github.com/modu-ai/moai-adk/internal/cli/astgrep.go:149.26,151.3 1 0
github.com/modu-ai/moai-adk/internal/cli/astgrep.go:155.2,155.39 1 1
github.com/modu-ai/moai-adk/internal/cli/astgrep.go:156.14,157.51 1 1
github.com/modu-ai/moai-adk/internal/cli/astgrep.go:157.51,159.4 1 0
github.com/modu-ai/moai-adk/internal/cli/astgrep.go:160.15,161.52 1 1
github.com/modu-ai/moai-adk/internal/cli/astgrep.go:161.52,163.4 1 0
github.com/modu-ai/moai-adk/internal/cli/astgrep.go:164.10,165.28 1 1
github.com/modu-ai/moai-adk/internal/cli/astgrep.go:172.2,172.33 1 1
github.com/modu-ai/moai-adk/internal/cli/astgrep.go:172.33,174.3 1 1
github.com/modu-ai/moai-adk/internal/cli/astgrep.go:176.2,176.12 1 1
github.com/modu-ai/moai-adk/internal/cli/astgrep.go:180.92,183.16 3 1
github.com/modu-ai/moai-adk/internal/cli/astgrep.go:183.16,186.3 2 0
github.com/modu-ai/moai-adk/internal/cli/astgrep.go:188.2,188.21 1 1
github.com/modu-ai/moai-adk/internal/cli/astgrep.go:188.21,191.3 2 0
github.com/modu-ai/moai-adk/internal/cli/astgrep.go:193.2,194.26 2 1
github.com/modu-ai/moai-adk/internal/cli/astgrep.go:194.26,196.17 2 1
github.com/modu-ai/moai-adk/internal/cli/astgrep.go:196.17,198.4 1 0
github.com/modu-ai/moai-adk/internal/cli/astgrep.go:199.3,199.80 1 1
github.com/modu-ai/moai-adk/internal/cli/astgrep.go:199.80,200.12 1 0
github.com/modu-ai/moai-adk/internal/cli/astgrep.go:202.3,202.100 1 1
github.com/modu-ai/moai-adk/internal/cli/astgrep.go:205.2,205.12 1 1
github.com/modu-ai/moai-adk/internal/cli/astgrep.go:209.65,211.24 2 1
github.com/modu-ai/moai-adk/internal/cli/astgrep.go:211.24,214.3 2 1
github.com/modu-ai/moai-adk/internal/cli/astgrep.go:216.2,217.29 2 1
github.com/modu-ai/moai-adk/internal/cli/astgrep.go:217.29,219.19 2 1
github.com/modu-ai/moai-adk/internal/cli/astgrep.go:219.19,221.4 1 1
github.com/modu-ai/moai-adk/internal/cli/astgrep.go:226.71,227.21 1 1
github.com/modu-ai/moai-adk/internal/cli/astgrep.go:227.21,229.3 1 1
github.com/modu-ai/moai-adk/internal/cli/astgrep.go:231.2,233.45 3 1
github.com/modu-ai/moai-adk/internal/cli/astgrep.go:233.45,235.3 1 0
github.com/modu-ai/moai-adk/internal/cli/astgrep.go:237.2,237.12 1 1
github.com/modu-ai/moai-adk/internal/cli/astgrep.go:241.72,246.16 3 1
github.com/modu-ai/moai-adk/internal/cli/astgrep.go:246.16,248.3 1 0
github.com/modu-ai/moai-adk/internal/cli/astgrep.go:250.2,251.12 2 1
github.com/modu-ai/moai-adk/internal/cli/astgrep.go:265.59,270.16 5 1
github.com/modu-ai/moai-adk/internal/cli/astgrep.go:270.16,272.3 1 0
github.com/modu-ai/moai-adk/internal/cli/astgrep.go:273.2,273.25 1 1
github.com/modu-ai/moai-adk/internal/cli/astgrep.go:280.31,281.26 1 1
github.com/modu-ai/moai-adk/internal/cli/astgrep.go:281.26,283.17 2 1
github.com/modu-ai/moai-adk/internal/cli/astgrep.go:283.17,286.4 2 1
github.com/modu-ai/moai-adk/internal/cli/astgrep.go:287.3,288.14 2 1
github.com/modu-ai/moai-adk/internal/cli/astgrep.go:288.14,291.4 2 1
github.com/modu-ai/moai-adk/internal/cli/astgrep.go:292.3,292.22 1 1
github.com/modu-ai/moai-adk/internal/cli/astgrep.go:294.2,294.24 1 1
github.com/modu-ai/moai-adk/internal/cli/astgrep.go:304.78,305.16 1 1
github.com/modu-ai/moai-adk/internal/cli/astgrep.go:305.16,307.3 1 1
github.com/modu-ai/moai-adk/internal/cli/astgrep.go:308.2,310.29 3 1
github.com/modu-ai/moai-adk/internal/cli/astgrep.go:310.29,313.31 2 1
github.com/modu-ai/moai-adk/internal/cli/astgrep.go:313.31,315.4 1 1
github.com/modu-ai/moai-adk/internal/cli/astgrep.go:317.2,317.12 1 1
github.com/modu-ai/moai-adk/internal/cli/astgrep.go:321.89,323.29 2 1
github.com/modu-ai/moai-adk/internal/cli/astgrep.go:323.29,324.39 1 1
github.com/modu-ai/moai-adk/internal/cli/astgrep.go:325.16,326.19 1 1
github.com/modu-ai/moai-adk/internal/cli/astgrep.go:326.19,328.5 1 1
github.com/modu-ai/moai-adk/internal/cli/astgrep.go:329.18,330.36 1 1
github.com/modu-ai/moai-adk/internal/cli/astgrep.go:330.36,332.5 1 1
github.com/modu-ai/moai-adk/internal/cli/astgrep.go:333.11,334.34 1 1
github.com/modu-ai/moai-adk/internal/cli/astgrep.go:337.2,337.17 1 1
github.com/modu-ai/moai-adk/internal/cli/audit_pin.go:30.78,33.57 2 1
github.com/modu-ai/moai-adk/internal/cli/audit_pin.go:33.57,35.3 1 1
github.com/modu-ai/moai-adk/internal/cli/audit_pin.go:37.2,38.16 2 1
github.com/modu-ai/moai-adk/internal/cli/audit_pin.go:38.16,40.3 1 0
github.com/modu-ai/moai-adk/internal/cli/audit_pin.go:42.2,47.55 2 1
github.com/modu-ai/moai-adk/internal/cli/audit_pin.go:47.55,49.3 1 1
github.com/modu-ai/moai-adk/internal/cli/audit_pin.go:51.2,51.36 1 1
github.com/modu-ai/moai-adk/internal/cli/audit_pin.go:58.62,60.16 2 1
github.com/modu-ai/moai-adk/internal/cli/audit_pin.go:60.16,62.3 1 0
github.com/modu-ai/moai-adk/internal/cli/audit_pin.go:63.2,63.14 1 1
github.com/modu-ai/moai-adk/internal/cli/branch_protection.go:38.56,40.2 1 1
github.com/modu-ai/moai-adk/internal/cli/branch_protection.go:47.33,47.59 1 0
github.com/modu-ai/moai-adk/internal/cli/branch_protection.go:50.81,53.2 2 0
github.com/modu-ai/moai-adk/internal/cli/branch_protection.go:56.104,60.2 3 0
github.com/modu-ai/moai-adk/internal/cli/branch_protection.go:64.90,66.16 2 0
github.com/modu-ai/moai-adk/internal/cli/branch_protection.go:66.16,68.3 1 0
github.com/modu-ai/moai-adk/internal/cli/branch_protection.go:69.2,71.57 3 0
github.com/modu-ai/moai-adk/internal/cli/branch_protection.go:71.57,73.3 1 0
github.com/modu-ai/moai-adk/internal/cli/branch_protection.go:74.2,74.32 1 0
github.com/modu-ai/moai-adk/internal/cli/branch_protection.go:100.95,102.9 2 1
github.com/modu-ai/moai-adk/internal/cli/branch_protection.go:102.9,105.3 1 1
github.com/modu-ai/moai-adk/internal/cli/branch_protection.go:107.2,108.16 2 1
github.com/modu-ai/moai-adk/internal/cli/branch_protection.go:108.16,110.3 1 0
github.com/modu-ai/moai-adk/internal/cli/branch_protection.go:112.2,113.47 2 1
github.com/modu-ai/moai-adk/internal/cli/branch_protection.go:113.47,115.3 1 0
github.com/modu-ai/moai-adk/internal/cli/branch_protection.go:116.2,116.26 1 1
github.com/modu-ai/moai-adk/internal/cli/branch_protection.go:121.58,123.16 2 1
github.com/modu-ai/moai-adk/internal/cli/branch_protection.go:123.16,125.3 1 1
github.com/modu-ai/moai-adk/internal/cli/branch_protection.go:126.2,126.12 1 1
github.com/modu-ai/moai-adk/internal/cli/branch_protection.go:132.127,134.45 1 1
github.com/modu-ai/moai-adk/internal/cli/branch_protection.go:134.45,136.23 2 1
github.com/modu-ai/moai-adk/internal/cli/branch_protection.go:136.23,138.4 1 0
github.com/modu-ai/moai-adk/internal/cli/branch_protection.go:139.3,142.4 1 1
github.com/modu-ai/moai-adk/internal/cli/branch_protection.go:146.2,147.16 2 1
github.com/modu-ai/moai-adk/internal/cli/branch_protection.go:147.16,149.3 1 0
github.com/modu-ai/moai-adk/internal/cli/branch_protection.go:154.2,159.16 4 1
github.com/modu-ai/moai-adk/internal/cli/branch_protection.go:159.16,164.3 1 0
github.com/modu-ai/moai-adk/internal/cli/branch_protection.go:166.2,166.12 1 1
github.com/modu-ai/moai-adk/internal/cli/branch_protection.go:170.57,172.33 2 1
github.com/modu-ai/moai-adk/internal/cli/branch_protection.go:172.33,174.3 1 1
github.com/modu-ai/moai-adk/internal/cli/branch_protection.go:175.2,175.13 1 1
github.com/modu-ai/moai-adk/internal/cli/cc.go:110.13,112.2 1 1
github.com/modu-ai/moai-adk/internal/cli/cc.go:115.53,116.27 1 1
github.com/modu-ai/moai-adk/internal/cli/cc.go:116.27,117.37 1 1
github.com/modu-ai/moai-adk/internal/cli/cc.go:117.37,119.4 1 1
github.com/modu-ai/moai-adk/internal/cli/cc.go:120.3,120.18 1 1
github.com/modu-ai/moai-adk/internal/cli/cc.go:120.18,121.9 1 0
github.com/modu-ai/moai-adk/internal/cli/cc.go:129.2,129.53 1 1
github.com/modu-ai/moai-adk/internal/cli/cc.go:129.53,131.3 1 1
github.com/modu-ai/moai-adk/internal/cli/cc.go:133.2,134.16 2 1
github.com/modu-ai/moai-adk/internal/cli/cc.go:134.16,136.3 1 0
github.com/modu-ai/moai-adk/internal/cli/cc.go:146.2,147.16 2 1
github.com/modu-ai/moai-adk/internal/cli/cc.go:147.16,149.3 1 1
github.com/modu-ai/moai-adk/internal/cli/cc.go:150.2,153.67 4 1
github.com/modu-ai/moai-adk/internal/cli/cc.go:154.25,166.28 8 1
github.com/modu-ai/moai-adk/internal/cli/cc.go:166.28,168.4 1 1
github.com/modu-ai/moai-adk/internal/cli/cc.go:169.3,169.26 1 1
github.com/modu-ai/moai-adk/internal/cli/cc.go:170.27,179.28 6 1
github.com/modu-ai/moai-adk/internal/cli/cc.go:179.28,181.4 1 1
github.com/modu-ai/moai-adk/internal/cli/cc.go:182.3,182.26 1 1
github.com/modu-ai/moai-adk/internal/cli/cc.go:184.2,184.27 1 1
github.com/modu-ai/moai-adk/internal/cli/cc.go:184.27,185.64 1 1
github.com/modu-ai/moai-adk/internal/cli/cc.go:186.25,201.29 8 1
github.com/modu-ai/moai-adk/internal/cli/cc.go:201.29,203.5 1 1
github.com/modu-ai/moai-adk/internal/cli/cc.go:204.4,204.27 1 1
github.com/modu-ai/moai-adk/internal/cli/cc.go:205.30,214.29 6 0
github.com/modu-ai/moai-adk/internal/cli/cc.go:214.29,216.5 1 0
github.com/modu-ai/moai-adk/internal/cli/cc.go:217.4,217.27 1 0
github.com/modu-ai/moai-adk/internal/cli/cc.go:225.2,225.60 1 1
github.com/modu-ai/moai-adk/internal/cli/cc.go:225.60,227.3 1 0
github.com/modu-ai/moai-adk/internal/cli/cc.go:228.2,229.59 2 1
github.com/modu-ai/moai-adk/internal/cli/cg.go:55.13,57.2 1 1
github.com/modu-ai/moai-adk/internal/cli/cg.go:60.53,63.27 1 1
github.com/modu-ai/moai-adk/internal/cli/cg.go:63.27,64.37 1 1
github.com/modu-ai/moai-adk/internal/cli/cg.go:64.37,66.4 1 1
github.com/modu-ai/moai-adk/internal/cli/cg.go:67.3,67.18 1 1
github.com/modu-ai/moai-adk/internal/cli/cg.go:67.18,68.9 1 0
github.com/modu-ai/moai-adk/internal/cli/cg.go:78.2,78.48 1 1
github.com/modu-ai/moai-adk/internal/cli/cg.go:78.48,80.3 1 0
github.com/modu-ai/moai-adk/internal/cli/cg.go:84.2,84.47 1 1
github.com/modu-ai/moai-adk/internal/cli/cg.go:84.47,86.3 1 1
github.com/modu-ai/moai-adk/internal/cli/cg.go:90.2,90.53 1 1
github.com/modu-ai/moai-adk/internal/cli/cg.go:90.53,92.3 1 0
github.com/modu-ai/moai-adk/internal/cli/cg.go:94.2,95.16 2 1
github.com/modu-ai/moai-adk/internal/cli/cg.go:95.16,97.3 1 0
github.com/modu-ai/moai-adk/internal/cli/cg.go:99.2,99.60 1 1
github.com/modu-ai/moai-adk/internal/cli/cg.go:99.60,101.3 1 0
github.com/modu-ai/moai-adk/internal/cli/cg.go:102.2,103.63 2 1
github.com/modu-ai/moai-adk/internal/cli/chain.go:40.35,59.2 7 1
github.com/modu-ai/moai-adk/internal/cli/chain.go:64.48,66.16 2 1
github.com/modu-ai/moai-adk/internal/cli/chain.go:66.16,68.3 1 0
github.com/modu-ai/moai-adk/internal/cli/chain.go:69.2,69.53 1 1
github.com/modu-ai/moai-adk/internal/cli/chain.go:69.53,71.3 1 0
github.com/modu-ai/moai-adk/internal/cli/chain.go:72.2,73.34 2 1
github.com/modu-ai/moai-adk/internal/cli/chain.go:77.40,79.2 1 1
github.com/modu-ai/moai-adk/internal/cli/chain.go:92.58,94.16 2 1
github.com/modu-ai/moai-adk/internal/cli/chain.go:94.16,96.3 1 0
github.com/modu-ai/moai-adk/internal/cli/chain.go:97.2,104.60 4 1
github.com/modu-ai/moai-adk/internal/cli/chain.go:121.77,123.32 2 1
github.com/modu-ai/moai-adk/internal/cli/chain.go:123.32,125.3 1 1
github.com/modu-ai/moai-adk/internal/cli/chain.go:126.2,126.62 1 1
github.com/modu-ai/moai-adk/internal/cli/chain.go:126.62,129.3 2 1
github.com/modu-ai/moai-adk/internal/cli/chain.go:130.2,130.98 1 1
github.com/modu-ai/moai-adk/internal/cli/chain.go:130.98,133.3 2 1
github.com/modu-ai/moai-adk/internal/cli/chain.go:134.2,134.18 1 1
github.com/modu-ai/moai-adk/internal/cli/chain.go:140.54,142.16 2 1
github.com/modu-ai/moai-adk/internal/cli/chain.go:142.16,144.3 1 0
github.com/modu-ai/moai-adk/internal/cli/chain.go:145.2,145.62 1 1
github.com/modu-ai/moai-adk/internal/cli/chain.go:145.62,147.3 1 0
github.com/modu-ai/moai-adk/internal/cli/chain.go:148.2,148.55 1 1
github.com/modu-ai/moai-adk/internal/cli/chain.go:148.55,150.3 1 0
github.com/modu-ai/moai-adk/internal/cli/chain.go:151.2,151.39 1 1
github.com/modu-ai/moai-adk/internal/cli/chain.go:151.39,153.3 1 0
github.com/modu-ai/moai-adk/internal/cli/chain.go:154.2,154.12 1 1
github.com/modu-ai/moai-adk/internal/cli/chain.go:158.38,161.2 2 1
github.com/modu-ai/moai-adk/internal/cli/chain.go:165.26,166.61 1 1
github.com/modu-ai/moai-adk/internal/cli/chain.go:166.61,168.3 1 1
github.com/modu-ai/moai-adk/internal/cli/chain.go:169.2,170.16 2 0
github.com/modu-ai/moai-adk/internal/cli/chain.go:170.16,172.3 1 0
github.com/modu-ai/moai-adk/internal/cli/chain.go:173.2,173.12 1 0
github.com/modu-ai/moai-adk/internal/cli/chain.go:179.35,180.15 1 1
github.com/modu-ai/moai-adk/internal/cli/chain.go:180.15,182.3 1 1
github.com/modu-ai/moai-adk/internal/cli/chain.go:185.2,185.70 1 1
github.com/modu-ai/moai-adk/internal/cli/chain.go:185.70,187.3 1 1
github.com/modu-ai/moai-adk/internal/cli/chain.go:189.2,189.62 1 1
github.com/modu-ai/moai-adk/internal/cli/chain.go:189.62,191.65 1 1
github.com/modu-ai/moai-adk/internal/cli/chain.go:191.65,193.4 1 0
github.com/modu-ai/moai-adk/internal/cli/chain.go:195.2,195.14 1 1
github.com/modu-ai/moai-adk/internal/cli/chain.go:200.41,204.55 1 1
github.com/modu-ai/moai-adk/internal/cli/chain.go:204.55,206.4 1 0
github.com/modu-ai/moai-adk/internal/cli/chain.go:210.72,213.22 2 1
github.com/modu-ai/moai-adk/internal/cli/chain.go:213.22,217.3 3 1
github.com/modu-ai/moai-adk/internal/cli/chain.go:219.2,220.16 2 1
github.com/modu-ai/moai-adk/internal/cli/chain.go:220.16,223.3 2 0
github.com/modu-ai/moai-adk/internal/cli/chain.go:225.2,227.16 3 1
github.com/modu-ai/moai-adk/internal/cli/chain.go:227.16,230.3 2 1
github.com/modu-ai/moai-adk/internal/cli/chain.go:232.2,234.29 3 1
github.com/modu-ai/moai-adk/internal/cli/chain.go:234.29,236.3 1 0
github.com/modu-ai/moai-adk/internal/cli/chain.go:237.2,237.23 1 1
github.com/modu-ai/moai-adk/internal/cli/chain.go:237.23,239.3 1 1
github.com/modu-ai/moai-adk/internal/cli/chain.go:240.2,240.26 1 1
github.com/modu-ai/moai-adk/internal/cli/chain.go:240.26,242.3 1 1
github.com/modu-ai/moai-adk/internal/cli/chain.go:243.2,243.39 1 1
github.com/modu-ai/moai-adk/internal/cli/chain.go:243.39,245.3 1 0
github.com/modu-ai/moai-adk/internal/cli/chain.go:246.2,246.29 1 1
github.com/modu-ai/moai-adk/internal/cli/chain.go:246.29,248.3 1 1
github.com/modu-ai/moai-adk/internal/cli/chain.go:249.2,249.26 1 1
github.com/modu-ai/moai-adk/internal/cli/chain.go:249.26,251.3 1 0
github.com/modu-ai/moai-adk/internal/cli/chain.go:252.2,254.12 2 1
github.com/modu-ai/moai-adk/internal/cli/chain.go:259.42,263.55 1 1
github.com/modu-ai/moai-adk/internal/cli/chain.go:263.55,265.4 1 0
github.com/modu-ai/moai-adk/internal/cli/chain.go:269.73,272.16 3 1
github.com/modu-ai/moai-adk/internal/cli/chain.go:272.16,275.3 2 0
github.com/modu-ai/moai-adk/internal/cli/chain.go:277.2,279.16 3 1
github.com/modu-ai/moai-adk/internal/cli/chain.go:279.16,282.3 2 0
github.com/modu-ai/moai-adk/internal/cli/chain.go:284.2,284.32 1 1
github.com/modu-ai/moai-adk/internal/cli/chain.go:284.32,287.3 2 0
github.com/modu-ai/moai-adk/internal/cli/chain.go:289.2,291.23 3 1
github.com/modu-ai/moai-adk/internal/cli/chain.go:291.23,293.3 1 1
github.com/modu-ai/moai-adk/internal/cli/chain.go:295.2,296.38 2 1
github.com/modu-ai/moai-adk/internal/cli/chain.go:296.38,299.24 3 1
github.com/modu-ai/moai-adk/internal/cli/chain.go:299.24,301.4 1 1
github.com/modu-ai/moai-adk/internal/cli/chain.go:302.3,302.15 1 1
github.com/modu-ai/moai-adk/internal/cli/chain.go:302.15,304.28 2 1
github.com/modu-ai/moai-adk/internal/cli/chain.go:304.28,306.5 1 1
github.com/modu-ai/moai-adk/internal/cli/chain.go:307.4,307.22 1 1
github.com/modu-ai/moai-adk/internal/cli/chain.go:307.22,309.5 1 1
github.com/modu-ai/moai-adk/internal/cli/chain.go:310.4,310.25 1 1
github.com/modu-ai/moai-adk/internal/cli/chain.go:310.25,312.5 1 0
github.com/modu-ai/moai-adk/internal/cli/chain.go:313.4,313.25 1 1
github.com/modu-ai/moai-adk/internal/cli/chain.go:313.25,315.5 1 0
github.com/modu-ai/moai-adk/internal/cli/chain.go:316.9,318.4 1 0
github.com/modu-ai/moai-adk/internal/cli/chain.go:319.3,319.8 1 1
github.com/modu-ai/moai-adk/internal/cli/chain.go:322.2,322.12 1 1
github.com/modu-ai/moai-adk/internal/cli/chain.go:327.39,331.55 1 1
github.com/modu-ai/moai-adk/internal/cli/chain.go:331.55,333.4 1 0
github.com/modu-ai/moai-adk/internal/cli/chain.go:337.70,340.16 3 1
github.com/modu-ai/moai-adk/internal/cli/chain.go:340.16,343.3 2 0
github.com/modu-ai/moai-adk/internal/cli/chain.go:345.2,347.16 3 1
github.com/modu-ai/moai-adk/internal/cli/chain.go:347.16,350.3 2 0
github.com/modu-ai/moai-adk/internal/cli/chain.go:352.2,352.29 1 1
github.com/modu-ai/moai-adk/internal/cli/chain.go:352.29,355.3 2 1
github.com/modu-ai/moai-adk/internal/cli/chain.go:357.2,358.26 2 1
github.com/modu-ai/moai-adk/internal/cli/chain.go:358.26,359.36 1 1
github.com/modu-ai/moai-adk/internal/cli/chain.go:359.36,361.28 2 1
github.com/modu-ai/moai-adk/internal/cli/chain.go:361.28,363.5 1 1
github.com/modu-ai/moai-adk/internal/cli/chain.go:364.4,364.29 1 1
github.com/modu-ai/moai-adk/internal/cli/chain.go:364.29,366.5 1 1
github.com/modu-ai/moai-adk/internal/cli/chain.go:367.4,367.28 1 1
github.com/modu-ai/moai-adk/internal/cli/chain.go:367.28,369.5 1 1
github.com/modu-ai/moai-adk/internal/cli/chain.go:370.4,370.14 1 1
github.com/modu-ai/moai-adk/internal/cli/chain.go:374.2,375.12 2 0
github.com/modu-ai/moai-adk/internal/cli/chain.go:390.39,394.55 1 1
github.com/modu-ai/moai-adk/internal/cli/chain.go:394.55,396.4 1 0
github.com/modu-ai/moai-adk/internal/cli/chain.go:400.70,402.16 2 1
github.com/modu-ai/moai-adk/internal/cli/chain.go:402.16,405.3 2 0
github.com/modu-ai/moai-adk/internal/cli/chain.go:407.2,408.21 2 1
github.com/modu-ai/moai-adk/internal/cli/chain.go:408.21,411.3 2 0
github.com/modu-ai/moai-adk/internal/cli/chain.go:414.2,417.26 3 1
github.com/modu-ai/moai-adk/internal/cli/chain.go:417.26,420.17 3 1
github.com/modu-ai/moai-adk/internal/cli/chain.go:420.17,422.4 1 1
github.com/modu-ai/moai-adk/internal/cli/chain.go:423.3,424.19 2 1
github.com/modu-ai/moai-adk/internal/cli/chain.go:424.19,426.4 1 0
github.com/modu-ai/moai-adk/internal/cli/chain.go:427.3,427.106 1 1
github.com/modu-ai/moai-adk/internal/cli/chain.go:430.2,430.12 1 1
github.com/modu-ai/moai-adk/internal/cli/chain.go:435.47,437.16 2 1
github.com/modu-ai/moai-adk/internal/cli/chain.go:437.16,439.3 1 1
github.com/modu-ai/moai-adk/internal/cli/chain.go:440.2,444.16 5 1
github.com/modu-ai/moai-adk/internal/cli/chain.go:444.16,446.3 1 0
github.com/modu-ai/moai-adk/internal/cli/chain.go:447.2,447.16 1 1
github.com/modu-ai/moai-adk/internal/cli/chain.go:451.81,452.21 1 1
github.com/modu-ai/moai-adk/internal/cli/chain.go:452.21,454.3 1 1
github.com/modu-ai/moai-adk/internal/cli/chain.go:455.2,455.28 1 1
github.com/modu-ai/moai-adk/internal/cli/chain.go:455.28,456.31 1 0
github.com/modu-ai/moai-adk/internal/cli/chain.go:456.31,458.33 2 0
github.com/modu-ai/moai-adk/internal/cli/chain.go:458.33,460.5 1 0
github.com/modu-ai/moai-adk/internal/cli/chain.go:461.4,461.26 1 0
github.com/modu-ai/moai-adk/internal/cli/chain.go:464.2,464.24 1 1
github.com/modu-ai/moai-adk/internal/cli/chain.go:470.34,470.61 1 0
github.com/modu-ai/moai-adk/internal/cli/chain.go:474.40,479.55 2 1
github.com/modu-ai/moai-adk/internal/cli/chain.go:479.55,481.4 1 0
github.com/modu-ai/moai-adk/internal/cli/chain.go:483.2,484.12 2 1
github.com/modu-ai/moai-adk/internal/cli/chain.go:487.84,489.16 2 1
github.com/modu-ai/moai-adk/internal/cli/chain.go:489.16,492.3 2 0
github.com/modu-ai/moai-adk/internal/cli/chain.go:494.2,496.16 3 1
github.com/modu-ai/moai-adk/internal/cli/chain.go:496.16,499.3 2 0
github.com/modu-ai/moai-adk/internal/cli/chain.go:501.2,501.31 1 1
github.com/modu-ai/moai-adk/internal/cli/chain.go:501.31,504.3 2 0
github.com/modu-ai/moai-adk/internal/cli/chain.go:506.2,506.12 1 1
github.com/modu-ai/moai-adk/internal/cli/chain.go:506.12,509.3 1 1
github.com/modu-ai/moai-adk/internal/cli/chain.go:509.8,514.32 3 0
github.com/modu-ai/moai-adk/internal/cli/chain.go:514.32,516.4 1 0
github.com/modu-ai/moai-adk/internal/cli/chain.go:519.2,519.44 1 1
github.com/modu-ai/moai-adk/internal/cli/chain.go:519.44,521.3 1 1
github.com/modu-ai/moai-adk/internal/cli/chain.go:523.2,523.12 1 1
github.com/modu-ai/moai-adk/internal/cli/chain.go:527.35,528.19 1 1
github.com/modu-ai/moai-adk/internal/cli/chain.go:528.19,530.3 1 1
github.com/modu-ai/moai-adk/internal/cli/chain.go:531.2,531.40 1 1
github.com/modu-ai/moai-adk/internal/cli/clean.go:19.35,38.55 3 1
github.com/modu-ai/moai-adk/internal/cli/clean.go:38.55,42.12 2 1
github.com/modu-ai/moai-adk/internal/cli/clean.go:42.12,44.5 1 1
github.com/modu-ai/moai-adk/internal/cli/clean.go:45.4,45.29 1 0
github.com/modu-ai/moai-adk/internal/cli/clean.go:49.2,52.12 3 1
github.com/modu-ai/moai-adk/internal/cli/clean.go:69.52,72.16 2 1
github.com/modu-ai/moai-adk/internal/cli/clean.go:72.16,74.3 1 0
github.com/modu-ai/moai-adk/internal/cli/clean.go:79.2,83.16 3 1
github.com/modu-ai/moai-adk/internal/cli/clean.go:83.16,85.3 1 0
github.com/modu-ai/moai-adk/internal/cli/clean.go:87.2,87.24 1 1
github.com/modu-ai/moai-adk/internal/cli/clean.go:87.24,90.3 2 0
github.com/modu-ai/moai-adk/internal/cli/clean.go:93.2,95.16 3 1
github.com/modu-ai/moai-adk/internal/cli/clean.go:95.16,96.25 1 0
github.com/modu-ai/moai-adk/internal/cli/clean.go:96.25,99.4 2 0
github.com/modu-ai/moai-adk/internal/cli/clean.go:100.3,100.46 1 0
github.com/modu-ai/moai-adk/internal/cli/clean.go:103.2,106.32 3 1
github.com/modu-ai/moai-adk/internal/cli/clean.go:106.32,107.21 1 1
github.com/modu-ai/moai-adk/internal/cli/clean.go:107.21,108.12 1 0
github.com/modu-ai/moai-adk/internal/cli/clean.go:110.3,111.17 2 1
github.com/modu-ai/moai-adk/internal/cli/clean.go:111.17,112.12 1 0
github.com/modu-ai/moai-adk/internal/cli/clean.go:114.3,114.36 1 1
github.com/modu-ai/moai-adk/internal/cli/clean.go:114.36,116.4 1 1
github.com/modu-ai/moai-adk/internal/cli/clean.go:119.2,119.24 1 1
github.com/modu-ai/moai-adk/internal/cli/clean.go:119.24,122.3 2 0
github.com/modu-ai/moai-adk/internal/cli/clean.go:125.2,125.32 1 1
github.com/modu-ai/moai-adk/internal/cli/clean.go:125.32,126.12 1 1
github.com/modu-ai/moai-adk/internal/cli/clean.go:126.12,127.45 1 1
github.com/modu-ai/moai-adk/internal/cli/clean.go:127.45,129.5 1 0
github.com/modu-ai/moai-adk/internal/cli/clean.go:129.10,131.5 1 1
github.com/modu-ai/moai-adk/internal/cli/clean.go:132.9,134.4 1 1
github.com/modu-ai/moai-adk/internal/cli/clean.go:137.2,137.12 1 1
github.com/modu-ai/moai-adk/internal/cli/clean.go:137.12,139.3 1 1
github.com/modu-ai/moai-adk/internal/cli/clean.go:141.2,141.12 1 1
github.com/modu-ai/moai-adk/internal/cli/clean.go:145.54,151.16 4 1
github.com/modu-ai/moai-adk/internal/cli/clean.go:151.16,152.25 1 0
github.com/modu-ai/moai-adk/internal/cli/clean.go:152.25,154.4 1 0
github.com/modu-ai/moai-adk/internal/cli/clean.go:155.3,155.51 1 0
github.com/modu-ai/moai-adk/internal/cli/clean.go:158.2,159.55 2 1
github.com/modu-ai/moai-adk/internal/cli/clean.go:159.55,161.3 1 0
github.com/modu-ai/moai-adk/internal/cli/clean.go:163.2,163.41 1 1
github.com/modu-ai/moai-adk/internal/cli/clean_home.go:63.39,65.37 2 1
github.com/modu-ai/moai-adk/internal/cli/clean_home.go:65.37,67.3 1 1
github.com/modu-ai/moai-adk/internal/cli/clean_home.go:68.2,68.50 1 1
github.com/modu-ai/moai-adk/internal/cli/clean_home.go:68.50,69.16 1 1
github.com/modu-ai/moai-adk/internal/cli/clean_home.go:69.16,70.12 1 0
github.com/modu-ai/moai-adk/internal/cli/clean_home.go:72.3,72.54 1 1
github.com/modu-ai/moai-adk/internal/cli/clean_home.go:72.54,74.4 1 1
github.com/modu-ai/moai-adk/internal/cli/clean_home.go:75.3,75.44 1 1
github.com/modu-ai/moai-adk/internal/cli/clean_home.go:75.44,77.4 1 1
github.com/modu-ai/moai-adk/internal/cli/clean_home.go:79.2,79.14 1 1
github.com/modu-ai/moai-adk/internal/cli/clean_home.go:100.43,102.16 2 1
github.com/modu-ai/moai-adk/internal/cli/clean_home.go:102.16,104.3 1 0
github.com/modu-ai/moai-adk/internal/cli/clean_home.go:105.2,106.16 2 1
github.com/modu-ai/moai-adk/internal/cli/clean_home.go:106.16,107.25 1 1
github.com/modu-ai/moai-adk/internal/cli/clean_home.go:107.25,109.4 1 1
github.com/modu-ai/moai-adk/internal/cli/clean_home.go:110.3,110.56 1 0
github.com/modu-ai/moai-adk/internal/cli/clean_home.go:112.2,113.55 2 1
github.com/modu-ai/moai-adk/internal/cli/clean_home.go:113.55,115.3 1 0
github.com/modu-ai/moai-adk/internal/cli/clean_home.go:116.2,116.44 1 1
github.com/modu-ai/moai-adk/internal/cli/clean_home.go:116.44,118.3 1 1
github.com/modu-ai/moai-adk/internal/cli/clean_home.go:119.2,119.46 1 1
github.com/modu-ai/moai-adk/internal/cli/clean_home.go:143.128,145.24 2 1
github.com/modu-ai/moai-adk/internal/cli/clean_home.go:145.24,147.3 1 0
github.com/modu-ai/moai-adk/internal/cli/clean_home.go:148.2,150.48 2 1
github.com/modu-ai/moai-adk/internal/cli/clean_home.go:150.48,152.20 2 1
github.com/modu-ai/moai-adk/internal/cli/clean_home.go:152.20,154.4 1 0
github.com/modu-ai/moai-adk/internal/cli/clean_home.go:155.3,155.27 1 1
github.com/modu-ai/moai-adk/internal/cli/clean_home.go:155.27,157.4 1 0
github.com/modu-ai/moai-adk/internal/cli/clean_home.go:158.3,163.5 1 1
github.com/modu-ai/moai-adk/internal/cli/clean_home.go:167.2,168.58 2 1
github.com/modu-ai/moai-adk/internal/cli/clean_home.go:168.58,169.30 1 1
github.com/modu-ai/moai-adk/internal/cli/clean_home.go:169.30,170.18 1 1
github.com/modu-ai/moai-adk/internal/cli/clean_home.go:170.18,171.13 1 1
github.com/modu-ai/moai-adk/internal/cli/clean_home.go:173.4,175.18 3 1
github.com/modu-ai/moai-adk/internal/cli/clean_home.go:175.18,176.13 1 1
github.com/modu-ai/moai-adk/internal/cli/clean_home.go:178.4,178.30 1 1
github.com/modu-ai/moai-adk/internal/cli/clean_home.go:178.30,180.53 2 1
github.com/modu-ai/moai-adk/internal/cli/clean_home.go:180.53,181.14 1 1
github.com/modu-ai/moai-adk/internal/cli/clean_home.go:183.5,185.18 3 1
github.com/modu-ai/moai-adk/internal/cli/clean_home.go:185.18,187.24 2 0
github.com/modu-ai/moai-adk/internal/cli/clean_home.go:187.24,188.15 1 0
github.com/modu-ai/moai-adk/internal/cli/clean_home.go:190.6,190.21 1 0
github.com/modu-ai/moai-adk/internal/cli/clean_home.go:192.5,192.28 1 1
github.com/modu-ai/moai-adk/internal/cli/clean_home.go:198.2,203.53 4 1
github.com/modu-ai/moai-adk/internal/cli/clean_home.go:203.53,204.29 1 1
github.com/modu-ai/moai-adk/internal/cli/clean_home.go:204.29,205.17 1 1
github.com/modu-ai/moai-adk/internal/cli/clean_home.go:205.17,206.13 1 0
github.com/modu-ai/moai-adk/internal/cli/clean_home.go:208.4,209.52 2 1
github.com/modu-ai/moai-adk/internal/cli/clean_home.go:209.52,210.13 1 1
github.com/modu-ai/moai-adk/internal/cli/clean_home.go:212.4,212.62 1 1
github.com/modu-ai/moai-adk/internal/cli/clean_home.go:217.2,218.56 2 1
github.com/modu-ai/moai-adk/internal/cli/clean_home.go:218.56,219.29 1 1
github.com/modu-ai/moai-adk/internal/cli/clean_home.go:219.29,220.62 1 1
github.com/modu-ai/moai-adk/internal/cli/clean_home.go:220.62,221.13 1 1
github.com/modu-ai/moai-adk/internal/cli/clean_home.go:223.4,224.52 2 1
github.com/modu-ai/moai-adk/internal/cli/clean_home.go:224.52,225.13 1 1
github.com/modu-ai/moai-adk/internal/cli/clean_home.go:227.4,228.43 2 1
github.com/modu-ai/moai-adk/internal/cli/clean_home.go:228.43,229.13 1 1
github.com/modu-ai/moai-adk/internal/cli/clean_home.go:231.4,232.22 2 1
github.com/modu-ai/moai-adk/internal/cli/clean_home.go:232.22,233.13 1 0
github.com/modu-ai/moai-adk/internal/cli/clean_home.go:235.4,235.29 1 1
github.com/modu-ai/moai-adk/internal/cli/clean_home.go:239.2,239.19 1 1
github.com/modu-ai/moai-adk/internal/cli/clean_home.go:246.115,248.16 2 1
github.com/modu-ai/moai-adk/internal/cli/clean_home.go:248.16,250.3 1 1
github.com/modu-ai/moai-adk/internal/cli/clean_home.go:251.2,259.28 5 1
github.com/modu-ai/moai-adk/internal/cli/clean_home.go:259.28,260.16 1 1
github.com/modu-ai/moai-adk/internal/cli/clean_home.go:260.16,261.12 1 0
github.com/modu-ai/moai-adk/internal/cli/clean_home.go:263.3,264.78 2 1
github.com/modu-ai/moai-adk/internal/cli/clean_home.go:264.78,265.12 1 1
github.com/modu-ai/moai-adk/internal/cli/clean_home.go:267.3,268.17 2 1
github.com/modu-ai/moai-adk/internal/cli/clean_home.go:268.17,269.12 1 0
github.com/modu-ai/moai-adk/internal/cli/clean_home.go:272.3,272.45 1 1
github.com/modu-ai/moai-adk/internal/cli/clean_home.go:272.45,274.12 2 1
github.com/modu-ai/moai-adk/internal/cli/clean_home.go:276.3,276.85 1 1
github.com/modu-ai/moai-adk/internal/cli/clean_home.go:278.2,278.39 1 1
github.com/modu-ai/moai-adk/internal/cli/clean_home.go:278.39,278.84 1 1
github.com/modu-ai/moai-adk/internal/cli/clean_home.go:279.2,280.16 2 1
github.com/modu-ai/moai-adk/internal/cli/clean_home.go:280.16,282.3 1 1
github.com/modu-ai/moai-adk/internal/cli/clean_home.go:283.2,286.45 3 1
github.com/modu-ai/moai-adk/internal/cli/clean_home.go:286.45,289.44 3 1
github.com/modu-ai/moai-adk/internal/cli/clean_home.go:289.44,291.4 1 0
github.com/modu-ai/moai-adk/internal/cli/clean_home.go:292.3,297.5 1 1
github.com/modu-ai/moai-adk/internal/cli/clean_home.go:299.2,299.26 1 1
github.com/modu-ai/moai-adk/internal/cli/clean_home.go:299.26,301.102 2 1
github.com/modu-ai/moai-adk/internal/cli/clean_home.go:301.102,303.4 1 1
github.com/modu-ai/moai-adk/internal/cli/clean_home.go:305.2,305.19 1 1
github.com/modu-ai/moai-adk/internal/cli/clean_home.go:313.54,315.75 2 1
github.com/modu-ai/moai-adk/internal/cli/clean_home.go:315.75,316.17 1 1
github.com/modu-ai/moai-adk/internal/cli/clean_home.go:316.17,319.4 2 0
github.com/modu-ai/moai-adk/internal/cli/clean_home.go:320.3,321.44 2 1
github.com/modu-ai/moai-adk/internal/cli/clean_home.go:321.44,324.4 2 1
github.com/modu-ai/moai-adk/internal/cli/clean_home.go:325.3,325.13 1 1
github.com/modu-ai/moai-adk/internal/cli/clean_home.go:327.2,327.14 1 1
github.com/modu-ai/moai-adk/internal/cli/clean_home.go:332.56,334.16 2 1
github.com/modu-ai/moai-adk/internal/cli/clean_home.go:334.16,336.3 1 0
github.com/modu-ai/moai-adk/internal/cli/clean_home.go:337.2,337.35 1 1
github.com/modu-ai/moai-adk/internal/cli/clean_home.go:342.52,345.79 3 1
github.com/modu-ai/moai-adk/internal/cli/clean_home.go:345.79,346.17 1 1
github.com/modu-ai/moai-adk/internal/cli/clean_home.go:346.17,348.4 1 0
github.com/modu-ai/moai-adk/internal/cli/clean_home.go:349.3,349.27 1 1
github.com/modu-ai/moai-adk/internal/cli/clean_home.go:349.27,350.49 1 1
github.com/modu-ai/moai-adk/internal/cli/clean_home.go:350.49,353.5 2 1
github.com/modu-ai/moai-adk/internal/cli/clean_home.go:355.3,355.13 1 1
github.com/modu-ai/moai-adk/internal/cli/clean_home.go:357.2,357.26 1 1
github.com/modu-ai/moai-adk/internal/cli/clean_home.go:368.56,370.16 2 1
github.com/modu-ai/moai-adk/internal/cli/clean_home.go:370.16,372.3 1 0
github.com/modu-ai/moai-adk/internal/cli/clean_home.go:373.2,373.49 1 1
github.com/modu-ai/moai-adk/internal/cli/clean_home.go:373.49,376.3 2 1
github.com/modu-ai/moai-adk/internal/cli/clean_home.go:377.2,378.16 2 1
github.com/modu-ai/moai-adk/internal/cli/clean_home.go:378.16,380.3 1 0
github.com/modu-ai/moai-adk/internal/cli/clean_home.go:381.2,381.20 1 1
github.com/modu-ai/moai-adk/internal/cli/clean_home.go:381.20,384.3 2 1
github.com/modu-ai/moai-adk/internal/cli/clean_home.go:385.2,386.26 2 1
github.com/modu-ai/moai-adk/internal/cli/clean_home.go:386.26,389.3 2 0
github.com/modu-ai/moai-adk/internal/cli/clean_home.go:390.2,391.31 2 1
github.com/modu-ai/moai-adk/internal/cli/clean_home.go:391.31,393.12 2 1
github.com/modu-ai/moai-adk/internal/cli/clean_home.go:393.12,394.50 1 1
github.com/modu-ai/moai-adk/internal/cli/clean_home.go:394.50,396.5 1 0
github.com/modu-ai/moai-adk/internal/cli/clean_home.go:396.10,398.5 1 1
github.com/modu-ai/moai-adk/internal/cli/clean_home.go:399.9,401.4 1 1
github.com/modu-ai/moai-adk/internal/cli/clean_home.go:403.2,403.11 1 1
github.com/modu-ai/moai-adk/internal/cli/clean_home.go:403.11,405.3 1 1
github.com/modu-ai/moai-adk/internal/cli/clean_home.go:405.8,407.3 1 1
github.com/modu-ai/moai-adk/internal/cli/clean_home.go:408.2,408.12 1 1
github.com/modu-ai/moai-adk/internal/cli/codex_contract.go:56.49,58.2 1 1
github.com/modu-ai/moai-adk/internal/cli/codex_contract.go:78.46,80.2 1 1
github.com/modu-ai/moai-adk/internal/cli/codex_contract.go:94.71,96.16 2 1
github.com/modu-ai/moai-adk/internal/cli/codex_contract.go:96.16,98.3 1 0
github.com/modu-ai/moai-adk/internal/cli/codex_contract.go:99.2,99.83 1 1
github.com/modu-ai/moai-adk/internal/cli/codex_contract.go:99.83,101.3 1 1
github.com/modu-ai/moai-adk/internal/cli/codex_contract.go:103.2,106.29 4 1
github.com/modu-ai/moai-adk/internal/cli/codex_contract.go:106.29,107.15 1 1
github.com/modu-ai/moai-adk/internal/cli/codex_contract.go:108.16,109.12 1 0
github.com/modu-ai/moai-adk/internal/cli/codex_contract.go:110.13,112.12 2 1
github.com/modu-ai/moai-adk/internal/cli/codex_contract.go:114.3,116.18 3 1
github.com/modu-ai/moai-adk/internal/cli/codex_contract.go:116.18,117.27 1 1
github.com/modu-ai/moai-adk/internal/cli/codex_contract.go:117.27,119.10 2 1
github.com/modu-ai/moai-adk/internal/cli/codex_contract.go:121.4,121.97 1 0
github.com/modu-ai/moai-adk/internal/cli/codex_contract.go:123.3,124.10 2 1
github.com/modu-ai/moai-adk/internal/cli/codex_contract.go:125.43,126.115 1 1
github.com/modu-ai/moai-adk/internal/cli/codex_contract.go:127.40,128.150 1 1
github.com/modu-ai/moai-adk/internal/cli/codex_contract.go:130.3,131.16 2 1
github.com/modu-ai/moai-adk/internal/cli/codex_contract.go:137.2,138.132 2 1
github.com/modu-ai/moai-adk/internal/cli/codex_contract.go:138.132,140.3 1 1
github.com/modu-ai/moai-adk/internal/cli/codex_contract.go:141.2,141.20 1 1
github.com/modu-ai/moai-adk/internal/cli/codex_contract.go:146.42,147.9 1 1
github.com/modu-ai/moai-adk/internal/cli/codex_contract.go:148.17,149.21 1 1
github.com/modu-ai/moai-adk/internal/cli/codex_contract.go:150.29,151.19 1 1
github.com/modu-ai/moai-adk/internal/cli/codex_contract.go:152.31,153.22 1 1
github.com/modu-ai/moai-adk/internal/cli/codex_contract.go:154.28,155.18 1 1
github.com/modu-ai/moai-adk/internal/cli/codex_contract.go:156.56,157.28 1 1
github.com/modu-ai/moai-adk/internal/cli/codex_contract.go:158.28,159.18 1 1
github.com/modu-ai/moai-adk/internal/cli/codex_contract.go:160.31,161.21 1 1
github.com/modu-ai/moai-adk/internal/cli/codex_contract.go:162.10,163.20 1 0
github.com/modu-ai/moai-adk/internal/cli/codex_contract.go:173.71,177.59 4 1
github.com/modu-ai/moai-adk/internal/cli/codex_contract.go:177.59,178.69 1 1
github.com/modu-ai/moai-adk/internal/cli/codex_contract.go:178.69,180.12 2 1
github.com/modu-ai/moai-adk/internal/cli/codex_contract.go:182.3,182.14 1 1
github.com/modu-ai/moai-adk/internal/cli/codex_contract.go:182.14,183.12 1 1
github.com/modu-ai/moai-adk/internal/cli/codex_contract.go:185.3,186.16 2 1
github.com/modu-ai/moai-adk/internal/cli/codex_contract.go:186.16,187.40 1 0
github.com/modu-ai/moai-adk/internal/cli/codex_contract.go:187.40,189.5 1 0
github.com/modu-ai/moai-adk/internal/cli/codex_contract.go:190.4,190.12 1 0
github.com/modu-ai/moai-adk/internal/cli/codex_contract.go:192.3,192.54 1 1
github.com/modu-ai/moai-adk/internal/cli/codex_contract.go:192.54,194.12 2 0
github.com/modu-ai/moai-adk/internal/cli/codex_contract.go:196.3,196.34 1 1
github.com/modu-ai/moai-adk/internal/cli/codex_contract.go:196.34,197.12 1 1
github.com/modu-ai/moai-adk/internal/cli/codex_contract.go:199.3,199.82 1 1
github.com/modu-ai/moai-adk/internal/cli/codex_contract.go:199.82,201.4 1 1
github.com/modu-ai/moai-adk/internal/cli/codex_contract.go:203.2,203.14 1 1
github.com/modu-ai/moai-adk/internal/cli/codex_contract.go:210.58,212.45 2 1
github.com/modu-ai/moai-adk/internal/cli/codex_contract.go:212.45,214.3 1 0
github.com/modu-ai/moai-adk/internal/cli/codex_contract.go:215.2,215.42 1 1
github.com/modu-ai/moai-adk/internal/cli/codex_contract.go:224.69,227.20 3 1
github.com/modu-ai/moai-adk/internal/cli/codex_contract.go:227.20,229.3 1 0
github.com/modu-ai/moai-adk/internal/cli/codex_contract.go:232.2,233.27 2 1
github.com/modu-ai/moai-adk/internal/cli/codex_contract.go:233.27,235.18 2 1
github.com/modu-ai/moai-adk/internal/cli/codex_contract.go:235.18,237.4 1 1
github.com/modu-ai/moai-adk/internal/cli/codex_contract.go:238.3,238.17 1 1
github.com/modu-ai/moai-adk/internal/cli/codex_contract.go:242.2,251.53 6 1
github.com/modu-ai/moai-adk/internal/cli/codex_contract.go:251.53,253.3 1 0
github.com/modu-ai/moai-adk/internal/cli/codex_contract.go:254.2,254.9 1 1
github.com/modu-ai/moai-adk/internal/cli/codex_contract.go:255.21,257.18 2 1
github.com/modu-ai/moai-adk/internal/cli/codex_contract.go:257.18,259.4 1 1
github.com/modu-ai/moai-adk/internal/cli/codex_contract.go:260.3,260.80 1 1
github.com/modu-ai/moai-adk/internal/cli/codex_contract.go:261.92,262.121 1 1
github.com/modu-ai/moai-adk/internal/cli/codex_contract.go:265.2,267.53 3 1
github.com/modu-ai/moai-adk/internal/cli/codex_contract.go:267.53,269.3 1 0
github.com/modu-ai/moai-adk/internal/cli/codex_contract.go:270.2,270.9 1 1
github.com/modu-ai/moai-adk/internal/cli/codex_contract.go:271.21,272.98 1 1
github.com/modu-ai/moai-adk/internal/cli/codex_contract.go:273.78,274.122 1 1
github.com/modu-ai/moai-adk/internal/cli/codex_contract.go:279.2,285.15 3 1
github.com/modu-ai/moai-adk/internal/cli/codex_contract.go:285.15,289.28 1 1
github.com/modu-ai/moai-adk/internal/cli/codex_contract.go:289.28,290.19 1 1
github.com/modu-ai/moai-adk/internal/cli/codex_contract.go:290.19,291.13 1 1
github.com/modu-ai/moai-adk/internal/cli/codex_contract.go:293.4,293.78 1 0
github.com/modu-ai/moai-adk/internal/cli/codex_contract.go:293.78,295.5 1 0
github.com/modu-ai/moai-adk/internal/cli/codex_contract.go:298.2,298.26 1 1
github.com/modu-ai/moai-adk/internal/cli/codex_contract.go:298.26,301.18 3 1
github.com/modu-ai/moai-adk/internal/cli/codex_contract.go:301.18,303.4 1 1
github.com/modu-ai/moai-adk/internal/cli/codex_contract.go:304.3,304.51 1 1
github.com/modu-ai/moai-adk/internal/cli/codex_contract.go:304.51,307.4 2 0
github.com/modu-ai/moai-adk/internal/cli/codex_contract.go:308.3,308.46 1 1
github.com/modu-ai/moai-adk/internal/cli/codex_contract.go:308.46,311.4 2 0
github.com/modu-ai/moai-adk/internal/cli/codex_contract.go:312.3,312.41 1 1
github.com/modu-ai/moai-adk/internal/cli/codex_contract.go:312.41,314.4 1 0
github.com/modu-ai/moai-adk/internal/cli/codex_contract.go:315.3,319.5 1 1
github.com/modu-ai/moai-adk/internal/cli/codex_contract.go:323.2,323.24 1 1
github.com/modu-ai/moai-adk/internal/cli/codex_contract.go:323.24,324.74 1 1
github.com/modu-ai/moai-adk/internal/cli/codex_contract.go:324.74,327.4 2 0
github.com/modu-ai/moai-adk/internal/cli/codex_contract.go:328.3,328.21 1 1
github.com/modu-ai/moai-adk/internal/cli/codex_contract.go:330.2,330.21 1 1
github.com/modu-ai/moai-adk/internal/cli/codex_contract.go:330.21,332.3 1 1
github.com/modu-ai/moai-adk/internal/cli/codex_contract.go:333.2,333.12 1 1
github.com/modu-ai/moai-adk/internal/cli/codex_init.go:52.63,53.14 1 1
github.com/modu-ai/moai-adk/internal/cli/codex_init.go:53.14,55.3 1 1
github.com/modu-ai/moai-adk/internal/cli/codex_init.go:56.2,56.59 1 1
github.com/modu-ai/moai-adk/internal/cli/codex_init.go:56.59,58.3 1 0
github.com/modu-ai/moai-adk/internal/cli/codex_init.go:69.69,71.3 1 0
github.com/modu-ai/moai-adk/internal/cli/codex_init.go:116.39,119.2 2 1
github.com/modu-ai/moai-adk/internal/cli/codex_init.go:124.86,130.2 4 1
github.com/modu-ai/moai-adk/internal/cli/codex_init.go:135.65,136.79 1 1
github.com/modu-ai/moai-adk/internal/cli/codex_init.go:136.79,138.3 1 0
github.com/modu-ai/moai-adk/internal/cli/codex_init.go:139.2,139.12 1 1
github.com/modu-ai/moai-adk/internal/cli/codex_init.go:144.57,146.2 1 1
github.com/modu-ai/moai-adk/internal/cli/codex_init.go:152.71,154.43 2 1
github.com/modu-ai/moai-adk/internal/cli/codex_init.go:154.43,156.3 1 1
github.com/modu-ai/moai-adk/internal/cli/codex_init.go:158.2,161.29 3 1
github.com/modu-ai/moai-adk/internal/cli/codex_init.go:161.29,166.3 2 1
github.com/modu-ai/moai-adk/internal/cli/codex_init.go:168.2,168.60 1 1
github.com/modu-ai/moai-adk/internal/cli/codex_init.go:168.60,172.3 2 1
github.com/modu-ai/moai-adk/internal/cli/codex_init.go:174.2,179.17 1 1
github.com/modu-ai/moai-adk/internal/cli/codex_init.go:179.17,184.3 2 1
github.com/modu-ai/moai-adk/internal/cli/codex_init.go:186.2,190.17 1 1
github.com/modu-ai/moai-adk/internal/cli/codex_init.go:190.17,193.3 2 1
github.com/modu-ai/moai-adk/internal/cli/codex_init.go:194.2,194.12 1 1
github.com/modu-ai/moai-adk/internal/cli/codex_job_control.go:94.43,95.14 1 0
github.com/modu-ai/moai-adk/internal/cli/codex_job_control.go:95.14,97.3 1 0
github.com/modu-ai/moai-adk/internal/cli/codex_job_control.go:98.2,99.16 2 0
github.com/modu-ai/moai-adk/internal/cli/codex_job_control.go:99.16,101.3 1 0
github.com/modu-ai/moai-adk/internal/cli/codex_job_control.go:102.2,102.36 1 0
github.com/modu-ai/moai-adk/internal/cli/codex_job_control.go:102.36,104.3 1 0
github.com/modu-ai/moai-adk/internal/cli/codex_job_control.go:105.2,105.12 1 0
github.com/modu-ai/moai-adk/internal/cli/codex_job_control.go:148.100,150.22 2 1
github.com/modu-ai/moai-adk/internal/cli/codex_job_control.go:150.22,152.3 1 1
github.com/modu-ai/moai-adk/internal/cli/codex_job_control.go:153.2,153.51 1 1
github.com/modu-ai/moai-adk/internal/cli/codex_job_control.go:161.100,163.22 2 1
github.com/modu-ai/moai-adk/internal/cli/codex_job_control.go:163.22,165.3 1 1
github.com/modu-ai/moai-adk/internal/cli/codex_job_control.go:167.2,172.18 2 1
github.com/modu-ai/moai-adk/internal/cli/codex_job_control.go:172.18,175.3 2 1
github.com/modu-ai/moai-adk/internal/cli/codex_job_control.go:175.8,177.3 1 1
github.com/modu-ai/moai-adk/internal/cli/codex_job_control.go:178.2,178.51 1 1
github.com/modu-ai/moai-adk/internal/cli/codex_job_control.go:191.100,193.22 2 1
github.com/modu-ai/moai-adk/internal/cli/codex_job_control.go:193.22,195.3 1 1
github.com/modu-ai/moai-adk/internal/cli/codex_job_control.go:197.2,201.34 2 1
github.com/modu-ai/moai-adk/internal/cli/codex_job_control.go:201.34,204.3 2 1
github.com/modu-ai/moai-adk/internal/cli/codex_job_control.go:209.2,211.29 3 1
github.com/modu-ai/moai-adk/internal/cli/codex_job_control.go:211.29,217.3 1 1
github.com/modu-ai/moai-adk/internal/cli/codex_job_control.go:223.2,223.86 1 1
github.com/modu-ai/moai-adk/internal/cli/codex_job_control.go:223.86,225.3 1 1
github.com/modu-ai/moai-adk/internal/cli/codex_job_control.go:225.17,227.3 1 0
github.com/modu-ai/moai-adk/internal/cli/codex_job_control.go:227.8,229.3 1 1
github.com/modu-ai/moai-adk/internal/cli/codex_job_control.go:234.2,234.22 1 1
github.com/modu-ai/moai-adk/internal/cli/codex_job_control.go:234.22,236.3 1 1
github.com/modu-ai/moai-adk/internal/cli/codex_job_control.go:236.8,236.83 1 1
github.com/modu-ai/moai-adk/internal/cli/codex_job_control.go:236.83,239.3 1 0
github.com/modu-ai/moai-adk/internal/cli/codex_job_control.go:239.8,241.3 1 1
github.com/modu-ai/moai-adk/internal/cli/codex_job_control.go:244.2,244.52 1 1
github.com/modu-ai/moai-adk/internal/cli/codex_job_control.go:244.52,247.3 2 0
github.com/modu-ai/moai-adk/internal/cli/codex_job_control.go:252.2,253.14 2 1
github.com/modu-ai/moai-adk/internal/cli/codex_job_control.go:253.14,256.3 2 0
github.com/modu-ai/moai-adk/internal/cli/codex_job_control.go:257.2,258.51 2 1
github.com/modu-ai/moai-adk/internal/cli/codex_job_control.go:258.51,260.3 1 0
github.com/modu-ai/moai-adk/internal/cli/codex_job_control.go:260.8,262.3 1 1
github.com/modu-ai/moai-adk/internal/cli/codex_job_control.go:263.2,263.51 1 1
github.com/modu-ai/moai-adk/internal/cli/codex_job_control.go:269.50,271.2 1 1
github.com/modu-ai/moai-adk/internal/cli/codex_job_control.go:276.98,278.17 2 1
github.com/modu-ai/moai-adk/internal/cli/codex_job_control.go:278.17,280.3 1 1
github.com/modu-ai/moai-adk/internal/cli/codex_job_control.go:281.2,282.16 2 1
github.com/modu-ai/moai-adk/internal/cli/codex_job_control.go:282.16,283.28 1 1
github.com/modu-ai/moai-adk/internal/cli/codex_job_control.go:283.28,285.4 1 1
github.com/modu-ai/moai-adk/internal/cli/codex_job_control.go:286.3,286.46 1 1
github.com/modu-ai/moai-adk/internal/cli/codex_job_control.go:288.2,288.17 1 1
github.com/modu-ai/moai-adk/internal/cli/codex_job_control.go:296.64,298.6 2 1
github.com/modu-ai/moai-adk/internal/cli/codex_job_control.go:298.6,299.57 1 1
github.com/modu-ai/moai-adk/internal/cli/codex_job_control.go:299.57,301.4 1 0
github.com/modu-ai/moai-adk/internal/cli/codex_job_control.go:302.3,302.35 1 1
github.com/modu-ai/moai-adk/internal/cli/codex_job_control.go:302.35,304.4 1 1
github.com/modu-ai/moai-adk/internal/cli/codex_job_control.go:305.3,305.47 1 1
github.com/modu-ai/moai-adk/internal/cli/codex_jobs.go:103.41,104.41 1 1
github.com/modu-ai/moai-adk/internal/cli/codex_jobs.go:104.41,105.17 1 1
github.com/modu-ai/moai-adk/internal/cli/codex_jobs.go:105.17,107.4 1 1
github.com/modu-ai/moai-adk/internal/cli/codex_jobs.go:109.2,109.14 1 1
github.com/modu-ai/moai-adk/internal/cli/codex_jobs.go:116.38,117.11 1 1
github.com/modu-ai/moai-adk/internal/cli/codex_jobs.go:118.78,119.14 1 1
github.com/modu-ai/moai-adk/internal/cli/codex_jobs.go:121.2,121.14 1 1
github.com/modu-ai/moai-adk/internal/cli/codex_jobs.go:179.39,179.85 1 1
github.com/modu-ai/moai-adk/internal/cli/codex_jobs.go:191.45,193.2 1 1
github.com/modu-ai/moai-adk/internal/cli/codex_jobs.go:195.45,195.61 1 1
github.com/modu-ai/moai-adk/internal/cli/codex_jobs.go:212.63,214.2 1 1
github.com/modu-ai/moai-adk/internal/cli/codex_jobs.go:217.54,219.2 1 1
github.com/modu-ai/moai-adk/internal/cli/codex_jobs.go:222.78,224.16 2 1
github.com/modu-ai/moai-adk/internal/cli/codex_jobs.go:224.16,226.3 1 0
github.com/modu-ai/moai-adk/internal/cli/codex_jobs.go:227.2,242.37 5 1
github.com/modu-ai/moai-adk/internal/cli/codex_jobs.go:242.37,244.3 1 1
github.com/modu-ai/moai-adk/internal/cli/codex_jobs.go:245.2,245.17 1 1
github.com/modu-ai/moai-adk/internal/cli/codex_jobs.go:251.100,253.2 1 1
github.com/modu-ai/moai-adk/internal/cli/codex_jobs.go:267.115,269.2 1 1
github.com/modu-ai/moai-adk/internal/cli/codex_jobs.go:273.126,278.16 4 1
github.com/modu-ai/moai-adk/internal/cli/codex_jobs.go:278.16,280.3 1 0
github.com/modu-ai/moai-adk/internal/cli/codex_jobs.go:281.2,281.60 1 1
github.com/modu-ai/moai-adk/internal/cli/codex_jobs.go:281.60,283.3 1 1
github.com/modu-ai/moai-adk/internal/cli/codex_jobs.go:284.2,285.38 2 1
github.com/modu-ai/moai-adk/internal/cli/codex_jobs.go:285.38,288.3 1 1
github.com/modu-ai/moai-adk/internal/cli/codex_jobs.go:289.2,292.37 4 1
github.com/modu-ai/moai-adk/internal/cli/codex_jobs.go:292.37,294.3 1 0
github.com/modu-ai/moai-adk/internal/cli/codex_jobs.go:295.2,295.17 1 1
github.com/modu-ai/moai-adk/internal/cli/codex_jobs.go:299.68,303.2 3 1
github.com/modu-ai/moai-adk/internal/cli/codex_jobs.go:316.70,317.29 1 1
github.com/modu-ai/moai-adk/internal/cli/codex_jobs.go:317.29,318.19 1 1
github.com/modu-ai/moai-adk/internal/cli/codex_jobs.go:318.19,320.4 1 0
github.com/modu-ai/moai-adk/internal/cli/codex_jobs.go:321.3,321.52 1 1
github.com/modu-ai/moai-adk/internal/cli/codex_jobs.go:321.52,321.75 1 1
github.com/modu-ai/moai-adk/internal/cli/codex_jobs.go:339.60,344.16 4 1
github.com/modu-ai/moai-adk/internal/cli/codex_jobs.go:344.16,346.3 1 1
github.com/modu-ai/moai-adk/internal/cli/codex_jobs.go:347.2,351.28 2 1
github.com/modu-ai/moai-adk/internal/cli/codex_jobs.go:351.28,352.57 1 1
github.com/modu-ai/moai-adk/internal/cli/codex_jobs.go:352.57,353.12 1 0
github.com/modu-ai/moai-adk/internal/cli/codex_jobs.go:355.3,356.17 2 1
github.com/modu-ai/moai-adk/internal/cli/codex_jobs.go:356.17,357.12 1 0
github.com/modu-ai/moai-adk/internal/cli/codex_jobs.go:359.3,360.51 2 1
github.com/modu-ai/moai-adk/internal/cli/codex_jobs.go:360.51,361.12 1 0
github.com/modu-ai/moai-adk/internal/cli/codex_jobs.go:363.3,363.25 1 1
github.com/modu-ai/moai-adk/internal/cli/codex_jobs.go:363.25,364.12 1 0
github.com/modu-ai/moai-adk/internal/cli/codex_jobs.go:366.3,366.50 1 1
github.com/modu-ai/moai-adk/internal/cli/codex_jobs.go:366.50,368.4 1 1
github.com/modu-ai/moai-adk/internal/cli/codex_jobs.go:370.2,370.29 1 1
github.com/modu-ai/moai-adk/internal/cli/codex_jobs.go:374.68,377.16 3 1
github.com/modu-ai/moai-adk/internal/cli/codex_jobs.go:377.16,378.25 1 1
github.com/modu-ai/moai-adk/internal/cli/codex_jobs.go:378.25,380.4 1 1
github.com/modu-ai/moai-adk/internal/cli/codex_jobs.go:381.3,381.81 1 0
github.com/modu-ai/moai-adk/internal/cli/codex_jobs.go:383.2,384.50 2 1
github.com/modu-ai/moai-adk/internal/cli/codex_jobs.go:384.50,386.3 1 1
github.com/modu-ai/moai-adk/internal/cli/codex_jobs.go:387.2,387.17 1 1
github.com/modu-ai/moai-adk/internal/cli/codex_jobs.go:394.60,395.60 1 1
github.com/modu-ai/moai-adk/internal/cli/codex_jobs.go:395.60,397.3 1 1
github.com/modu-ai/moai-adk/internal/cli/codex_jobs.go:398.2,399.16 2 1
github.com/modu-ai/moai-adk/internal/cli/codex_jobs.go:399.16,401.3 1 0
github.com/modu-ai/moai-adk/internal/cli/codex_jobs.go:402.2,403.81 2 1
github.com/modu-ai/moai-adk/internal/cli/codex_jobs.go:403.81,405.3 1 0
github.com/modu-ai/moai-adk/internal/cli/codex_jobs.go:406.2,406.12 1 1
github.com/modu-ai/moai-adk/internal/cli/codex_jobs.go:414.38,416.45 2 1
github.com/modu-ai/moai-adk/internal/cli/codex_jobs.go:416.45,418.3 1 0
github.com/modu-ai/moai-adk/internal/cli/codex_jobs.go:419.2,419.111 1 1
github.com/modu-ai/moai-adk/internal/cli/codex_jobs.go:443.39,448.50 5 1
github.com/modu-ai/moai-adk/internal/cli/codex_jobs.go:448.50,450.3 1 1
github.com/modu-ai/moai-adk/internal/cli/codex_jobs.go:451.2,451.10 1 1
github.com/modu-ai/moai-adk/internal/cli/codex_launcher.go:105.61,107.47 2 1
github.com/modu-ai/moai-adk/internal/cli/codex_launcher.go:107.47,109.3 1 1
github.com/modu-ai/moai-adk/internal/cli/codex_launcher.go:110.2,110.30 1 1
github.com/modu-ai/moai-adk/internal/cli/codex_launcher.go:115.36,115.97 1 1
github.com/modu-ai/moai-adk/internal/cli/codex_launcher.go:130.53,130.73 1 0
github.com/modu-ai/moai-adk/internal/cli/codex_launcher.go:143.72,146.16 3 1
github.com/modu-ai/moai-adk/internal/cli/codex_launcher.go:146.16,148.3 1 1
github.com/modu-ai/moai-adk/internal/cli/codex_launcher.go:149.2,151.12 3 1
github.com/modu-ai/moai-adk/internal/cli/codex_launcher.go:162.67,165.50 2 1
github.com/modu-ai/moai-adk/internal/cli/codex_launcher.go:165.50,167.3 1 1
github.com/modu-ai/moai-adk/internal/cli/codex_launcher.go:168.2,169.25 2 1
github.com/modu-ai/moai-adk/internal/cli/codex_launcher.go:169.25,171.3 1 1
github.com/modu-ai/moai-adk/internal/cli/codex_launcher.go:172.2,172.33 1 1
github.com/modu-ai/moai-adk/internal/cli/codex_launcher.go:177.76,178.25 1 1
github.com/modu-ai/moai-adk/internal/cli/codex_launcher.go:178.25,179.16 1 1
github.com/modu-ai/moai-adk/internal/cli/codex_launcher.go:179.16,181.4 1 1
github.com/modu-ai/moai-adk/internal/cli/codex_launcher.go:183.2,183.25 1 1
github.com/modu-ai/moai-adk/internal/cli/codex_launcher.go:199.73,202.33 3 1
github.com/modu-ai/moai-adk/internal/cli/codex_launcher.go:202.33,204.10 2 1
github.com/modu-ai/moai-adk/internal/cli/codex_launcher.go:205.47,209.61 2 1
github.com/modu-ai/moai-adk/internal/cli/codex_launcher.go:209.61,212.5 2 1
github.com/modu-ai/moai-adk/internal/cli/codex_launcher.go:213.48,215.56 2 1
github.com/modu-ai/moai-adk/internal/cli/codex_launcher.go:216.40,218.48 2 1
github.com/modu-ai/moai-adk/internal/cli/codex_launcher.go:219.11,220.30 1 1
github.com/modu-ai/moai-adk/internal/cli/codex_launcher.go:223.2,223.18 1 1
github.com/modu-ai/moai-adk/internal/cli/codex_launcher.go:241.73,242.36 1 1
github.com/modu-ai/moai-adk/internal/cli/codex_launcher.go:242.36,244.3 1 1
github.com/modu-ai/moai-adk/internal/cli/codex_launcher.go:246.2,247.26 2 1
github.com/modu-ai/moai-adk/internal/cli/codex_launcher.go:247.26,248.78 1 1
github.com/modu-ai/moai-adk/internal/cli/codex_launcher.go:248.78,250.4 1 1
github.com/modu-ai/moai-adk/internal/cli/codex_launcher.go:251.8,252.24 1 1
github.com/modu-ai/moai-adk/internal/cli/codex_launcher.go:252.24,254.4 1 0
github.com/modu-ai/moai-adk/internal/cli/codex_launcher.go:255.3,255.67 1 1
github.com/modu-ai/moai-adk/internal/cli/codex_launcher.go:258.2,259.33 2 1
github.com/modu-ai/moai-adk/internal/cli/codex_launcher.go:259.33,266.3 1 1
github.com/modu-ai/moai-adk/internal/cli/codex_launcher.go:267.2,267.18 1 1
github.com/modu-ai/moai-adk/internal/cli/codex_launcher.go:278.31,281.50 2 1
github.com/modu-ai/moai-adk/internal/cli/codex_launcher.go:281.50,283.3 1 1
github.com/modu-ai/moai-adk/internal/cli/codex_launcher.go:284.2,284.12 1 1
github.com/modu-ai/moai-adk/internal/cli/codex_launcher.go:333.13,339.2 2 1
github.com/modu-ai/moai-adk/internal/cli/codex_launcher.go:344.56,345.25 1 1
github.com/modu-ai/moai-adk/internal/cli/codex_launcher.go:345.25,346.33 1 1
github.com/modu-ai/moai-adk/internal/cli/codex_launcher.go:346.33,348.4 1 1
github.com/modu-ai/moai-adk/internal/cli/codex_launcher.go:349.3,349.16 1 1
github.com/modu-ai/moai-adk/internal/cli/codex_launcher.go:349.16,350.9 1 1
github.com/modu-ai/moai-adk/internal/cli/codex_launcher.go:354.2,359.19 4 1
github.com/modu-ai/moai-adk/internal/cli/codex_launcher.go:359.19,361.3 1 0
github.com/modu-ai/moai-adk/internal/cli/codex_launcher.go:362.2,363.20 2 1
github.com/modu-ai/moai-adk/internal/cli/codex_launcher.go:363.20,365.3 1 1
github.com/modu-ai/moai-adk/internal/cli/codex_launcher.go:366.2,367.9 2 1
github.com/modu-ai/moai-adk/internal/cli/codex_launcher.go:367.9,369.3 1 1
github.com/modu-ai/moai-adk/internal/cli/codex_launcher.go:371.2,371.21 1 1
github.com/modu-ai/moai-adk/internal/cli/codex_launcher.go:371.21,373.3 1 1
github.com/modu-ai/moai-adk/internal/cli/codex_launcher.go:374.2,374.22 1 1
github.com/modu-ai/moai-adk/internal/cli/codex_launcher.go:374.22,378.3 1 0
github.com/modu-ai/moai-adk/internal/cli/codex_launcher.go:379.2,379.11 1 1
github.com/modu-ai/moai-adk/internal/cli/codex_launcher.go:379.11,382.3 2 1
github.com/modu-ai/moai-adk/internal/cli/codex_launcher.go:383.2,383.13 1 1
github.com/modu-ai/moai-adk/internal/cli/codex_launcher.go:383.13,385.3 1 0
github.com/modu-ai/moai-adk/internal/cli/codex_launcher.go:386.2,386.29 1 1
github.com/modu-ai/moai-adk/internal/cli/codex_launcher.go:390.50,393.2 2 1
github.com/modu-ai/moai-adk/internal/cli/codex_launcher.go:397.48,399.31 2 1
github.com/modu-ai/moai-adk/internal/cli/codex_launcher.go:399.31,401.3 1 1
github.com/modu-ai/moai-adk/internal/cli/codex_launcher.go:402.2,402.12 1 1
github.com/modu-ai/moai-adk/internal/cli/codex_launcher.go:408.117,410.16 2 1
github.com/modu-ai/moai-adk/internal/cli/codex_launcher.go:410.16,413.3 2 1
github.com/modu-ai/moai-adk/internal/cli/codex_launcher.go:418.2,419.66 2 1
github.com/modu-ai/moai-adk/internal/cli/codex_launcher.go:419.66,421.3 1 1
github.com/modu-ai/moai-adk/internal/cli/codex_launcher.go:421.8,421.49 1 1
github.com/modu-ai/moai-adk/internal/cli/codex_launcher.go:421.49,423.3 1 1
github.com/modu-ai/moai-adk/internal/cli/codex_launcher.go:428.2,429.22 2 1
github.com/modu-ai/moai-adk/internal/cli/codex_launcher.go:429.22,431.18 2 1
github.com/modu-ai/moai-adk/internal/cli/codex_launcher.go:431.18,434.4 2 1
github.com/modu-ai/moai-adk/internal/cli/codex_launcher.go:435.3,435.17 1 1
github.com/modu-ai/moai-adk/internal/cli/codex_launcher.go:438.2,443.61 2 1
github.com/modu-ai/moai-adk/internal/cli/codex_launcher.go:443.61,445.3 1 1
github.com/modu-ai/moai-adk/internal/cli/codex_launcher.go:446.2,446.11 1 1
github.com/modu-ai/moai-adk/internal/cli/codex_launcher.go:446.11,448.3 1 1
github.com/modu-ai/moai-adk/internal/cli/codex_launcher.go:449.2,449.31 1 1
github.com/modu-ai/moai-adk/internal/cli/codex_launcher.go:456.54,465.16 8 1
github.com/modu-ai/moai-adk/internal/cli/codex_launcher.go:465.16,467.3 1 1
github.com/modu-ai/moai-adk/internal/cli/codex_launcher.go:468.2,468.39 1 1
github.com/modu-ai/moai-adk/internal/cli/codex_launcher.go:478.49,480.26 2 1
github.com/modu-ai/moai-adk/internal/cli/codex_launcher.go:480.26,482.3 1 1
github.com/modu-ai/moai-adk/internal/cli/codex_launcher.go:483.2,483.42 1 1
github.com/modu-ai/moai-adk/internal/cli/codex_launcher.go:483.42,485.3 1 1
github.com/modu-ai/moai-adk/internal/cli/codex_launcher.go:486.2,486.59 1 1
github.com/modu-ai/moai-adk/internal/cli/codex_launcher.go:492.53,493.44 1 1
github.com/modu-ai/moai-adk/internal/cli/codex_launcher.go:493.44,495.3 1 1
github.com/modu-ai/moai-adk/internal/cli/codex_launcher.go:496.2,496.75 1 1
github.com/modu-ai/moai-adk/internal/cli/codex_launcher.go:496.75,498.3 1 1
github.com/modu-ai/moai-adk/internal/cli/codex_launcher.go:499.2,499.12 1 1
github.com/modu-ai/moai-adk/internal/cli/codex_readiness.go:121.62,133.2 3 1
github.com/modu-ai/moai-adk/internal/cli/codex_readiness.go:138.43,141.16 3 1
github.com/modu-ai/moai-adk/internal/cli/codex_readiness.go:141.16,143.3 1 1
github.com/modu-ai/moai-adk/internal/cli/codex_readiness.go:144.2,144.41 1 1
github.com/modu-ai/moai-adk/internal/cli/codex_readiness.go:144.41,146.3 1 1
github.com/modu-ai/moai-adk/internal/cli/codex_readiness.go:147.2,147.13 1 1
github.com/modu-ai/moai-adk/internal/cli/codex_readiness.go:159.62,165.9 5 1
github.com/modu-ai/moai-adk/internal/cli/codex_readiness.go:166.34,170.4 1 1
github.com/modu-ai/moai-adk/internal/cli/codex_readiness.go:171.33,175.4 1 1
github.com/modu-ai/moai-adk/internal/cli/codex_readiness.go:176.33,180.4 1 1
github.com/modu-ai/moai-adk/internal/cli/codex_readiness.go:184.2,185.16 2 1
github.com/modu-ai/moai-adk/internal/cli/codex_readiness.go:185.16,187.3 1 1
github.com/modu-ai/moai-adk/internal/cli/codex_readiness.go:188.2,189.17 2 1
github.com/modu-ai/moai-adk/internal/cli/codex_readiness.go:189.17,191.3 1 1
github.com/modu-ai/moai-adk/internal/cli/codex_readiness.go:192.2,192.25 1 1
github.com/modu-ai/moai-adk/internal/cli/codex_readiness.go:192.25,194.32 2 1
github.com/modu-ai/moai-adk/internal/cli/codex_readiness.go:194.32,196.4 1 1
github.com/modu-ai/moai-adk/internal/cli/codex_readiness.go:197.3,200.4 1 1
github.com/modu-ai/moai-adk/internal/cli/codex_readiness.go:202.2,205.3 1 1
github.com/modu-ai/moai-adk/internal/cli/codex_readiness.go:210.40,213.2 2 1
github.com/modu-ai/moai-adk/internal/cli/codex_readiness.go:217.51,219.16 2 1
github.com/modu-ai/moai-adk/internal/cli/codex_readiness.go:219.16,221.3 1 1
github.com/modu-ai/moai-adk/internal/cli/codex_readiness.go:222.2,222.21 1 1
github.com/modu-ai/moai-adk/internal/cli/codex_readiness.go:227.52,229.40 2 1
github.com/modu-ai/moai-adk/internal/cli/codex_readiness.go:229.40,231.3 1 1
github.com/modu-ai/moai-adk/internal/cli/codex_readiness.go:232.2,232.14 1 1
github.com/modu-ai/moai-adk/internal/cli/codex_readiness.go:238.42,240.9 2 1
github.com/modu-ai/moai-adk/internal/cli/codex_readiness.go:241.22,242.36 1 1
github.com/modu-ai/moai-adk/internal/cli/codex_readiness.go:243.23,244.54 1 1
github.com/modu-ai/moai-adk/internal/cli/codex_readiness.go:245.10,246.41 1 1
github.com/modu-ai/moai-adk/internal/cli/codex_readiness.go:249.2,250.20 2 1
github.com/modu-ai/moai-adk/internal/cli/codex_readiness.go:250.20,252.3 1 1
github.com/modu-ai/moai-adk/internal/cli/codex_readiness.go:254.2,255.35 2 1
github.com/modu-ai/moai-adk/internal/cli/codex_readiness.go:255.35,257.3 1 1
github.com/modu-ai/moai-adk/internal/cli/codex_readiness.go:259.2,267.3 2 1
github.com/modu-ai/moai-adk/internal/cli/codex_review_gate.go:66.110,68.14 2 1
github.com/modu-ai/moai-adk/internal/cli/codex_review_gate.go:68.14,70.3 1 1
github.com/modu-ai/moai-adk/internal/cli/codex_review_gate.go:71.2,71.42 1 1
github.com/modu-ai/moai-adk/internal/cli/codex_review_gate.go:71.42,73.3 1 1
github.com/modu-ai/moai-adk/internal/cli/codex_review_gate.go:74.2,74.43 1 1
github.com/modu-ai/moai-adk/internal/cli/codex_review_gate.go:74.43,76.3 1 1
github.com/modu-ai/moai-adk/internal/cli/codex_review_gate.go:78.2,79.16 2 1
github.com/modu-ai/moai-adk/internal/cli/codex_review_gate.go:79.16,81.3 1 1
github.com/modu-ai/moai-adk/internal/cli/codex_review_gate.go:87.2,95.19 4 1
github.com/modu-ai/moai-adk/internal/cli/codex_review_gate.go:95.19,102.3 1 1
github.com/modu-ai/moai-adk/internal/cli/codex_review_gate.go:103.2,103.33 1 1
github.com/modu-ai/moai-adk/internal/cli/codex_review_gate.go:103.33,108.3 1 1
github.com/modu-ai/moai-adk/internal/cli/codex_review_gate.go:109.2,109.19 1 1
github.com/modu-ai/moai-adk/internal/cli/codex_review_gate.go:116.42,118.2 1 1
github.com/modu-ai/moai-adk/internal/cli/codex_review_gate.go:125.51,126.22 1 1
github.com/modu-ai/moai-adk/internal/cli/codex_review_gate.go:126.22,128.3 1 1
github.com/modu-ai/moai-adk/internal/cli/codex_review_gate.go:129.2,130.16 2 1
github.com/modu-ai/moai-adk/internal/cli/codex_review_gate.go:130.16,132.3 1 1
github.com/modu-ai/moai-adk/internal/cli/codex_review_gate.go:133.2,133.45 1 1
github.com/modu-ai/moai-adk/internal/cli/codex_review_gate.go:145.53,146.53 1 1
github.com/modu-ai/moai-adk/internal/cli/codex_review_gate.go:146.53,147.35 1 1
github.com/modu-ai/moai-adk/internal/cli/codex_review_gate.go:147.35,148.12 1 1
github.com/modu-ai/moai-adk/internal/cli/codex_review_gate.go:150.3,150.20 1 1
github.com/modu-ai/moai-adk/internal/cli/codex_review_gate.go:150.20,151.12 1 0
github.com/modu-ai/moai-adk/internal/cli/codex_review_gate.go:153.3,154.51 2 1
github.com/modu-ai/moai-adk/internal/cli/codex_review_gate.go:154.51,156.4 1 0
github.com/modu-ai/moai-adk/internal/cli/codex_review_gate.go:157.3,157.47 1 1
github.com/modu-ai/moai-adk/internal/cli/codex_review_gate.go:157.47,158.12 1 1
github.com/modu-ai/moai-adk/internal/cli/codex_review_gate.go:160.3,160.14 1 1
github.com/modu-ai/moai-adk/internal/cli/codex_review_gate.go:162.2,162.14 1 1
github.com/modu-ai/moai-adk/internal/cli/codex_review_gate.go:168.45,169.46 1 1
github.com/modu-ai/moai-adk/internal/cli/codex_review_gate.go:169.46,170.33 1 1
github.com/modu-ai/moai-adk/internal/cli/codex_review_gate.go:170.33,172.4 1 1
github.com/modu-ai/moai-adk/internal/cli/codex_review_gate.go:174.2,174.14 1 1
github.com/modu-ai/moai-adk/internal/cli/codex_review_gate.go:183.63,185.16 2 0
github.com/modu-ai/moai-adk/internal/cli/codex_review_gate.go:185.16,189.3 2 0
github.com/modu-ai/moai-adk/internal/cli/codex_review_gate.go:190.2,193.20 4 0
github.com/modu-ai/moai-adk/internal/cli/codex_review_gate.go:193.20,197.3 2 0
github.com/modu-ai/moai-adk/internal/cli/codex_review_gate.go:198.2,198.16 1 0
github.com/modu-ai/moai-adk/internal/cli/codex_review_gate.go:198.16,200.3 1 0
github.com/modu-ai/moai-adk/internal/cli/codex_review_gate.go:201.2,201.47 1 0
github.com/modu-ai/moai-adk/internal/cli/codex_review_gate.go:207.58,209.16 2 1
github.com/modu-ai/moai-adk/internal/cli/codex_review_gate.go:209.16,211.3 1 0
github.com/modu-ai/moai-adk/internal/cli/codex_review_gate.go:212.2,213.53 2 1
github.com/modu-ai/moai-adk/internal/cli/codex_review_gate.go:213.53,215.3 1 1
github.com/modu-ai/moai-adk/internal/cli/codex_review_gate.go:216.2,216.20 1 1
github.com/modu-ai/moai-adk/internal/cli/codex_review_gate.go:221.62,224.2 2 1
github.com/modu-ai/moai-adk/internal/cli/codex_review_gate.go:236.63,237.18 1 1
github.com/modu-ai/moai-adk/internal/cli/codex_review_gate.go:237.18,238.29 1 1
github.com/modu-ai/moai-adk/internal/cli/codex_review_gate.go:238.29,240.4 1 1
github.com/modu-ai/moai-adk/internal/cli/codex_review_gate.go:241.3,241.22 1 1
github.com/modu-ai/moai-adk/internal/cli/codex_review_gate.go:241.22,243.4 1 1
github.com/modu-ai/moai-adk/internal/cli/codex_review_gate.go:245.2,245.40 1 1
github.com/modu-ai/moai-adk/internal/cli/codex_task.go:66.39,69.2 1 1
github.com/modu-ai/moai-adk/internal/cli/codex_task.go:87.118,96.12 5 1
github.com/modu-ai/moai-adk/internal/cli/codex_task.go:96.12,99.3 2 1
github.com/modu-ai/moai-adk/internal/cli/codex_task.go:101.2,101.9 1 1
github.com/modu-ai/moai-adk/internal/cli/codex_task.go:102.25,103.34 1 1
github.com/modu-ai/moai-adk/internal/cli/codex_task.go:104.20,111.21 2 1
github.com/modu-ai/moai-adk/internal/cli/codex_task.go:173.97,181.18 7 1
github.com/modu-ai/moai-adk/internal/cli/codex_task.go:181.18,183.3 1 1
github.com/modu-ai/moai-adk/internal/cli/codex_task.go:185.2,193.37 4 1
github.com/modu-ai/moai-adk/internal/cli/codex_task.go:193.37,195.3 1 1
github.com/modu-ai/moai-adk/internal/cli/codex_task.go:197.2,199.16 3 1
github.com/modu-ai/moai-adk/internal/cli/codex_task.go:199.16,203.3 3 0
github.com/modu-ai/moai-adk/internal/cli/codex_task.go:205.2,210.16 3 1
github.com/modu-ai/moai-adk/internal/cli/codex_task.go:210.16,211.46 1 1
github.com/modu-ai/moai-adk/internal/cli/codex_task.go:211.46,213.4 1 1
github.com/modu-ai/moai-adk/internal/cli/codex_task.go:213.9,215.4 1 1
github.com/modu-ai/moai-adk/internal/cli/codex_task.go:218.2,227.16 4 1
github.com/modu-ai/moai-adk/internal/cli/codex_task.go:227.16,230.28 3 1
github.com/modu-ai/moai-adk/internal/cli/codex_task.go:230.28,232.4 1 1
github.com/modu-ai/moai-adk/internal/cli/codex_task.go:232.9,234.4 1 0
github.com/modu-ai/moai-adk/internal/cli/codex_task.go:235.3,235.50 1 1
github.com/modu-ai/moai-adk/internal/cli/codex_task.go:238.2,241.17 3 1
github.com/modu-ai/moai-adk/internal/cli/codex_task.go:241.17,242.16 1 1
github.com/modu-ai/moai-adk/internal/cli/codex_task.go:242.16,242.39 1 1
github.com/modu-ai/moai-adk/internal/cli/codex_task.go:243.3,245.20 3 1
github.com/modu-ai/moai-adk/internal/cli/codex_task.go:245.20,249.4 3 1
github.com/modu-ai/moai-adk/internal/cli/codex_task.go:250.3,252.50 3 1
github.com/modu-ai/moai-adk/internal/cli/codex_task.go:260.2,266.16 2 1
github.com/modu-ai/moai-adk/internal/cli/codex_task.go:266.16,269.3 2 1
github.com/modu-ai/moai-adk/internal/cli/codex_task.go:273.2,276.63 3 1
github.com/modu-ai/moai-adk/internal/cli/codex_task.go:276.63,276.99 1 1
github.com/modu-ai/moai-adk/internal/cli/codex_task.go:276.113,280.3 3 0
github.com/modu-ai/moai-adk/internal/cli/codex_task.go:282.2,286.49 4 1
github.com/modu-ai/moai-adk/internal/cli/codex_task.go:297.143,298.15 1 1
github.com/modu-ai/moai-adk/internal/cli/codex_task.go:298.15,301.3 2 1
github.com/modu-ai/moai-adk/internal/cli/codex_task.go:303.2,311.71 2 1
github.com/modu-ai/moai-adk/internal/cli/codex_task.go:311.71,312.20 1 1
github.com/modu-ai/moai-adk/internal/cli/codex_task.go:312.20,316.4 3 1
github.com/modu-ai/moai-adk/internal/cli/codex_task.go:317.3,318.25 2 1
github.com/modu-ai/moai-adk/internal/cli/codex_task.go:324.51,325.20 1 1
github.com/modu-ai/moai-adk/internal/cli/codex_task.go:325.20,327.3 1 1
github.com/modu-ai/moai-adk/internal/cli/codex_task.go:328.2,328.29 1 0
github.com/modu-ai/moai-adk/internal/cli/console_others.go:9.21,9.22 0 1
github.com/modu-ai/moai-adk/internal/cli/constitution.go:28.42,40.2 6 1
github.com/modu-ai/moai-adk/internal/cli/constitution.go:45.47,52.52 2 1
github.com/modu-ai/moai-adk/internal/cli/constitution.go:52.52,54.18 2 0
github.com/modu-ai/moai-adk/internal/cli/constitution.go:54.18,56.5 1 0
github.com/modu-ai/moai-adk/internal/cli/constitution.go:57.4,58.104 2 0
github.com/modu-ai/moai-adk/internal/cli/constitution.go:62.2,63.12 2 1
github.com/modu-ai/moai-adk/internal/cli/constitution.go:69.107,71.16 2 1
github.com/modu-ai/moai-adk/internal/cli/constitution.go:71.16,73.3 1 1
github.com/modu-ai/moai-adk/internal/cli/constitution.go:76.2,76.36 1 1
github.com/modu-ai/moai-adk/internal/cli/constitution.go:76.36,78.3 1 0
github.com/modu-ai/moai-adk/internal/cli/constitution.go:81.2,82.32 2 1
github.com/modu-ai/moai-adk/internal/cli/constitution.go:82.32,84.10 2 1
github.com/modu-ai/moai-adk/internal/cli/constitution.go:84.10,87.12 2 0
github.com/modu-ai/moai-adk/internal/cli/constitution.go:89.3,89.43 1 1
github.com/modu-ai/moai-adk/internal/cli/constitution.go:89.43,91.4 1 1
github.com/modu-ai/moai-adk/internal/cli/constitution.go:94.2,94.31 1 1
github.com/modu-ai/moai-adk/internal/cli/constitution.go:94.31,98.3 2 1
github.com/modu-ai/moai-adk/internal/cli/constitution.go:100.2,101.12 2 1
github.com/modu-ai/moai-adk/internal/cli/constitution.go:105.46,114.52 4 1
github.com/modu-ai/moai-adk/internal/cli/constitution.go:114.52,116.18 2 0
github.com/modu-ai/moai-adk/internal/cli/constitution.go:116.18,118.5 1 0
github.com/modu-ai/moai-adk/internal/cli/constitution.go:120.4,123.22 3 0
github.com/modu-ai/moai-adk/internal/cli/constitution.go:123.22,125.24 2 0
github.com/modu-ai/moai-adk/internal/cli/constitution.go:125.24,127.6 1 0
github.com/modu-ai/moai-adk/internal/cli/constitution.go:128.5,128.20 1 0
github.com/modu-ai/moai-adk/internal/cli/constitution.go:131.4,131.121 1 0
github.com/modu-ai/moai-adk/internal/cli/constitution.go:135.2,139.12 4 1
github.com/modu-ai/moai-adk/internal/cli/constitution.go:144.45,145.69 1 1
github.com/modu-ai/moai-adk/internal/cli/constitution.go:145.69,147.3 1 0
github.com/modu-ai/moai-adk/internal/cli/constitution.go:149.2,149.69 1 1
github.com/modu-ai/moai-adk/internal/cli/constitution.go:149.69,151.3 1 0
github.com/modu-ai/moai-adk/internal/cli/constitution.go:153.2,153.56 1 1
github.com/modu-ai/moai-adk/internal/cli/constitution.go:159.143,161.16 2 1
github.com/modu-ai/moai-adk/internal/cli/constitution.go:161.16,163.3 1 1
github.com/modu-ai/moai-adk/internal/cli/constitution.go:166.2,166.36 1 1
github.com/modu-ai/moai-adk/internal/cli/constitution.go:166.36,168.3 1 1
github.com/modu-ai/moai-adk/internal/cli/constitution.go:171.2,172.23 2 1
github.com/modu-ai/moai-adk/internal/cli/constitution.go:172.23,174.3 1 1
github.com/modu-ai/moai-adk/internal/cli/constitution.go:175.2,175.22 1 1
github.com/modu-ai/moai-adk/internal/cli/constitution.go:175.22,177.29 2 1
github.com/modu-ai/moai-adk/internal/cli/constitution.go:177.29,178.44 1 1
github.com/modu-ai/moai-adk/internal/cli/constitution.go:178.44,180.5 1 1
github.com/modu-ai/moai-adk/internal/cli/constitution.go:182.3,182.21 1 1
github.com/modu-ai/moai-adk/internal/cli/constitution.go:185.2,185.16 1 1
github.com/modu-ai/moai-adk/internal/cli/constitution.go:186.14,187.44 1 1
github.com/modu-ai/moai-adk/internal/cli/constitution.go:188.10,190.13 2 1
github.com/modu-ai/moai-adk/internal/cli/constitution.go:211.77,213.28 2 1
github.com/modu-ai/moai-adk/internal/cli/constitution.go:213.28,223.3 1 1
github.com/modu-ai/moai-adk/internal/cli/constitution.go:225.2,227.16 3 1
github.com/modu-ai/moai-adk/internal/cli/constitution.go:227.16,229.3 1 0
github.com/modu-ai/moai-adk/internal/cli/constitution.go:231.2,232.12 2 1
github.com/modu-ai/moai-adk/internal/cli/constitution.go:238.50,247.52 4 1
github.com/modu-ai/moai-adk/internal/cli/constitution.go:247.52,249.18 2 0
github.com/modu-ai/moai-adk/internal/cli/constitution.go:249.18,251.5 1 0
github.com/modu-ai/moai-adk/internal/cli/constitution.go:252.4,256.18 2 0
github.com/modu-ai/moai-adk/internal/cli/constitution.go:260.2,264.12 4 1
github.com/modu-ai/moai-adk/internal/cli/constitution.go:269.139,276.39 4 1
github.com/modu-ai/moai-adk/internal/cli/constitution.go:276.39,278.3 1 0
github.com/modu-ai/moai-adk/internal/cli/constitution.go:281.2,281.16 1 1
github.com/modu-ai/moai-adk/internal/cli/constitution.go:282.14,283.67 1 0
github.com/modu-ai/moai-adk/internal/cli/constitution.go:283.67,285.4 1 0
github.com/modu-ai/moai-adk/internal/cli/constitution.go:286.10,287.32 1 1
github.com/modu-ai/moai-adk/internal/cli/constitution.go:295.2,295.16 1 1
github.com/modu-ai/moai-adk/internal/cli/constitution.go:295.16,297.47 2 1
github.com/modu-ai/moai-adk/internal/cli/constitution.go:297.47,298.64 1 1
github.com/modu-ai/moai-adk/internal/cli/constitution.go:298.64,301.5 1 1
github.com/modu-ai/moai-adk/internal/cli/constitution.go:303.3,303.13 1 0
github.com/modu-ai/moai-adk/internal/cli/constitution.go:306.2,306.55 1 0
github.com/modu-ai/moai-adk/internal/cli/constitution.go:306.55,308.3 1 0
github.com/modu-ai/moai-adk/internal/cli/constitution.go:310.2,310.12 1 0
github.com/modu-ai/moai-adk/internal/cli/constitution.go:323.40,323.56 1 1
github.com/modu-ai/moai-adk/internal/cli/constitution.go:326.40,326.57 1 1
github.com/modu-ai/moai-adk/internal/cli/constitution.go:329.82,349.35 4 0
github.com/modu-ai/moai-adk/internal/cli/constitution.go:349.35,357.3 1 0
github.com/modu-ai/moai-adk/internal/cli/constitution.go:359.2,371.16 3 0
github.com/modu-ai/moai-adk/internal/cli/constitution.go:371.16,373.3 1 0
github.com/modu-ai/moai-adk/internal/cli/constitution.go:374.2,375.12 2 0
github.com/modu-ai/moai-adk/internal/cli/constitution.go:379.76,380.20 1 1
github.com/modu-ai/moai-adk/internal/cli/constitution.go:380.20,383.3 2 0
github.com/modu-ai/moai-adk/internal/cli/constitution.go:385.2,385.52 1 1
github.com/modu-ai/moai-adk/internal/cli/constitution.go:385.52,389.3 3 0
github.com/modu-ai/moai-adk/internal/cli/constitution.go:391.2,392.35 2 1
github.com/modu-ai/moai-adk/internal/cli/constitution.go:392.35,394.21 2 1
github.com/modu-ai/moai-adk/internal/cli/constitution.go:394.21,396.4 1 1
github.com/modu-ai/moai-adk/internal/cli/constitution.go:398.2,398.30 1 1
github.com/modu-ai/moai-adk/internal/cli/constitution.go:404.75,405.30 1 1
github.com/modu-ai/moai-adk/internal/cli/constitution.go:405.30,407.3 1 1
github.com/modu-ai/moai-adk/internal/cli/constitution.go:408.2,408.141 1 0
github.com/modu-ai/moai-adk/internal/cli/constitution.go:413.72,414.23 1 1
github.com/modu-ai/moai-adk/internal/cli/constitution.go:414.23,417.3 2 0
github.com/modu-ai/moai-adk/internal/cli/constitution.go:419.2,435.28 9 1
github.com/modu-ai/moai-adk/internal/cli/constitution.go:435.28,437.32 2 1
github.com/modu-ai/moai-adk/internal/cli/constitution.go:437.32,441.4 1 1
github.com/modu-ai/moai-adk/internal/cli/constitution.go:442.3,443.31 2 1
github.com/modu-ai/moai-adk/internal/cli/constitution.go:443.31,447.4 1 1
github.com/modu-ai/moai-adk/internal/cli/constitution.go:449.3,455.31 2 1
github.com/modu-ai/moai-adk/internal/cli/constitution.go:458.2,458.61 1 1
github.com/modu-ai/moai-adk/internal/cli/constitution.go:463.47,477.52 2 1
github.com/modu-ai/moai-adk/internal/cli/constitution.go:477.52,479.18 2 0
github.com/modu-ai/moai-adk/internal/cli/constitution.go:479.18,481.5 1 0
github.com/modu-ai/moai-adk/internal/cli/constitution.go:484.4,484.24 1 0
github.com/modu-ai/moai-adk/internal/cli/constitution.go:484.24,486.5 1 0
github.com/modu-ai/moai-adk/internal/cli/constitution.go:487.4,487.43 1 0
github.com/modu-ai/moai-adk/internal/cli/constitution.go:487.43,489.5 1 0
github.com/modu-ai/moai-adk/internal/cli/constitution.go:492.4,494.131 2 0
github.com/modu-ai/moai-adk/internal/cli/constitution.go:498.2,504.12 6 1
github.com/modu-ai/moai-adk/internal/cli/constitution.go:508.118,512.16 3 0
[...]
github.com/modu-ai/moai-adk/internal/cli/update_wizard.go:102.30,104.3 1 0
github.com/modu-ai/moai-adk/internal/cli/update_wizard.go:105.2,105.30 1 0
github.com/modu-ai/moai-adk/internal/cli/update_wizard.go:105.30,107.3 1 0
github.com/modu-ai/moai-adk/internal/cli/update_wizard.go:109.2,111.12 2 0
github.com/modu-ai/moai-adk/internal/cli/update_wizard.go:122.96,123.55 1 1
github.com/modu-ai/moai-adk/internal/cli/update_wizard.go:123.55,125.3 1 0
github.com/modu-ai/moai-adk/internal/cli/update_wizard.go:126.2,126.56 1 1
github.com/modu-ai/moai-adk/internal/cli/update_wizard.go:126.56,128.3 1 0
github.com/modu-ai/moai-adk/internal/cli/update_wizard.go:129.2,129.12 1 1
github.com/modu-ai/moai-adk/internal/cli/update_wizard.go:133.79,136.52 1 1
github.com/modu-ai/moai-adk/internal/cli/update_wizard.go:136.52,138.3 1 1
github.com/modu-ai/moai-adk/internal/cli/update_wizard.go:140.2,153.19 3 1
github.com/modu-ai/moai-adk/internal/cli/update_wizard.go:153.19,157.40 3 1
github.com/modu-ai/moai-adk/internal/cli/update_wizard.go:157.40,159.4 1 0
github.com/modu-ai/moai-adk/internal/cli/update_wizard.go:162.3,163.24 2 1
github.com/modu-ai/moai-adk/internal/cli/update_wizard.go:163.24,164.58 1 1
github.com/modu-ai/moai-adk/internal/cli/update_wizard.go:164.58,166.5 1 0
github.com/modu-ai/moai-adk/internal/cli/update_wizard.go:167.9,169.4 1 1
github.com/modu-ai/moai-adk/internal/cli/update_wizard.go:172.3,173.60 2 1
github.com/modu-ai/moai-adk/internal/cli/update_wizard.go:173.60,175.4 1 1
github.com/modu-ai/moai-adk/internal/cli/update_wizard.go:175.9,177.4 1 1
github.com/modu-ai/moai-adk/internal/cli/update_wizard.go:184.3,184.34 1 1
github.com/modu-ai/moai-adk/internal/cli/update_wizard.go:184.34,186.4 1 1
github.com/modu-ai/moai-adk/internal/cli/update_wizard.go:187.3,187.34 1 1
github.com/modu-ai/moai-adk/internal/cli/update_wizard.go:187.34,189.4 1 1
github.com/modu-ai/moai-adk/internal/cli/update_wizard.go:192.3,192.28 1 1
github.com/modu-ai/moai-adk/internal/cli/update_wizard.go:192.28,194.4 1 1
github.com/modu-ai/moai-adk/internal/cli/update_wizard.go:196.3,200.17 3 1
github.com/modu-ai/moai-adk/internal/cli/update_wizard.go:200.17,202.4 1 0
github.com/modu-ai/moai-adk/internal/cli/update_wizard.go:203.3,203.80 1 1
github.com/modu-ai/moai-adk/internal/cli/update_wizard.go:203.80,205.4 1 0
github.com/modu-ai/moai-adk/internal/cli/update_wizard.go:211.2,211.35 1 1
github.com/modu-ai/moai-adk/internal/cli/update_wizard.go:211.35,214.40 3 1
github.com/modu-ai/moai-adk/internal/cli/update_wizard.go:214.40,216.4 1 0
github.com/modu-ai/moai-adk/internal/cli/update_wizard.go:218.3,219.24 2 1
github.com/modu-ai/moai-adk/internal/cli/update_wizard.go:219.24,220.58 1 1
github.com/modu-ai/moai-adk/internal/cli/update_wizard.go:220.58,222.5 1 0
github.com/modu-ai/moai-adk/internal/cli/update_wizard.go:223.9,225.4 1 0
github.com/modu-ai/moai-adk/internal/cli/update_wizard.go:228.3,229.60 2 1
github.com/modu-ai/moai-adk/internal/cli/update_wizard.go:229.60,231.4 1 1
github.com/modu-ai/moai-adk/internal/cli/update_wizard.go:231.9,233.4 1 0
github.com/modu-ai/moai-adk/internal/cli/update_wizard.go:235.3,240.17 5 1
github.com/modu-ai/moai-adk/internal/cli/update_wizard.go:240.17,242.4 1 0
github.com/modu-ai/moai-adk/internal/cli/update_wizard.go:243.3,243.80 1 1
github.com/modu-ai/moai-adk/internal/cli/update_wizard.go:243.80,245.4 1 0
github.com/modu-ai/moai-adk/internal/cli/update_wizard.go:249.2,249.54 1 1
github.com/modu-ai/moai-adk/internal/cli/update_wizard.go:249.54,252.40 3 1
github.com/modu-ai/moai-adk/internal/cli/update_wizard.go:252.40,254.4 1 0
github.com/modu-ai/moai-adk/internal/cli/update_wizard.go:256.3,257.22 2 1
github.com/modu-ai/moai-adk/internal/cli/update_wizard.go:257.22,258.54 1 1
github.com/modu-ai/moai-adk/internal/cli/update_wizard.go:258.54,260.5 1 0
github.com/modu-ai/moai-adk/internal/cli/update_wizard.go:261.9,263.4 1 1
github.com/modu-ai/moai-adk/internal/cli/update_wizard.go:266.3,267.62 2 1
github.com/modu-ai/moai-adk/internal/cli/update_wizard.go:267.62,269.4 1 1
github.com/modu-ai/moai-adk/internal/cli/update_wizard.go:269.9,271.4 1 1
github.com/modu-ai/moai-adk/internal/cli/update_wizard.go:273.3,273.27 1 1
github.com/modu-ai/moai-adk/internal/cli/update_wizard.go:273.27,275.4 1 1
github.com/modu-ai/moai-adk/internal/cli/update_wizard.go:276.3,276.31 1 1
github.com/modu-ai/moai-adk/internal/cli/update_wizard.go:276.31,278.4 1 1
github.com/modu-ai/moai-adk/internal/cli/update_wizard.go:281.3,281.37 1 1
github.com/modu-ai/moai-adk/internal/cli/update_wizard.go:281.37,283.66 2 1
github.com/modu-ai/moai-adk/internal/cli/update_wizard.go:283.66,285.5 1 1
github.com/modu-ai/moai-adk/internal/cli/update_wizard.go:285.10,287.5 1 1
github.com/modu-ai/moai-adk/internal/cli/update_wizard.go:288.4,289.41 2 1
github.com/modu-ai/moai-adk/internal/cli/update_wizard.go:292.3,295.17 3 1
github.com/modu-ai/moai-adk/internal/cli/update_wizard.go:295.17,297.4 1 0
github.com/modu-ai/moai-adk/internal/cli/update_wizard.go:298.3,298.84 1 1
github.com/modu-ai/moai-adk/internal/cli/update_wizard.go:298.84,300.4 1 0
github.com/modu-ai/moai-adk/internal/cli/update_wizard.go:307.2,307.30 1 1
github.com/modu-ai/moai-adk/internal/cli/update_wizard.go:307.30,309.50 2 0
github.com/modu-ai/moai-adk/internal/cli/update_wizard.go:309.50,310.107 1 0
github.com/modu-ai/moai-adk/internal/cli/update_wizard.go:310.107,312.5 1 0
github.com/modu-ai/moai-adk/internal/cli/update_wizard.go:314.4,317.27 4 0
github.com/modu-ai/moai-adk/internal/cli/update_wizard.go:317.27,319.5 1 0
github.com/modu-ai/moai-adk/internal/cli/update_wizard.go:320.4,320.18 1 0
github.com/modu-ai/moai-adk/internal/cli/update_wizard.go:320.18,322.5 1 0
github.com/modu-ai/moai-adk/internal/cli/update_wizard.go:323.4,324.26 2 0
github.com/modu-ai/moai-adk/internal/cli/update_wizard.go:324.26,326.5 1 0
github.com/modu-ai/moai-adk/internal/cli/update_wizard.go:327.4,329.57 3 0
github.com/modu-ai/moai-adk/internal/cli/update_wizard.go:329.57,331.5 1 0
github.com/modu-ai/moai-adk/internal/cli/update_wizard.go:336.2,336.34 1 1
github.com/modu-ai/moai-adk/internal/cli/update_wizard.go:336.34,339.40 3 1
github.com/modu-ai/moai-adk/internal/cli/update_wizard.go:339.40,341.4 1 0
github.com/modu-ai/moai-adk/internal/cli/update_wizard.go:343.3,344.27 2 1
github.com/modu-ai/moai-adk/internal/cli/update_wizard.go:344.27,345.64 1 1
github.com/modu-ai/moai-adk/internal/cli/update_wizard.go:345.64,347.5 1 0
github.com/modu-ai/moai-adk/internal/cli/update_wizard.go:348.9,350.4 1 0
github.com/modu-ai/moai-adk/internal/cli/update_wizard.go:353.3,354.67 2 1
github.com/modu-ai/moai-adk/internal/cli/update_wizard.go:354.67,356.4 1 1
github.com/modu-ai/moai-adk/internal/cli/update_wizard.go:356.9,358.4 1 0
github.com/modu-ai/moai-adk/internal/cli/update_wizard.go:360.3,364.17 4 1
github.com/modu-ai/moai-adk/internal/cli/update_wizard.go:364.17,366.4 1 0
github.com/modu-ai/moai-adk/internal/cli/update_wizard.go:367.3,367.83 1 1
github.com/modu-ai/moai-adk/internal/cli/update_wizard.go:367.83,369.4 1 0
github.com/modu-ai/moai-adk/internal/cli/update_wizard.go:372.2,372.12 1 1
github.com/modu-ai/moai-adk/internal/cli/v2_detection.go:91.69,92.23 1 1
github.com/modu-ai/moai-adk/internal/cli/v2_detection.go:92.23,94.3 1 0
github.com/modu-ai/moai-adk/internal/cli/v2_detection.go:99.2,99.48 1 1
github.com/modu-ai/moai-adk/internal/cli/v2_detection.go:99.48,101.3 1 1
github.com/modu-ai/moai-adk/internal/cli/v2_detection.go:103.2,113.25 5 1
github.com/modu-ai/moai-adk/internal/cli/v2_detection.go:113.25,115.3 1 1
github.com/modu-ai/moai-adk/internal/cli/v2_detection.go:120.2,122.24 3 1
github.com/modu-ai/moai-adk/internal/cli/v2_detection.go:122.24,124.3 1 1
github.com/modu-ai/moai-adk/internal/cli/v2_detection.go:129.2,131.28 3 1
github.com/modu-ai/moai-adk/internal/cli/v2_detection.go:131.28,133.3 1 1
github.com/modu-ai/moai-adk/internal/cli/v2_detection.go:142.2,146.16 2 1
github.com/modu-ai/moai-adk/internal/cli/v2_detection.go:180.66,185.16 3 1
github.com/modu-ai/moai-adk/internal/cli/v2_detection.go:185.16,186.37 1 1
github.com/modu-ai/moai-adk/internal/cli/v2_detection.go:186.37,188.4 1 1
github.com/modu-ai/moai-adk/internal/cli/v2_detection.go:191.3,191.69 1 0
github.com/modu-ai/moai-adk/internal/cli/v2_detection.go:194.2,195.53 2 1
github.com/modu-ai/moai-adk/internal/cli/v2_detection.go:195.53,197.3 1 0
github.com/modu-ai/moai-adk/internal/cli/v2_detection.go:199.2,200.13 2 1
github.com/modu-ai/moai-adk/internal/cli/v2_detection.go:200.13,202.3 1 1
github.com/modu-ai/moai-adk/internal/cli/v2_detection.go:204.2,205.9 2 1
github.com/modu-ai/moai-adk/internal/cli/v2_detection.go:206.15,214.26 1 1
github.com/modu-ai/moai-adk/internal/cli/v2_detection.go:215.18,224.13 1 1
github.com/modu-ai/moai-adk/internal/cli/v2_detection.go:225.35,233.108 1 1
github.com/modu-ai/moai-adk/internal/cli/v2_detection.go:234.10,238.26 1 1
github.com/modu-ai/moai-adk/internal/cli/v2_detection.go:253.82,255.13 2 1
github.com/modu-ai/moai-adk/internal/cli/v2_detection.go:255.13,257.3 1 0
github.com/modu-ai/moai-adk/internal/cli/v2_detection.go:258.2,258.32 1 1
github.com/modu-ai/moai-adk/internal/cli/v2_detection.go:258.32,261.3 2 1
github.com/modu-ai/moai-adk/internal/cli/v2_detection.go:263.2,264.53 2 1
github.com/modu-ai/moai-adk/internal/cli/v2_detection.go:264.53,266.3 1 1
github.com/modu-ai/moai-adk/internal/cli/v2_detection.go:267.2,267.14 1 1
github.com/modu-ai/moai-adk/internal/cli/v2_detection.go:267.14,269.3 1 1
github.com/modu-ai/moai-adk/internal/cli/v2_detection.go:271.2,272.16 2 1
github.com/modu-ai/moai-adk/internal/cli/v2_detection.go:272.16,276.3 1 0
github.com/modu-ai/moai-adk/internal/cli/v2_detection.go:277.2,277.28 1 1
github.com/modu-ai/moai-adk/internal/cli/v2_detection.go:281.62,284.16 3 1
github.com/modu-ai/moai-adk/internal/cli/v2_detection.go:284.16,285.37 1 1
github.com/modu-ai/moai-adk/internal/cli/v2_detection.go:285.37,287.4 1 1
github.com/modu-ai/moai-adk/internal/cli/v2_detection.go:290.3,290.19 1 0
github.com/modu-ai/moai-adk/internal/cli/v2_detection.go:292.2,292.19 1 1
github.com/modu-ai/moai-adk/internal/cli/v2_detection.go:292.19,295.3 1 0
github.com/modu-ai/moai-adk/internal/cli/v2_detection.go:296.2,296.49 1 1
github.com/modu-ai/moai-adk/internal/cli/v2_detection.go:305.67,306.45 1 1
github.com/modu-ai/moai-adk/internal/cli/v2_detection.go:306.45,308.41 2 1
github.com/modu-ai/moai-adk/internal/cli/v2_detection.go:308.41,310.4 1 1
github.com/modu-ai/moai-adk/internal/cli/v2_detection.go:312.2,312.18 1 1
github.com/modu-ai/moai-adk/internal/cli/v2_detection.go:335.45,339.16 3 1
github.com/modu-ai/moai-adk/internal/cli/v2_detection.go:339.16,341.3 1 1
github.com/modu-ai/moai-adk/internal/cli/v2_detection.go:342.2,342.22 1 1
github.com/modu-ai/moai-adk/internal/cli/verify.go:33.36,59.2 6 1
github.com/modu-ai/moai-adk/internal/cli/verify.go:64.58,65.21 1 1
github.com/modu-ai/moai-adk/internal/cli/verify.go:65.21,67.17 2 1
github.com/modu-ai/moai-adk/internal/cli/verify.go:67.17,69.4 1 0
github.com/modu-ai/moai-adk/internal/cli/verify.go:70.3,70.18 1 1
github.com/modu-ai/moai-adk/internal/cli/verify.go:72.2,73.16 2 0
github.com/modu-ai/moai-adk/internal/cli/verify.go:73.16,75.3 1 0
github.com/modu-ai/moai-adk/internal/cli/verify.go:76.2,76.18 1 0
github.com/modu-ai/moai-adk/internal/cli/verify.go:79.61,96.50 2 1
github.com/modu-ai/moai-adk/internal/cli/verify.go:96.50,98.18 2 1
github.com/modu-ai/moai-adk/internal/cli/verify.go:98.18,100.5 1 0
github.com/modu-ai/moai-adk/internal/cli/verify.go:101.4,107.17 2 1
github.com/modu-ai/moai-adk/internal/cli/verify.go:107.17,109.23 2 1
github.com/modu-ai/moai-adk/internal/cli/verify.go:109.23,111.6 1 0
github.com/modu-ai/moai-adk/internal/cli/verify.go:112.5,112.74 1 1
github.com/modu-ai/moai-adk/internal/cli/verify.go:112.74,114.6 1 0
github.com/modu-ai/moai-adk/internal/cli/verify.go:116.4,116.27 1 1
github.com/modu-ai/moai-adk/internal/cli/verify.go:116.27,118.5 1 0
github.com/modu-ai/moai-adk/internal/cli/verify.go:119.4,119.33 1 1
github.com/modu-ai/moai-adk/internal/cli/verify.go:119.33,121.5 1 1
github.com/modu-ai/moai-adk/internal/cli/verify.go:123.4,126.18 4 1
github.com/modu-ai/moai-adk/internal/cli/verify.go:126.18,128.5 1 0
github.com/modu-ai/moai-adk/internal/cli/verify.go:129.4,129.66 1 1
github.com/modu-ai/moai-adk/internal/cli/verify.go:129.66,135.5 1 0
github.com/modu-ai/moai-adk/internal/cli/verify.go:136.4,142.6 1 1
github.com/modu-ai/moai-adk/internal/cli/verify.go:145.2,150.12 6 1
github.com/modu-ai/moai-adk/internal/cli/verify.go:153.60,169.50 2 1
github.com/modu-ai/moai-adk/internal/cli/verify.go:169.50,172.18 3 1
github.com/modu-ai/moai-adk/internal/cli/verify.go:172.18,174.5 1 0
github.com/modu-ai/moai-adk/internal/cli/verify.go:175.4,178.18 4 1
github.com/modu-ai/moai-adk/internal/cli/verify.go:178.18,180.5 1 0
github.com/modu-ai/moai-adk/internal/cli/verify.go:181.4,182.18 2 1
github.com/modu-ai/moai-adk/internal/cli/verify.go:182.18,184.5 1 0
github.com/modu-ai/moai-adk/internal/cli/verify.go:185.4,186.39 2 1
github.com/modu-ai/moai-adk/internal/cli/verify.go:186.39,193.5 2 1
github.com/modu-ai/moai-adk/internal/cli/verify.go:194.4,194.19 1 1
github.com/modu-ai/moai-adk/internal/cli/verify.go:194.19,196.5 1 1
github.com/modu-ai/moai-adk/internal/cli/verify.go:197.4,199.34 3 1
github.com/modu-ai/moai-adk/internal/cli/verify.go:199.34,200.46 1 1
github.com/modu-ai/moai-adk/internal/cli/verify.go:200.46,201.14 1 1
github.com/modu-ai/moai-adk/internal/cli/verify.go:203.5,203.60 1 1
github.com/modu-ai/moai-adk/internal/cli/verify.go:203.60,205.6 1 1
github.com/modu-ai/moai-adk/internal/cli/verify.go:207.4,207.25 1 1
github.com/modu-ai/moai-adk/internal/cli/verify.go:207.25,208.22 1 1
github.com/modu-ai/moai-adk/internal/cli/verify.go:208.22,210.6 1 1
github.com/modu-ai/moai-adk/internal/cli/verify.go:211.5,211.67 1 0
github.com/modu-ai/moai-adk/internal/cli/verify.go:213.4,218.6 1 1
github.com/modu-ai/moai-adk/internal/cli/verify.go:221.2,224.12 4 1
github.com/modu-ai/moai-adk/internal/cli/verify.go:227.69,229.16 2 1
github.com/modu-ai/moai-adk/internal/cli/verify.go:229.16,231.3 1 0
github.com/modu-ai/moai-adk/internal/cli/verify.go:232.2,233.12 2 1
github.com/modu-ai/moai-adk/internal/cli/verify.go:236.13,240.2 1 1
github.com/modu-ai/moai-adk/internal/cli/version.go:23.51,41.28 6 1
github.com/modu-ai/moai-adk/internal/cli/version.go:41.28,43.4 1 0
github.com/modu-ai/moai-adk/internal/cli/version.go:44.3,50.13 6 1
github.com/modu-ai/moai-adk/internal/cli/version.go:54.13,56.2 1 1
github.com/modu-ai/moai-adk/internal/cli/web.go:33.33,67.2 5 1
github.com/modu-ai/moai-adk/internal/cli/web.go:72.57,97.18 4 1
github.com/modu-ai/moai-adk/internal/cli/web.go:97.18,98.44 1 1
github.com/modu-ai/moai-adk/internal/cli/web.go:98.44,106.4 1 0
github.com/modu-ai/moai-adk/internal/cli/web.go:106.9,108.4 1 1
github.com/modu-ai/moai-adk/internal/cli/web.go:110.2,110.15 1 1
github.com/modu-ai/moai-adk/internal/cli/web.go:110.15,112.3 1 1
github.com/modu-ai/moai-adk/internal/cli/web.go:114.2,115.17 2 1
github.com/modu-ai/moai-adk/internal/cli/web.go:115.17,117.3 1 0
github.com/modu-ai/moai-adk/internal/cli/web.go:125.2,125.80 1 1
github.com/modu-ai/moai-adk/internal/cli/web.go:125.80,127.3 1 0
github.com/modu-ai/moai-adk/internal/cli/web.go:129.2,138.21 2 1
github.com/modu-ai/moai-adk/internal/cli/web.go:138.21,140.3 1 1
github.com/modu-ai/moai-adk/internal/cli/web.go:142.2,155.65 1 1
github.com/modu-ai/moai-adk/internal/cli/web.go:155.65,165.4 2 0
github.com/modu-ai/moai-adk/internal/cli/web.go:169.13,171.2 1 1
github.com/modu-ai/moai-adk/internal/cli/web_port.go:47.33,49.16 2 1
github.com/modu-ai/moai-adk/internal/cli/web_port.go:49.16,58.3 1 1
github.com/modu-ai/moai-adk/internal/cli/web_port.go:59.2,60.14 2 1
github.com/modu-ai/moai-adk/internal/cli/web_port.go:76.67,77.12 1 1
github.com/modu-ai/moai-adk/internal/cli/web_port.go:77.12,79.3 1 1
github.com/modu-ai/moai-adk/internal/cli/web_port.go:80.2,80.27 1 1
github.com/modu-ai/moai-adk/internal/cli/web_port.go:80.27,82.3 1 1
github.com/modu-ai/moai-adk/internal/cli/web_port.go:84.2,85.16 2 1
github.com/modu-ai/moai-adk/internal/cli/web_port.go:85.16,89.3 1 1
github.com/modu-ai/moai-adk/internal/cli/web_port.go:90.2,90.13 1 1
github.com/modu-ai/moai-adk/internal/cli/web_port.go:90.13,92.3 1 1
github.com/modu-ai/moai-adk/internal/cli/web_port.go:94.2,95.41 2 1
github.com/modu-ai/moai-adk/internal/cli/web_port.go:95.41,97.3 1 0
github.com/modu-ai/moai-adk/internal/cli/web_port.go:99.2,99.40 1 1
github.com/modu-ai/moai-adk/internal/cli/web_port.go:99.40,100.28 1 1
github.com/modu-ai/moai-adk/internal/cli/web_port.go:100.28,102.4 1 1
github.com/modu-ai/moai-adk/internal/cli/web_port.go:103.3,103.31 1 1
github.com/modu-ai/moai-adk/internal/cli/web_port.go:105.2,105.77 1 1
github.com/modu-ai/moai-adk/internal/cli/web_port_posix.go:31.54,33.16 2 0
github.com/modu-ai/moai-adk/internal/cli/web_port_posix.go:33.16,37.3 1 0
github.com/modu-ai/moai-adk/internal/cli/web_port_posix.go:38.2,39.22 2 0
github.com/modu-ai/moai-adk/internal/cli/web_port_posix.go:39.22,41.3 1 0
github.com/modu-ai/moai-adk/internal/cli/web_port_posix.go:42.2,43.16 2 0
github.com/modu-ai/moai-adk/internal/cli/web_port_posix.go:43.16,45.3 1 0
github.com/modu-ai/moai-adk/internal/cli/web_port_posix.go:47.2,48.16 2 0
github.com/modu-ai/moai-adk/internal/cli/web_port_posix.go:48.16,50.3 1 0
github.com/modu-ai/moai-adk/internal/cli/web_port_posix.go:51.2,52.25 2 0
github.com/modu-ai/moai-adk/internal/cli/web_port_posix.go:59.37,61.2 1 0
github.com/modu-ai/moai-adk/internal/cli/web_port_posix.go:66.34,68.2 1 1
github.com/modu-ai/moai-adk/internal/cli/wizard_validate.go:37.61,38.36 1 1
github.com/modu-ai/moai-adk/internal/cli/wizard_validate.go:38.36,39.68 1 1
github.com/modu-ai/moai-adk/internal/cli/wizard_validate.go:39.68,41.4 1 1
github.com/modu-ai/moai-adk/internal/cli/wizard_validate.go:43.2,43.82 1 1
github.com/modu-ai/moai-adk/internal/cli/wizard_validate.go:43.82,46.3 1 1
github.com/modu-ai/moai-adk/internal/cli/wizard_validate.go:47.2,47.82 1 1
github.com/modu-ai/moai-adk/internal/cli/wizard_validate.go:47.82,50.3 1 0
github.com/modu-ai/moai-adk/internal/cli/wizard_validate.go:51.2,51.12 1 1
github.com/modu-ai/moai-adk/internal/cli/wizard_validate.go:57.41,59.16 2 1
github.com/modu-ai/moai-adk/internal/cli/wizard_validate.go:59.16,61.3 1 0
github.com/modu-ai/moai-adk/internal/cli/wizard_validate.go:62.2,62.25 1 1
github.com/modu-ai/moai-adk/internal/cli/wizard_validate.go:62.25,64.3 1 1
github.com/modu-ai/moai-adk/internal/cli/wizard_validate.go:65.2,65.18 1 1
github.com/modu-ai/moai-adk/internal/cli/wizard_validate.go:65.18,67.3 1 1
github.com/modu-ai/moai-adk/internal/cli/wizard_validate.go:68.2,68.12 1 1
github.com/modu-ai/moai-adk/internal/cli/wizard_validate.go:73.43,74.35 1 1
github.com/modu-ai/moai-adk/internal/cli/wizard_validate.go:74.35,76.3 1 0
github.com/modu-ai/moai-adk/internal/cli/wizard_validate.go:78.2,78.31 1 1
github.com/modu-ai/moai-adk/internal/cli/wizard_validate.go:78.31,80.3 1 1
github.com/modu-ai/moai-adk/internal/cli/wizard_validate.go:81.2,81.45 1 1
github.com/modu-ai/moai-adk/internal/cli/wizard_validate.go:86.43,87.35 1 1
github.com/modu-ai/moai-adk/internal/cli/wizard_validate.go:87.35,89.3 1 0
github.com/modu-ai/moai-adk/internal/cli/wizard_validate.go:90.2,90.45 1 1
github.com/modu-ai/moai-adk/internal/cli/worktree_advisory.go:28.62,30.16 2 1
github.com/modu-ai/moai-adk/internal/cli/worktree_advisory.go:30.16,40.3 2 1
github.com/modu-ai/moai-adk/internal/cli/worktree_advisory.go:41.2,45.69 1 1
github.com/modu-ai/moai-adk/internal/cli/worktree_advisory.go:51.54,52.23 1 1
github.com/modu-ai/moai-adk/internal/cli/worktree_advisory.go:52.23,54.3 1 0
github.com/modu-ai/moai-adk/internal/cli/worktree_advisory.go:55.2,57.30 3 1
github.com/modu-ai/moai-adk/internal/cli/worktree_advisory.go:57.30,59.3 1 0
github.com/modu-ai/moai-adk/internal/cli/worktree_advisory.go:60.2,60.41 1 1
