mode: set
github.com/modu-ai/moai-adk/internal/cli/factory_lane_handoff.go:71.64,76.2 1 1
github.com/modu-ai/moai-adk/internal/cli/factory_lane_handoff.go:78.67,81.2 2 1
github.com/modu-ai/moai-adk/internal/cli/factory_lane_handoff.go:83.45,85.2 1 1
github.com/modu-ai/moai-adk/internal/cli/factory_lane_handoff.go:87.46,89.16 2 1
github.com/modu-ai/moai-adk/internal/cli/factory_lane_handoff.go:89.16,91.3 1 0
github.com/modu-ai/moai-adk/internal/cli/factory_lane_handoff.go:92.2,92.35 1 1
github.com/modu-ai/moai-adk/internal/cli/factory_lane_handoff.go:95.41,98.2 2 1
github.com/modu-ai/moai-adk/internal/cli/factory_lane_handoff.go:100.48,101.11 1 1
github.com/modu-ai/moai-adk/internal/cli/factory_lane_handoff.go:102.24,103.13 1 1
github.com/modu-ai/moai-adk/internal/cli/factory_lane_handoff.go:104.30,105.70 1 1
github.com/modu-ai/moai-adk/internal/cli/factory_lane_handoff.go:106.34,107.74 1 1
github.com/modu-ai/moai-adk/internal/cli/factory_lane_handoff.go:108.32,109.72 1 1
github.com/modu-ai/moai-adk/internal/cli/factory_lane_handoff.go:111.2,111.90 1 0
github.com/modu-ai/moai-adk/internal/cli/factory_lane_handoff.go:122.120,123.51 1 1
github.com/modu-ai/moai-adk/internal/cli/factory_lane_handoff.go:123.51,125.3 1 1
github.com/modu-ai/moai-adk/internal/cli/factory_lane_handoff.go:126.2,126.62 1 1
github.com/modu-ai/moai-adk/internal/cli/factory_lane_handoff.go:126.62,128.3 1 0
github.com/modu-ai/moai-adk/internal/cli/factory_lane_handoff.go:129.2,129.29 1 1
github.com/modu-ai/moai-adk/internal/cli/factory_lane_handoff.go:129.29,131.3 1 0
github.com/modu-ai/moai-adk/internal/cli/factory_lane_handoff.go:132.2,132.21 1 1
github.com/modu-ai/moai-adk/internal/cli/factory_lane_handoff.go:132.21,134.3 1 0
github.com/modu-ai/moai-adk/internal/cli/factory_lane_handoff.go:135.2,137.16 3 1
github.com/modu-ai/moai-adk/internal/cli/factory_lane_handoff.go:137.16,139.3 1 0
github.com/modu-ai/moai-adk/internal/cli/factory_lane_handoff.go:140.2,145.48 4 1
github.com/modu-ai/moai-adk/internal/cli/factory_lane_handoff.go:145.48,147.3 1 1
github.com/modu-ai/moai-adk/internal/cli/factory_lane_handoff.go:149.2,150.16 2 1
github.com/modu-ai/moai-adk/internal/cli/factory_lane_handoff.go:150.16,152.3 1 0
github.com/modu-ai/moai-adk/internal/cli/factory_lane_handoff.go:153.2,153.15 1 1
github.com/modu-ai/moai-adk/internal/cli/factory_lane_handoff.go:153.15,153.36 1 1
github.com/modu-ai/moai-adk/internal/cli/factory_lane_handoff.go:155.2,156.16 2 1
github.com/modu-ai/moai-adk/internal/cli/factory_lane_handoff.go:156.16,158.3 1 0
github.com/modu-ai/moai-adk/internal/cli/factory_lane_handoff.go:159.2,159.14 1 1
github.com/modu-ai/moai-adk/internal/cli/factory_lane_handoff.go:159.14,160.93 1 1
github.com/modu-ai/moai-adk/internal/cli/factory_lane_handoff.go:160.93,162.4 1 1
github.com/modu-ai/moai-adk/internal/cli/factory_lane_handoff.go:163.3,163.45 1 1
github.com/modu-ai/moai-adk/internal/cli/factory_lane_handoff.go:163.45,165.4 1 1
github.com/modu-ai/moai-adk/internal/cli/factory_lane_handoff.go:166.3,166.109 1 1
github.com/modu-ai/moai-adk/internal/cli/factory_lane_handoff.go:166.109,168.4 1 1
github.com/modu-ai/moai-adk/internal/cli/factory_lane_handoff.go:170.2,171.16 2 1
github.com/modu-ai/moai-adk/internal/cli/factory_lane_handoff.go:171.16,173.3 1 0
github.com/modu-ai/moai-adk/internal/cli/factory_lane_handoff.go:175.2,179.16 2 1
github.com/modu-ai/moai-adk/internal/cli/factory_lane_handoff.go:179.16,181.3 1 1
github.com/modu-ai/moai-adk/internal/cli/factory_lane_handoff.go:182.2,183.13 2 1
github.com/modu-ai/moai-adk/internal/cli/factory_lane_handoff.go:183.13,185.3 1 1
github.com/modu-ai/moai-adk/internal/cli/factory_lane_handoff.go:185.8,187.3 1 1
github.com/modu-ai/moai-adk/internal/cli/factory_lane_handoff.go:188.2,188.18 1 1
github.com/modu-ai/moai-adk/internal/cli/factory_lane_handoff.go:188.18,189.62 1 1
github.com/modu-ai/moai-adk/internal/cli/factory_lane_handoff.go:189.62,191.4 1 0
github.com/modu-ai/moai-adk/internal/cli/factory_lane_handoff.go:192.3,192.79 1 1
github.com/modu-ai/moai-adk/internal/cli/factory_lane_handoff.go:194.2,194.41 1 1
github.com/modu-ai/moai-adk/internal/cli/factory_lane_handoff.go:200.130,201.22 1 1
github.com/modu-ai/moai-adk/internal/cli/factory_lane_handoff.go:201.22,203.3 1 1
github.com/modu-ai/moai-adk/internal/cli/factory_lane_handoff.go:204.2,205.16 2 1
github.com/modu-ai/moai-adk/internal/cli/factory_lane_handoff.go:205.16,207.3 1 0
github.com/modu-ai/moai-adk/internal/cli/factory_lane_handoff.go:208.2,208.36 1 1
github.com/modu-ai/moai-adk/internal/cli/factory_lane_handoff.go:208.36,209.33 1 1
github.com/modu-ai/moai-adk/internal/cli/factory_lane_handoff.go:209.33,211.4 1 1
github.com/modu-ai/moai-adk/internal/cli/factory_lane_handoff.go:213.2,213.19 1 0
github.com/modu-ai/moai-adk/internal/cli/factory_lane_handoff.go:218.55,219.98 1 1
github.com/modu-ai/moai-adk/internal/cli/factory_lane_handoff.go:219.98,221.3 1 1
github.com/modu-ai/moai-adk/internal/cli/factory_lane_handoff.go:222.2,222.109 1 1
github.com/modu-ai/moai-adk/internal/cli/factory_lane_handoff.go:222.109,224.3 1 1
github.com/modu-ai/moai-adk/internal/cli/factory_lane_handoff.go:225.2,225.106 1 1
github.com/modu-ai/moai-adk/internal/cli/factory_lane_handoff.go:225.106,227.3 1 1
github.com/modu-ai/moai-adk/internal/cli/factory_lane_handoff.go:228.2,228.11 1 1
github.com/modu-ai/moai-adk/internal/cli/factory_lane_handoff.go:234.93,236.16 2 1
github.com/modu-ai/moai-adk/internal/cli/factory_lane_handoff.go:236.16,239.3 2 0
github.com/modu-ai/moai-adk/internal/cli/factory_lane_handoff.go:240.2,240.75 1 1
github.com/modu-ai/moai-adk/internal/cli/factory_lane_handoff.go:240.75,242.3 1 0
github.com/modu-ai/moai-adk/internal/cli/factory_lane_handoff.go:243.2,243.100 1 1
github.com/modu-ai/moai-adk/internal/cli/factory_lane_handoff.go:243.100,245.3 1 0
github.com/modu-ai/moai-adk/internal/cli/factory_lane_handoff.go:246.2,247.40 2 1
github.com/modu-ai/moai-adk/internal/cli/factory_lane_handoff.go:247.40,249.3 1 1
github.com/modu-ai/moai-adk/internal/cli/factory_lane_handoff.go:250.2,250.142 1 1
github.com/modu-ai/moai-adk/internal/cli/factory_lane_handoff.go:250.142,252.3 1 0
github.com/modu-ai/moai-adk/internal/cli/factory_lane_handoff.go:253.2,253.109 1 1
github.com/modu-ai/moai-adk/internal/cli/factory_lane_handoff.go:253.109,255.3 1 0
github.com/modu-ai/moai-adk/internal/cli/factory_lane_handoff.go:256.2,257.91 2 1
github.com/modu-ai/moai-adk/internal/cli/factory_lane_handoff.go:257.91,259.3 1 0
github.com/modu-ai/moai-adk/internal/cli/factory_lane_handoff.go:260.2,260.98 1 1
github.com/modu-ai/moai-adk/internal/cli/factory_lane_handoff.go:260.98,262.3 1 0
github.com/modu-ai/moai-adk/internal/cli/factory_lane_handoff.go:263.2,263.11 1 1
github.com/modu-ai/moai-adk/internal/cli/factory_lane_handoff_switch.go:37.125,39.2 1 1
github.com/modu-ai/moai-adk/internal/cli/factory_lane_handoff_switch.go:41.110,43.2 1 1
github.com/modu-ai/moai-adk/internal/cli/factory_lane_handoff_switch.go:45.103,47.16 2 1
github.com/modu-ai/moai-adk/internal/cli/factory_lane_handoff_switch.go:47.16,49.3 1 1
github.com/modu-ai/moai-adk/internal/cli/factory_lane_handoff_switch.go:50.2,52.64 3 1
github.com/modu-ai/moai-adk/internal/cli/factory_lane_handoff_switch.go:58.72,60.16 2 1
github.com/modu-ai/moai-adk/internal/cli/factory_lane_handoff_switch.go:60.16,62.3 1 0
github.com/modu-ai/moai-adk/internal/cli/factory_lane_handoff_switch.go:63.2,64.16 2 1
github.com/modu-ai/moai-adk/internal/cli/factory_lane_handoff_switch.go:64.16,66.3 1 0
github.com/modu-ai/moai-adk/internal/cli/factory_lane_handoff_switch.go:67.2,68.16 2 1
github.com/modu-ai/moai-adk/internal/cli/factory_lane_handoff_switch.go:68.16,70.3 1 0
github.com/modu-ai/moai-adk/internal/cli/factory_lane_handoff_switch.go:71.2,72.16 2 1
github.com/modu-ai/moai-adk/internal/cli/factory_lane_handoff_switch.go:72.16,74.3 1 0
github.com/modu-ai/moai-adk/internal/cli/factory_lane_handoff_switch.go:75.2,75.71 1 1
github.com/modu-ai/moai-adk/internal/cli/factory_lane_handoff_switch.go:78.65,80.2 1 1
github.com/modu-ai/moai-adk/internal/cli/factory_lane_handoff_switch.go:82.94,84.2 1 1
github.com/modu-ai/moai-adk/internal/cli/factory_lane_handoff_switch.go:88.104,90.30 2 1
github.com/modu-ai/moai-adk/internal/cli/factory_lane_handoff_switch.go:90.30,92.3 1 0
github.com/modu-ai/moai-adk/internal/cli/factory_lane_handoff_switch.go:93.2,93.66 1 1
github.com/modu-ai/moai-adk/internal/cli/factory_lane_handoff_switch.go:93.66,95.3 1 0
github.com/modu-ai/moai-adk/internal/cli/factory_lane_handoff_switch.go:96.2,96.14 1 1
github.com/modu-ai/moai-adk/internal/cli/factory_lane_handoff_switch.go:106.150,107.49 1 1
github.com/modu-ai/moai-adk/internal/cli/factory_lane_handoff_switch.go:107.49,109.3 1 1
github.com/modu-ai/moai-adk/internal/cli/factory_lane_handoff_switch.go:110.2,111.16 2 1
github.com/modu-ai/moai-adk/internal/cli/factory_lane_handoff_switch.go:111.16,113.3 1 0
github.com/modu-ai/moai-adk/internal/cli/factory_lane_handoff_switch.go:114.2,114.15 1 1
github.com/modu-ai/moai-adk/internal/cli/factory_lane_handoff_switch.go:114.15,114.36 1 1
github.com/modu-ai/moai-adk/internal/cli/factory_lane_handoff_switch.go:115.2,115.50 1 1
github.com/modu-ai/moai-adk/internal/cli/factory_lane_handoff_switch.go:115.50,117.3 1 1
github.com/modu-ai/moai-adk/internal/cli/factory_lane_handoff_switch.go:118.2,119.16 2 1
github.com/modu-ai/moai-adk/internal/cli/factory_lane_handoff_switch.go:119.16,121.3 1 1
github.com/modu-ai/moai-adk/internal/cli/factory_lane_handoff_switch.go:122.2,123.16 2 1
github.com/modu-ai/moai-adk/internal/cli/factory_lane_handoff_switch.go:123.16,125.3 1 1
github.com/modu-ai/moai-adk/internal/cli/factory_lane_handoff_switch.go:126.2,132.21 2 1
github.com/modu-ai/moai-adk/internal/cli/factory_lane_handoff_switch.go:143.147,144.46 1 1
github.com/modu-ai/moai-adk/internal/cli/factory_lane_handoff_switch.go:144.46,146.3 1 1
github.com/modu-ai/moai-adk/internal/cli/factory_lane_handoff_switch.go:147.2,148.16 2 1
github.com/modu-ai/moai-adk/internal/cli/factory_lane_handoff_switch.go:148.16,150.3 1 0
github.com/modu-ai/moai-adk/internal/cli/factory_lane_handoff_switch.go:151.2,151.15 1 1
github.com/modu-ai/moai-adk/internal/cli/factory_lane_handoff_switch.go:151.15,151.36 1 1
github.com/modu-ai/moai-adk/internal/cli/factory_lane_handoff_switch.go:152.2,152.50 1 1
github.com/modu-ai/moai-adk/internal/cli/factory_lane_handoff_switch.go:152.50,154.3 1 1
github.com/modu-ai/moai-adk/internal/cli/factory_lane_handoff_switch.go:157.2,157.82 1 1
github.com/modu-ai/moai-adk/internal/cli/factory_lane_handoff_switch.go:157.82,159.3 1 1
github.com/modu-ai/moai-adk/internal/cli/factory_lane_handoff_switch.go:160.2,161.16 2 1
github.com/modu-ai/moai-adk/internal/cli/factory_lane_handoff_switch.go:161.16,163.3 1 1
github.com/modu-ai/moai-adk/internal/cli/factory_lane_handoff_switch.go:164.2,165.16 2 1
github.com/modu-ai/moai-adk/internal/cli/factory_lane_handoff_switch.go:165.16,167.3 1 0
github.com/modu-ai/moai-adk/internal/cli/factory_lane_handoff_switch.go:168.2,169.29 2 1
github.com/modu-ai/moai-adk/internal/cli/factory_lane_handoff_switch.go:169.29,171.3 1 1
github.com/modu-ai/moai-adk/internal/cli/factory_lane_handoff_switch.go:171.8,173.3 1 1
github.com/modu-ai/moai-adk/internal/cli/factory_lane_handoff_switch.go:174.2,174.16 1 1
github.com/modu-ai/moai-adk/internal/cli/factory_lane_handoff_switch.go:174.16,176.3 1 1
github.com/modu-ai/moai-adk/internal/cli/factory_lane_handoff_switch.go:177.2,178.16 2 1
github.com/modu-ai/moai-adk/internal/cli/factory_lane_handoff_switch.go:178.16,180.3 1 0
github.com/modu-ai/moai-adk/internal/cli/factory_lane_handoff_switch.go:181.2,186.79 2 1
github.com/modu-ai/moai-adk/internal/cli/factory_lane_handoff_switch.go:186.79,188.3 1 1
github.com/modu-ai/moai-adk/internal/cli/factory_lane_handoff_switch.go:189.2,189.21 1 1
github.com/modu-ai/moai-adk/internal/cli/mcp_codex.go:183.44,185.13 2 1
github.com/modu-ai/moai-adk/internal/cli/mcp_codex.go:185.13,187.3 1 1
github.com/modu-ai/moai-adk/internal/cli/mcp_codex.go:188.2,188.47 1 1
github.com/modu-ai/moai-adk/internal/cli/mcp_codex.go:188.47,189.30 1 1
github.com/modu-ai/moai-adk/internal/cli/mcp_codex.go:189.30,191.4 1 1
github.com/modu-ai/moai-adk/internal/cli/mcp_codex.go:193.2,193.14 1 1
github.com/modu-ai/moai-adk/internal/cli/mcp_codex.go:211.65,212.41 1 1
github.com/modu-ai/moai-adk/internal/cli/mcp_codex.go:212.41,214.3 1 1
github.com/modu-ai/moai-adk/internal/cli/mcp_codex.go:215.2,216.16 2 1
github.com/modu-ai/moai-adk/internal/cli/mcp_codex.go:216.16,218.3 1 0
github.com/modu-ai/moai-adk/internal/cli/mcp_codex.go:219.2,220.46 2 1
github.com/modu-ai/moai-adk/internal/cli/mcp_codex.go:220.46,222.3 1 1
github.com/modu-ai/moai-adk/internal/cli/mcp_codex.go:223.2,223.11 1 1
github.com/modu-ai/moai-adk/internal/cli/mcp_codex.go:235.72,238.87 3 1
github.com/modu-ai/moai-adk/internal/cli/mcp_codex.go:238.87,240.3 1 1
github.com/modu-ai/moai-adk/internal/cli/mcp_codex.go:241.2,241.11 1 1
github.com/modu-ai/moai-adk/internal/cli/mcp_codex.go:254.77,256.34 2 1
github.com/modu-ai/moai-adk/internal/cli/mcp_codex.go:256.34,258.3 1 1
github.com/modu-ai/moai-adk/internal/cli/mcp_codex.go:259.2,259.91 1 1
github.com/modu-ai/moai-adk/internal/cli/mcp_codex.go:259.91,260.88 1 1
github.com/modu-ai/moai-adk/internal/cli/mcp_codex.go:260.88,262.4 1 1
github.com/modu-ai/moai-adk/internal/cli/mcp_codex.go:263.3,263.13 1 1
github.com/modu-ai/moai-adk/internal/cli/mcp_codex.go:265.2,265.40 1 1
github.com/modu-ai/moai-adk/internal/cli/mcp_codex.go:371.53,373.2 1 1
github.com/modu-ai/moai-adk/internal/cli/mcp_codex.go:380.65,387.2 1 1
github.com/modu-ai/moai-adk/internal/cli/mcp_codex.go:399.45,401.2 1 1
github.com/modu-ai/moai-adk/internal/cli/mcp_codex.go:423.44,425.2 1 1
github.com/modu-ai/moai-adk/internal/cli/mcp_codex.go:430.39,432.2 1 1
github.com/modu-ai/moai-adk/internal/cli/mcp_codex.go:450.113,457.34 6 1
github.com/modu-ai/moai-adk/internal/cli/mcp_codex.go:457.34,459.3 1 1
github.com/modu-ai/moai-adk/internal/cli/mcp_codex.go:460.2,460.26 1 1
github.com/modu-ai/moai-adk/internal/cli/mcp_codex.go:512.39,513.42 1 1
github.com/modu-ai/moai-adk/internal/cli/mcp_codex.go:513.42,515.3 1 1
github.com/modu-ai/moai-adk/internal/cli/mcp_codex.go:516.2,516.10 1 1
github.com/modu-ai/moai-adk/internal/cli/mcp_codex.go:533.111,536.16 3 1
github.com/modu-ai/moai-adk/internal/cli/mcp_codex.go:536.16,538.3 1 0
github.com/modu-ai/moai-adk/internal/cli/mcp_codex.go:539.2,540.16 2 1
github.com/modu-ai/moai-adk/internal/cli/mcp_codex.go:540.16,542.3 1 0
github.com/modu-ai/moai-adk/internal/cli/mcp_codex.go:544.2,545.36 2 1
github.com/modu-ai/moai-adk/internal/cli/mcp_codex.go:545.36,547.3 1 0
github.com/modu-ai/moai-adk/internal/cli/mcp_codex.go:548.2,550.15 3 1
github.com/modu-ai/moai-adk/internal/cli/mcp_codex.go:564.55,569.16 4 1
github.com/modu-ai/moai-adk/internal/cli/mcp_codex.go:569.16,570.10 1 1
github.com/modu-ai/moai-adk/internal/cli/mcp_codex.go:571.29,571.29 0 1
github.com/modu-ai/moai-adk/internal/cli/mcp_codex.go:572.21,573.10 1 0
github.com/modu-ai/moai-adk/internal/cli/mcp_codex.go:579.49,582.55 3 1
github.com/modu-ai/moai-adk/internal/cli/mcp_codex.go:582.55,584.3 1 0
github.com/modu-ai/moai-adk/internal/cli/mcp_codex.go:585.2,585.12 1 1
github.com/modu-ai/moai-adk/internal/cli/mcp_codex.go:588.47,591.2 2 1
github.com/modu-ai/moai-adk/internal/cli/mcp_codex.go:595.35,596.42 1 1
github.com/modu-ai/moai-adk/internal/cli/mcp_codex.go:596.42,598.3 1 1
github.com/modu-ai/moai-adk/internal/cli/mcp_codex.go:599.2,599.26 1 1
github.com/modu-ai/moai-adk/internal/cli/mcp_codex.go:602.39,605.12 3 1
github.com/modu-ai/moai-adk/internal/cli/mcp_codex.go:605.12,605.36 1 1
github.com/modu-ai/moai-adk/internal/cli/mcp_codex.go:606.2,606.9 1 1
github.com/modu-ai/moai-adk/internal/cli/mcp_codex.go:607.21,608.13 1 1
github.com/modu-ai/moai-adk/internal/cli/mcp_codex.go:609.37,611.16 2 0
github.com/modu-ai/moai-adk/internal/cli/mcp_codex.go:686.87,687.36 1 1
github.com/modu-ai/moai-adk/internal/cli/mcp_codex.go:687.36,689.3 1 1
github.com/modu-ai/moai-adk/internal/cli/mcp_codex.go:690.2,690.32 1 0
github.com/modu-ai/moai-adk/internal/cli/mcp_codex.go:703.44,703.70 1 1
github.com/modu-ai/moai-adk/internal/cli/mcp_codex.go:704.44,704.62 1 1
github.com/modu-ai/moai-adk/internal/cli/mcp_codex.go:708.79,711.2 2 1
github.com/modu-ai/moai-adk/internal/cli/mcp_codex.go:722.115,724.2 1 1
github.com/modu-ai/moai-adk/internal/cli/mcp_codex.go:731.140,733.2 1 1
github.com/modu-ai/moai-adk/internal/cli/mcp_codex.go:741.195,742.20 1 1
github.com/modu-ai/moai-adk/internal/cli/mcp_codex.go:742.20,744.3 1 1
github.com/modu-ai/moai-adk/internal/cli/mcp_codex.go:745.2,746.16 2 1
github.com/modu-ai/moai-adk/internal/cli/mcp_codex.go:746.16,748.3 1 1
github.com/modu-ai/moai-adk/internal/cli/mcp_codex.go:751.2,751.51 1 1
github.com/modu-ai/moai-adk/internal/cli/mcp_codex.go:751.51,753.3 1 1
github.com/modu-ai/moai-adk/internal/cli/mcp_codex.go:757.2,760.26 4 1
github.com/modu-ai/moai-adk/internal/cli/mcp_codex.go:760.26,763.3 2 1
github.com/modu-ai/moai-adk/internal/cli/mcp_codex.go:764.2,764.56 1 1
github.com/modu-ai/moai-adk/internal/cli/mcp_codex.go:764.56,766.3 1 1
github.com/modu-ai/moai-adk/internal/cli/mcp_codex.go:767.2,767.43 1 1
github.com/modu-ai/moai-adk/internal/cli/mcp_codex.go:767.43,769.3 1 1
github.com/modu-ai/moai-adk/internal/cli/mcp_codex.go:770.2,770.89 1 1
github.com/modu-ai/moai-adk/internal/cli/mcp_codex.go:770.89,772.3 1 0
github.com/modu-ai/moai-adk/internal/cli/mcp_codex.go:773.2,774.16 2 1
github.com/modu-ai/moai-adk/internal/cli/mcp_codex.go:774.16,776.3 1 1
github.com/modu-ai/moai-adk/internal/cli/mcp_codex.go:777.2,778.20 2 1
github.com/modu-ai/moai-adk/internal/cli/mcp_codex.go:778.20,781.3 1 0
github.com/modu-ai/moai-adk/internal/cli/mcp_codex.go:783.2,783.110 1 1
github.com/modu-ai/moai-adk/internal/cli/mcp_codex.go:789.65,793.17 2 1
github.com/modu-ai/moai-adk/internal/cli/mcp_codex.go:793.17,795.3 1 0
github.com/modu-ai/moai-adk/internal/cli/mcp_codex.go:796.2,796.65 1 1
github.com/modu-ai/moai-adk/internal/cli/mcp_codex.go:796.65,798.3 1 1
github.com/modu-ai/moai-adk/internal/cli/mcp_codex.go:799.2,799.12 1 1
github.com/modu-ai/moai-adk/internal/cli/mcp_codex.go:821.123,824.26 3 1
github.com/modu-ai/moai-adk/internal/cli/mcp_codex.go:824.26,827.3 2 1
github.com/modu-ai/moai-adk/internal/cli/mcp_codex.go:828.2,829.16 2 1
github.com/modu-ai/moai-adk/internal/cli/mcp_codex.go:829.16,831.3 1 0
github.com/modu-ai/moai-adk/internal/cli/mcp_codex.go:832.2,832.51 1 1
github.com/modu-ai/moai-adk/internal/cli/mcp_codex.go:832.51,834.3 1 0
github.com/modu-ai/moai-adk/internal/cli/mcp_codex.go:835.2,835.15 1 1
github.com/modu-ai/moai-adk/internal/cli/mcp_codex.go:835.15,835.35 1 1
github.com/modu-ai/moai-adk/internal/cli/mcp_codex.go:837.2,838.80 2 1
github.com/modu-ai/moai-adk/internal/cli/mcp_codex.go:838.80,840.3 1 0
github.com/modu-ai/moai-adk/internal/cli/mcp_codex.go:841.2,842.34 2 1
github.com/modu-ai/moai-adk/internal/cli/mcp_codex.go:842.34,843.45 1 1
github.com/modu-ai/moai-adk/internal/cli/mcp_codex.go:843.45,845.4 1 1
github.com/modu-ai/moai-adk/internal/cli/mcp_codex.go:847.2,848.16 2 1
github.com/modu-ai/moai-adk/internal/cli/mcp_codex.go:848.16,850.3 1 1
github.com/modu-ai/moai-adk/internal/cli/mcp_codex.go:851.2,859.58 2 1
github.com/modu-ai/moai-adk/internal/cli/mcp_codex.go:859.58,861.3 1 0
github.com/modu-ai/moai-adk/internal/cli/mcp_codex.go:862.2,863.24 2 1
github.com/modu-ai/moai-adk/internal/cli/mcp_codex.go:863.24,865.3 1 1
github.com/modu-ai/moai-adk/internal/cli/mcp_codex.go:866.2,866.55 1 1
github.com/modu-ai/moai-adk/internal/cli/mcp_codex.go:866.55,868.3 1 0
github.com/modu-ai/moai-adk/internal/cli/mcp_codex.go:869.2,869.29 1 1
github.com/modu-ai/moai-adk/internal/cli/mcp_codex.go:869.29,870.35 1 1
github.com/modu-ai/moai-adk/internal/cli/mcp_codex.go:870.35,872.4 1 0
github.com/modu-ai/moai-adk/internal/cli/mcp_codex.go:873.3,874.10 2 1
github.com/modu-ai/moai-adk/internal/cli/mcp_codex.go:874.10,876.4 1 1
github.com/modu-ai/moai-adk/internal/cli/mcp_codex.go:877.3,878.48 2 1
github.com/modu-ai/moai-adk/internal/cli/mcp_codex.go:878.48,880.4 1 1
github.com/modu-ai/moai-adk/internal/cli/mcp_codex.go:882.2,883.17 2 1
github.com/modu-ai/moai-adk/internal/cli/mcp_codex.go:887.44,888.31 1 1
github.com/modu-ai/moai-adk/internal/cli/mcp_codex.go:888.31,890.3 1 0
github.com/modu-ai/moai-adk/internal/cli/mcp_codex.go:891.2,891.23 1 1
github.com/modu-ai/moai-adk/internal/cli/mcp_codex.go:896.40,897.31 1 1
github.com/modu-ai/moai-adk/internal/cli/mcp_codex.go:897.31,899.3 1 1
github.com/modu-ai/moai-adk/internal/cli/mcp_codex.go:900.2,900.29 1 1
github.com/modu-ai/moai-adk/internal/cli/mcp_codex.go:911.61,912.18 1 1
github.com/modu-ai/moai-adk/internal/cli/mcp_codex.go:912.18,914.3 1 0
github.com/modu-ai/moai-adk/internal/cli/mcp_codex.go:915.2,920.21 5 1
github.com/modu-ai/moai-adk/internal/cli/mcp_codex.go:920.21,922.3 1 1
github.com/modu-ai/moai-adk/internal/cli/mcp_codex.go:928.70,932.2 3 1
github.com/modu-ai/moai-adk/internal/cli/mcp_codex.go:937.53,941.2 3 1
github.com/modu-ai/moai-adk/internal/cli/mcp_codex.go:946.44,952.2 5 1
github.com/modu-ai/moai-adk/internal/cli/mcp_codex.go:965.79,966.36 1 1
github.com/modu-ai/moai-adk/internal/cli/mcp_codex.go:966.36,969.3 1 0
github.com/modu-ai/moai-adk/internal/cli/mcp_codex.go:970.2,973.4 1 1
github.com/modu-ai/moai-adk/internal/cli/mcp_codex.go:982.119,985.21 3 1
github.com/modu-ai/moai-adk/internal/cli/mcp_codex.go:985.21,992.3 1 1
github.com/modu-ai/moai-adk/internal/cli/mcp_codex.go:993.2,993.75 1 1
github.com/modu-ai/moai-adk/internal/cli/mcp_codex.go:993.75,995.3 1 0
github.com/modu-ai/moai-adk/internal/cli/mcp_codex.go:997.2,997.63 1 1
github.com/modu-ai/moai-adk/internal/cli/mcp_codex.go:997.63,999.3 1 0
github.com/modu-ai/moai-adk/internal/cli/mcp_codex.go:1001.2,1002.20 2 1
github.com/modu-ai/moai-adk/internal/cli/mcp_codex.go:1002.20,1011.3 1 1
github.com/modu-ai/moai-adk/internal/cli/mcp_codex.go:1012.2,1012.40 1 1
github.com/modu-ai/moai-adk/internal/cli/mcp_codex.go:1012.40,1021.3 1 1
github.com/modu-ai/moai-adk/internal/cli/mcp_codex.go:1022.2,1022.56 1 1
github.com/modu-ai/moai-adk/internal/cli/mcp_codex.go:1051.117,1053.2 1 1
github.com/modu-ai/moai-adk/internal/cli/mcp_codex.go:1059.122,1061.2 1 1
github.com/modu-ai/moai-adk/internal/cli/mcp_codex.go:1063.174,1065.16 2 1
github.com/modu-ai/moai-adk/internal/cli/mcp_codex.go:1065.16,1067.28 2 1
github.com/modu-ai/moai-adk/internal/cli/mcp_codex.go:1067.28,1069.4 1 1
github.com/modu-ai/moai-adk/internal/cli/mcp_codex.go:1070.3,1070.46 1 0
github.com/modu-ai/moai-adk/internal/cli/mcp_codex.go:1072.2,1072.15 1 1
github.com/modu-ai/moai-adk/internal/cli/mcp_codex.go:1072.15,1072.35 1 1
github.com/modu-ai/moai-adk/internal/cli/mcp_codex.go:1074.2,1074.42 1 1
github.com/modu-ai/moai-adk/internal/cli/mcp_codex.go:1078.92,1081.16 3 1
github.com/modu-ai/moai-adk/internal/cli/mcp_codex.go:1081.16,1083.3 1 0
github.com/modu-ai/moai-adk/internal/cli/mcp_codex.go:1084.2,1084.29 1 1
github.com/modu-ai/moai-adk/internal/cli/mcp_codex.go:1090.94,1092.2 1 1
github.com/modu-ai/moai-adk/internal/cli/mcp_codex.go:1097.129,1098.6 1 1
github.com/modu-ai/moai-adk/internal/cli/mcp_codex.go:1098.6,1099.35 1 1
github.com/modu-ai/moai-adk/internal/cli/mcp_codex.go:1099.35,1101.4 1 1
github.com/modu-ai/moai-adk/internal/cli/mcp_codex.go:1102.3,1103.10 2 1
github.com/modu-ai/moai-adk/internal/cli/mcp_codex.go:1103.10,1105.4 1 1
github.com/modu-ai/moai-adk/internal/cli/mcp_codex.go:1106.3,1107.60 2 1
github.com/modu-ai/moai-adk/internal/cli/mcp_codex.go:1107.60,1108.12 1 1
github.com/modu-ai/moai-adk/internal/cli/mcp_codex.go:1110.3,1110.38 1 1
github.com/modu-ai/moai-adk/internal/cli/mcp_codex.go:1110.38,1111.22 1 1
github.com/modu-ai/moai-adk/internal/cli/mcp_codex.go:1111.22,1113.5 1 1
github.com/modu-ai/moai-adk/internal/cli/mcp_codex.go:1114.4,1114.12 1 1
github.com/modu-ai/moai-adk/internal/cli/mcp_codex.go:1116.3,1116.23 1 1
github.com/modu-ai/moai-adk/internal/cli/mcp_codex.go:1116.23,1118.4 1 1
github.com/modu-ai/moai-adk/internal/cli/mcp_codex.go:1119.3,1119.18 1 1
github.com/modu-ai/moai-adk/internal/cli/mcp_codex.go:1124.57,1125.19 1 1
github.com/modu-ai/moai-adk/internal/cli/mcp_codex.go:1125.19,1127.3 1 1
github.com/modu-ai/moai-adk/internal/cli/mcp_codex.go:1128.2,1129.48 2 1
github.com/modu-ai/moai-adk/internal/cli/mcp_codex.go:1129.48,1131.3 1 1
github.com/modu-ai/moai-adk/internal/cli/mcp_codex.go:1132.2,1133.48 2 1
github.com/modu-ai/moai-adk/internal/cli/mcp_codex.go:1133.48,1135.3 1 1
github.com/modu-ai/moai-adk/internal/cli/mcp_codex.go:1136.2,1136.14 1 1
github.com/modu-ai/moai-adk/internal/cli/mcp_codex.go:1140.53,1141.22 1 1
github.com/modu-ai/moai-adk/internal/cli/mcp_codex.go:1141.22,1143.3 1 0
github.com/modu-ai/moai-adk/internal/cli/mcp_codex.go:1144.2,1149.53 2 1
github.com/modu-ai/moai-adk/internal/cli/mcp_codex.go:1149.53,1151.3 1 0
github.com/modu-ai/moai-adk/internal/cli/mcp_codex.go:1152.2,1152.22 1 1
github.com/modu-ai/moai-adk/internal/cli/mcp_codex.go:1178.157,1179.20 1 1
github.com/modu-ai/moai-adk/internal/cli/mcp_codex.go:1179.20,1181.3 1 0
github.com/modu-ai/moai-adk/internal/cli/mcp_codex.go:1182.2,1183.16 2 1
github.com/modu-ai/moai-adk/internal/cli/mcp_codex.go:1184.30,1187.17 3 1
github.com/modu-ai/moai-adk/internal/cli/mcp_codex.go:1187.17,1189.4 1 1
github.com/modu-ai/moai-adk/internal/cli/mcp_codex.go:1190.3,1190.25 1 1
github.com/modu-ai/moai-adk/internal/cli/mcp_codex.go:1191.28,1193.38 2 1
github.com/modu-ai/moai-adk/internal/cli/mcp_codex.go:1193.38,1195.4 1 0
github.com/modu-ai/moai-adk/internal/cli/mcp_codex.go:1196.3,1198.21 3 1
github.com/modu-ai/moai-adk/internal/cli/mcp_codex.go:1198.21,1200.4 1 1
github.com/modu-ai/moai-adk/internal/cli/mcp_codex.go:1201.3,1201.22 1 1
github.com/modu-ai/moai-adk/internal/cli/mcp_codex.go:1201.22,1203.4 1 1
github.com/modu-ai/moai-adk/internal/cli/mcp_codex.go:1208.3,1208.65 1 1
github.com/modu-ai/moai-adk/internal/cli/mcp_codex.go:1208.65,1210.4 1 1
github.com/modu-ai/moai-adk/internal/cli/mcp_codex.go:1212.2,1212.17 1 1
github.com/modu-ai/moai-adk/internal/cli/mcp_codex.go:1227.57,1228.16 1 1
github.com/modu-ai/moai-adk/internal/cli/mcp_codex.go:1228.16,1230.3 1 1
github.com/modu-ai/moai-adk/internal/cli/mcp_codex.go:1231.2,1231.53 1 1
github.com/modu-ai/moai-adk/internal/cli/mcp_codex.go:1261.74,1262.37 1 1
github.com/modu-ai/moai-adk/internal/cli/mcp_codex.go:1262.37,1263.31 1 0
github.com/modu-ai/moai-adk/internal/cli/mcp_codex.go:1263.31,1265.4 1 0
github.com/modu-ai/moai-adk/internal/cli/mcp_codex.go:1267.2,1268.30 2 1
github.com/modu-ai/moai-adk/internal/cli/mcp_codex.go:1269.10,1270.61 1 0
github.com/modu-ai/moai-adk/internal/cli/mcp_codex.go:1271.30,1272.61 1 1
github.com/modu-ai/moai-adk/internal/cli/mcp_codex.go:1273.29,1275.17 2 1
github.com/modu-ai/moai-adk/internal/cli/mcp_codex.go:1275.17,1277.4 1 1
github.com/modu-ai/moai-adk/internal/cli/mcp_codex.go:1278.3,1278.78 1 1
github.com/modu-ai/moai-adk/internal/cli/mcp_codex.go:1279.10,1280.87 1 1
github.com/modu-ai/moai-adk/internal/cli/mcp_codex.go:1303.125,1305.6 2 1
github.com/modu-ai/moai-adk/internal/cli/mcp_codex.go:1305.6,1306.35 1 1
github.com/modu-ai/moai-adk/internal/cli/mcp_codex.go:1306.35,1308.4 1 0
github.com/modu-ai/moai-adk/internal/cli/mcp_codex.go:1309.3,1310.10 2 1
github.com/modu-ai/moai-adk/internal/cli/mcp_codex.go:1310.10,1312.4 1 1
github.com/modu-ai/moai-adk/internal/cli/mcp_codex.go:1313.3,1314.60 2 1
github.com/modu-ai/moai-adk/internal/cli/mcp_codex.go:1314.60,1315.12 1 0
github.com/modu-ai/moai-adk/internal/cli/mcp_codex.go:1322.3,1322.32 1 1
github.com/modu-ai/moai-adk/internal/cli/mcp_codex.go:1322.32,1324.12 2 1
github.com/modu-ai/moai-adk/internal/cli/mcp_codex.go:1326.3,1326.23 1 1
github.com/modu-ai/moai-adk/internal/cli/mcp_codex.go:1326.23,1327.12 1 0
github.com/modu-ai/moai-adk/internal/cli/mcp_codex.go:1329.3,1329.46 1 1
github.com/modu-ai/moai-adk/internal/cli/mcp_codex.go:1329.46,1330.12 1 0
github.com/modu-ai/moai-adk/internal/cli/mcp_codex.go:1332.3,1332.21 1 1
github.com/modu-ai/moai-adk/internal/cli/mcp_codex.go:1333.31,1334.28 1 1
github.com/modu-ai/moai-adk/internal/cli/mcp_codex.go:1334.28,1336.5 1 1
github.com/modu-ai/moai-adk/internal/cli/mcp_codex.go:1337.25,1351.83 3 1
github.com/modu-ai/moai-adk/internal/cli/mcp_codex.go:1351.83,1353.5 1 1
github.com/modu-ai/moai-adk/internal/cli/mcp_codex.go:1354.4,1354.77 1 1
github.com/modu-ai/moai-adk/internal/cli/mcp_codex.go:1354.77,1356.5 1 1
github.com/modu-ai/moai-adk/internal/cli/mcp_codex.go:1357.25,1358.62 1 1
github.com/modu-ai/moai-adk/internal/cli/mcp_codex.go:1358.62,1361.5 1 1
github.com/modu-ai/moai-adk/internal/cli/mcp_codex.go:1362.4,1362.58 1 1
github.com/modu-ai/moai-adk/internal/cli/mcp_codex.go:1373.54,1374.22 1 1
github.com/modu-ai/moai-adk/internal/cli/mcp_codex.go:1374.22,1376.3 1 0
github.com/modu-ai/moai-adk/internal/cli/mcp_codex.go:1377.2,1385.51 2 1
github.com/modu-ai/moai-adk/internal/cli/mcp_codex.go:1385.51,1387.3 1 0
github.com/modu-ai/moai-adk/internal/cli/mcp_codex.go:1388.2,1388.23 1 1
github.com/modu-ai/moai-adk/internal/cli/mcp_codex.go:1389.23,1390.12 1 1
github.com/modu-ai/moai-adk/internal/cli/mcp_codex.go:1391.20,1392.12 1 0
github.com/modu-ai/moai-adk/internal/cli/mcp_codex.go:1394.2,1394.74 1 1
github.com/modu-ai/moai-adk/internal/cli/mcp_codex.go:1394.74,1396.3 1 1
github.com/modu-ai/moai-adk/internal/cli/mcp_codex.go:1397.2,1397.22 1 0
github.com/modu-ai/moai-adk/internal/cli/mcp_codex.go:1403.48,1404.42 1 1
github.com/modu-ai/moai-adk/internal/cli/mcp_codex.go:1404.42,1406.3 1 1
github.com/modu-ai/moai-adk/internal/cli/mcp_codex.go:1407.2,1407.52 1 1
github.com/modu-ai/moai-adk/internal/cli/mcp_codex.go:1424.63,1425.50 1 1
github.com/modu-ai/moai-adk/internal/cli/mcp_codex.go:1425.50,1428.3 2 1
github.com/modu-ai/moai-adk/internal/cli/mcp_codex.go:1429.2,1430.54 1 1
github.com/modu-ai/moai-adk/internal/cli/mcp_codex.go:1441.79,1447.2 1 1
github.com/modu-ai/moai-adk/internal/cli/mcp_codex.go:1450.98,1456.2 1 1
github.com/modu-ai/moai-adk/internal/cli/mcp_codex.go:1459.72,1461.16 2 1
github.com/modu-ai/moai-adk/internal/cli/mcp_codex.go:1461.16,1463.3 1 0
github.com/modu-ai/moai-adk/internal/cli/mcp_codex.go:1464.2,1464.29 1 1
github.com/modu-ai/moai-adk/internal/cli/mcp_codex.go:1474.55,1475.37 1 1
github.com/modu-ai/moai-adk/internal/cli/mcp_codex.go:1475.37,1477.3 1 1
github.com/modu-ai/moai-adk/internal/cli/mcp_codex.go:1478.2,1478.14 1 1
github.com/modu-ai/moai-adk/internal/cli/mcp_codex.go:1485.51,1486.22 1 1
github.com/modu-ai/moai-adk/internal/cli/mcp_codex.go:1486.22,1488.3 1 0
github.com/modu-ai/moai-adk/internal/cli/mcp_codex.go:1489.2,1495.18 3 1
github.com/modu-ai/moai-adk/internal/cli/mcp_codex.go:1499.53,1500.22 1 1
github.com/modu-ai/moai-adk/internal/cli/mcp_codex.go:1500.22,1502.3 1 0
github.com/modu-ai/moai-adk/internal/cli/mcp_codex.go:1503.2,1507.19 3 1
github.com/modu-ai/moai-adk/internal/cli/mcp_codex.go:1562.68,1567.77 2 1
github.com/modu-ai/moai-adk/internal/cli/mcp_codex.go:1567.77,1569.3 1 1
github.com/modu-ai/moai-adk/internal/cli/mcp_codex.go:1570.2,1570.77 1 1
github.com/modu-ai/moai-adk/internal/cli/mcp_codex.go:1570.77,1572.3 1 0
github.com/modu-ai/moai-adk/internal/cli/mcp_codex.go:1573.2,1573.48 1 1
github.com/modu-ai/moai-adk/internal/cli/mcp_codex.go:1573.48,1575.3 1 1
github.com/modu-ai/moai-adk/internal/cli/mcp_codex.go:1576.2,1576.16 1 1
github.com/modu-ai/moai-adk/internal/cli/mcp_codex.go:1582.43,1583.17 1 1
github.com/modu-ai/moai-adk/internal/cli/mcp_codex.go:1584.14,1585.11 1 1
github.com/modu-ai/moai-adk/internal/cli/mcp_codex.go:1586.27,1587.11 1 0
github.com/modu-ai/moai-adk/internal/cli/mcp_codex.go:1588.14,1589.11 1 1
github.com/modu-ai/moai-adk/internal/cli/mcp_codex.go:1590.10,1591.11 1 1
github.com/modu-ai/moai-adk/internal/cli/mcp_codex.go:1608.68,1610.28 2 1
github.com/modu-ai/moai-adk/internal/cli/mcp_codex.go:1610.28,1611.62 1 1
github.com/modu-ai/moai-adk/internal/cli/mcp_codex.go:1611.62,1613.4 1 1
github.com/modu-ai/moai-adk/internal/cli/mcp_codex.go:1615.2,1615.16 1 1
github.com/modu-ai/moai-adk/internal/cli/mcp_codex.go:1631.53,1632.38 1 1
github.com/modu-ai/moai-adk/internal/cli/mcp_codex.go:1632.38,1634.3 1 1
github.com/modu-ai/moai-adk/internal/cli/mcp_codex.go:1635.2,1635.28 1 1
github.com/modu-ai/moai-adk/internal/cli/mcp_codex.go:1657.69,1660.19 3 1
github.com/modu-ai/moai-adk/internal/cli/mcp_codex.go:1660.19,1662.3 1 1
github.com/modu-ai/moai-adk/internal/cli/mcp_codex.go:1663.2,1680.3 1 1
github.com/modu-ai/moai-adk/internal/cli/mcp_codex.go:1706.51,1710.53 4 1
github.com/modu-ai/moai-adk/internal/cli/mcp_codex.go:1710.53,1712.15 2 1
github.com/modu-ai/moai-adk/internal/cli/mcp_codex.go:1712.15,1713.89 1 1
github.com/modu-ai/moai-adk/internal/cli/mcp_codex.go:1713.89,1715.5 1 1
github.com/modu-ai/moai-adk/internal/cli/mcp_codex.go:1716.4,1716.12 1 1
github.com/modu-ai/moai-adk/internal/cli/mcp_codex.go:1718.3,1720.99 3 1
github.com/modu-ai/moai-adk/internal/cli/mcp_codex.go:1720.99,1722.52 2 1
github.com/modu-ai/moai-adk/internal/cli/mcp_codex.go:1722.52,1724.5 1 1
github.com/modu-ai/moai-adk/internal/cli/mcp_codex.go:1726.3,1728.21 3 1
github.com/modu-ai/moai-adk/internal/cli/mcp_codex.go:1730.2,1730.17 1 1
github.com/modu-ai/moai-adk/internal/cli/mcp_codex.go:1736.84,1738.28 2 1
github.com/modu-ai/moai-adk/internal/cli/mcp_codex.go:1738.28,1740.3 1 1
github.com/modu-ai/moai-adk/internal/cli/mcp_codex.go:1741.2,1741.23 1 1
github.com/modu-ai/moai-adk/internal/cli/mcp_codex.go:1741.23,1743.3 1 1
github.com/modu-ai/moai-adk/internal/cli/mcp_codex.go:1744.2,1745.28 2 0
github.com/modu-ai/moai-adk/internal/cli/mcp_codex.go:1745.28,1747.3 1 0
github.com/modu-ai/moai-adk/internal/cli/mcp_codex.go:1748.2,1748.88 1 0
github.com/modu-ai/moai-adk/internal/cli/mcp_codex.go:1754.56,1761.17 2 1
github.com/modu-ai/moai-adk/internal/cli/mcp_codex.go:1761.17,1763.3 1 1
github.com/modu-ai/moai-adk/internal/cli/mcp_codex.go:1764.2,1764.15 1 1
github.com/modu-ai/moai-adk/internal/cli/mcp_codex.go:1777.98,1792.20 7 1
github.com/modu-ai/moai-adk/internal/cli/mcp_codex.go:1792.20,1794.3 1 1
github.com/modu-ai/moai-adk/internal/cli/mcp_codex.go:1799.2,1800.35 2 1
github.com/modu-ai/moai-adk/internal/cli/mcp_codex.go:1800.35,1802.3 1 1
github.com/modu-ai/moai-adk/internal/cli/mcp_codex.go:1807.2,1811.16 4 1
github.com/modu-ai/moai-adk/internal/cli/mcp_codex.go:1811.16,1819.3 4 1
github.com/modu-ai/moai-adk/internal/cli/mcp_codex.go:1820.2,1828.34 4 1
github.com/modu-ai/moai-adk/internal/cli/mcp_codex.go:1828.34,1831.18 3 1
github.com/modu-ai/moai-adk/internal/cli/mcp_codex.go:1831.18,1833.4 1 1
github.com/modu-ai/moai-adk/internal/cli/mcp_codex.go:1836.2,1842.40 7 1
github.com/modu-ai/moai-adk/internal/cli/mcp_codex.go:1860.71,1861.40 1 1
github.com/modu-ai/moai-adk/internal/cli/mcp_codex.go:1861.40,1863.3 1 1
github.com/modu-ai/moai-adk/internal/cli/mcp_codex.go:1864.2,1864.75 1 1
github.com/modu-ai/moai-adk/internal/cli/mcp_codex.go:1864.75,1866.3 1 1
github.com/modu-ai/moai-adk/internal/cli/mcp_codex.go:1867.2,1870.12 4 1
github.com/modu-ai/moai-adk/internal/cli/mcp_codex.go:1876.66,1878.16 2 1
github.com/modu-ai/moai-adk/internal/cli/mcp_codex.go:1878.16,1882.3 1 0
github.com/modu-ai/moai-adk/internal/cli/mcp_codex.go:1883.2,1883.12 1 1
github.com/modu-ai/moai-adk/internal/cli/mcp_codex.go:1908.60,1918.16 5 1
github.com/modu-ai/moai-adk/internal/cli/mcp_codex.go:1918.16,1920.3 1 1
github.com/modu-ai/moai-adk/internal/cli/mcp_codex.go:1921.2,1924.91 2 1
github.com/modu-ai/moai-adk/internal/cli/mcp_codex.go:1924.91,1926.3 1 1
github.com/modu-ai/moai-adk/internal/cli/mcp_codex.go:1930.2,1931.15 2 1
github.com/modu-ai/moai-adk/internal/cli/mcp_codex.go:1939.96,1958.17 3 1
github.com/modu-ai/moai-adk/internal/cli/mcp_codex.go:1958.17,1960.22 2 1
github.com/modu-ai/moai-adk/internal/cli/mcp_codex.go:1960.22,1962.4 1 1
github.com/modu-ai/moai-adk/internal/cli/mcp_codex.go:1964.2,1964.45 1 1
github.com/modu-ai/moai-adk/internal/cli/mcp_codex.go:2012.57,2013.65 1 1
github.com/modu-ai/moai-adk/internal/cli/mcp_codex.go:2013.65,2015.3 1 1
github.com/modu-ai/moai-adk/internal/cli/mcp_codex.go:2016.2,2017.16 2 1
github.com/modu-ai/moai-adk/internal/cli/mcp_codex.go:2017.16,2019.3 1 1
github.com/modu-ai/moai-adk/internal/cli/mcp_codex.go:2020.2,2020.70 1 1
github.com/modu-ai/moai-adk/internal/cli/mcp_codex.go:2031.56,2033.46 2 1
github.com/modu-ai/moai-adk/internal/cli/mcp_codex.go:2033.46,2036.3 2 1
github.com/modu-ai/moai-adk/internal/cli/mcp_codex.go:2037.2,2038.12 2 1
github.com/modu-ai/moai-adk/internal/cli/mcp_codex.go:2059.55,2062.46 3 1
github.com/modu-ai/moai-adk/internal/cli/mcp_codex.go:2062.46,2064.3 1 1
github.com/modu-ai/moai-adk/internal/cli/mcp_codex.go:2065.2,2065.22 1 1
github.com/modu-ai/moai-adk/internal/cli/mcp_codex.go:2065.22,2066.47 1 1
github.com/modu-ai/moai-adk/internal/cli/mcp_codex.go:2066.47,2068.4 1 1
github.com/modu-ai/moai-adk/internal/cli/mcp_codex.go:2070.2,2070.12 1 1
github.com/modu-ai/moai-adk/internal/cli/mcp_codex.go:2084.78,2086.50 2 1
github.com/modu-ai/moai-adk/internal/cli/mcp_codex.go:2086.50,2088.3 1 1
github.com/modu-ai/moai-adk/internal/cli/mcp_codex.go:2089.2,2089.20 1 1
github.com/modu-ai/moai-adk/internal/cli/mcp_codex.go:2090.28,2091.36 1 1
github.com/modu-ai/moai-adk/internal/cli/mcp_codex.go:2091.36,2093.4 1 1
github.com/modu-ai/moai-adk/internal/cli/mcp_codex.go:2094.27,2095.21 1 1
github.com/modu-ai/moai-adk/internal/cli/mcp_codex.go:2095.21,2097.4 1 1
github.com/modu-ai/moai-adk/internal/cli/mcp_codex.go:2098.10,2104.21 1 1
github.com/modu-ai/moai-adk/internal/cli/mcp_codex.go:2104.21,2106.4 1 1
github.com/modu-ai/moai-adk/internal/cli/mcp_codex.go:2107.3,2107.36 1 1
github.com/modu-ai/moai-adk/internal/cli/mcp_codex.go:2107.36,2109.4 1 1
github.com/modu-ai/moai-adk/internal/cli/mcp_codex.go:2111.2,2111.23 1 1
github.com/modu-ai/moai-adk/internal/cli/mcp_codex.go:2116.80,2119.20 3 1
github.com/modu-ai/moai-adk/internal/cli/mcp_codex.go:2119.20,2121.3 1 1
github.com/modu-ai/moai-adk/internal/cli/mcp_codex.go:2122.2,2123.17 2 1
github.com/modu-ai/moai-adk/internal/cli/mcp_codex.go:2123.17,2125.3 1 1
github.com/modu-ai/moai-adk/internal/cli/mcp_codex.go:2126.2,2126.26 1 1
github.com/modu-ai/moai-adk/internal/cli/mcp_codex.go:2142.100,2147.40 5 1
github.com/modu-ai/moai-adk/internal/cli/mcp_codex.go:2147.40,2149.34 2 0
github.com/modu-ai/moai-adk/internal/cli/mcp_codex.go:2149.34,2151.4 1 0
github.com/modu-ai/moai-adk/internal/cli/mcp_codex.go:2152.3,2152.30 1 0
github.com/modu-ai/moai-adk/internal/cli/mcp_codex.go:2154.2,2154.47 1 1
github.com/modu-ai/moai-adk/internal/cli/mcp_codex.go:2161.56,2163.49 2 1
github.com/modu-ai/moai-adk/internal/cli/mcp_codex.go:2163.49,2164.57 1 1
github.com/modu-ai/moai-adk/internal/cli/mcp_codex.go:2164.57,2165.35 1 1
github.com/modu-ai/moai-adk/internal/cli/mcp_codex.go:2165.35,2166.13 1 1
github.com/modu-ai/moai-adk/internal/cli/mcp_codex.go:2168.4,2168.29 1 1
github.com/modu-ai/moai-adk/internal/cli/mcp_codex.go:2171.2,2171.21 1 1
github.com/modu-ai/moai-adk/internal/cli/mcp_codex.go:2171.21,2173.3 1 1
github.com/modu-ai/moai-adk/internal/cli/mcp_codex.go:2174.2,2174.42 1 1
github.com/modu-ai/moai-adk/internal/cli/mcp_codex.go:2190.63,2192.59 2 1
github.com/modu-ai/moai-adk/internal/cli/mcp_codex.go:2192.59,2194.15 2 1
github.com/modu-ai/moai-adk/internal/cli/mcp_codex.go:2194.15,2195.12 1 1
github.com/modu-ai/moai-adk/internal/cli/mcp_codex.go:2197.3,2197.37 1 1
github.com/modu-ai/moai-adk/internal/cli/mcp_codex.go:2199.2,2199.20 1 1
github.com/modu-ai/moai-adk/internal/cli/mcp_codex.go:2199.20,2201.3 1 1
github.com/modu-ai/moai-adk/internal/cli/mcp_codex.go:2202.2,2202.32 1 1
github.com/modu-ai/moai-adk/internal/cli/mcp_codex.go:2202.32,2204.3 1 1
github.com/modu-ai/moai-adk/internal/cli/mcp_codex.go:2205.2,2205.24 1 1
github.com/modu-ai/moai-adk/internal/cli/mcp_codex.go:2218.71,2219.60 1 1
github.com/modu-ai/moai-adk/internal/cli/mcp_codex.go:2219.60,2220.58 1 1
github.com/modu-ai/moai-adk/internal/cli/mcp_codex.go:2220.58,2222.4 1 1
github.com/modu-ai/moai-adk/internal/cli/mcp_codex.go:2224.2,2225.16 2 1
github.com/modu-ai/moai-adk/internal/cli/mcp_codex.go:2225.16,2227.3 1 1
github.com/modu-ai/moai-adk/internal/cli/mcp_codex.go:2228.2,2228.74 1 1
github.com/modu-ai/moai-adk/internal/cli/mcp_codex.go:2260.57,2261.22 1 1
github.com/modu-ai/moai-adk/internal/cli/mcp_codex.go:2261.22,2263.3 1 1
github.com/modu-ai/moai-adk/internal/cli/mcp_codex.go:2264.2,2266.16 3 1
github.com/modu-ai/moai-adk/internal/cli/mcp_codex.go:2266.16,2268.3 1 1
github.com/modu-ai/moai-adk/internal/cli/mcp_codex.go:2269.2,2278.51 2 1
github.com/modu-ai/moai-adk/internal/cli/mcp_codex.go:2278.51,2280.3 1 1
github.com/modu-ai/moai-adk/internal/cli/mcp_codex.go:2281.2,2281.46 1 1
github.com/modu-ai/moai-adk/internal/cli/mcp_codex.go:2304.54,2305.22 1 1
github.com/modu-ai/moai-adk/internal/cli/mcp_codex.go:2305.22,2307.3 1 0
github.com/modu-ai/moai-adk/internal/cli/mcp_codex.go:2308.2,2310.16 3 1
github.com/modu-ai/moai-adk/internal/cli/mcp_codex.go:2310.16,2312.3 1 1
github.com/modu-ai/moai-adk/internal/cli/mcp_codex.go:2313.2,2322.51 2 1
github.com/modu-ai/moai-adk/internal/cli/mcp_codex.go:2322.51,2324.3 1 1
github.com/modu-ai/moai-adk/internal/cli/mcp_codex.go:2325.2,2325.43 1 1
