mode: set
github.com/modu-ai/moai-adk/internal/factorymsg/handoff.go:81.43,82.20 1 1
github.com/modu-ai/moai-adk/internal/factorymsg/handoff.go:82.20,84.3 1 0
github.com/modu-ai/moai-adk/internal/factorymsg/handoff.go:85.2,85.53 1 1
github.com/modu-ai/moai-adk/internal/factorymsg/handoff.go:89.50,91.2 1 1
github.com/modu-ai/moai-adk/internal/factorymsg/handoff.go:94.50,96.27 2 1
github.com/modu-ai/moai-adk/internal/factorymsg/handoff.go:96.27,98.3 1 1
github.com/modu-ai/moai-adk/internal/factorymsg/handoff.go:99.2,99.18 1 0
github.com/modu-ai/moai-adk/internal/factorymsg/handoff.go:121.46,122.9 1 1
github.com/modu-ai/moai-adk/internal/factorymsg/handoff.go:123.35,124.60 1 1
github.com/modu-ai/moai-adk/internal/factorymsg/handoff.go:125.44,126.63 1 1
github.com/modu-ai/moai-adk/internal/factorymsg/handoff.go:127.37,128.63 1 1
github.com/modu-ai/moai-adk/internal/factorymsg/handoff.go:129.73,130.60 1 1
github.com/modu-ai/moai-adk/internal/factorymsg/handoff.go:131.45,132.67 1 1
github.com/modu-ai/moai-adk/internal/factorymsg/handoff.go:133.85,134.86 1 1
github.com/modu-ai/moai-adk/internal/factorymsg/handoff.go:135.78,136.69 1 1
github.com/modu-ai/moai-adk/internal/factorymsg/handoff.go:138.2,138.12 1 1
github.com/modu-ai/moai-adk/internal/factorymsg/handoff.go:141.44,142.15 1 1
github.com/modu-ai/moai-adk/internal/factorymsg/handoff.go:143.102,144.14 1 1
github.com/modu-ai/moai-adk/internal/factorymsg/handoff.go:146.2,146.14 1 1
github.com/modu-ai/moai-adk/internal/factorymsg/handoff.go:158.92,159.37 1 1
github.com/modu-ai/moai-adk/internal/factorymsg/handoff.go:159.37,161.3 1 1
github.com/modu-ai/moai-adk/internal/factorymsg/handoff.go:162.2,163.16 2 1
github.com/modu-ai/moai-adk/internal/factorymsg/handoff.go:163.16,165.3 1 0
github.com/modu-ai/moai-adk/internal/factorymsg/handoff.go:166.2,166.15 1 1
github.com/modu-ai/moai-adk/internal/factorymsg/handoff.go:166.15,166.36 1 1
github.com/modu-ai/moai-adk/internal/factorymsg/handoff.go:168.2,171.35 3 1
github.com/modu-ai/moai-adk/internal/factorymsg/handoff.go:171.35,173.3 1 1
github.com/modu-ai/moai-adk/internal/factorymsg/handoff.go:174.2,174.16 1 1
github.com/modu-ai/moai-adk/internal/factorymsg/handoff.go:174.16,176.3 1 0
github.com/modu-ai/moai-adk/internal/factorymsg/handoff.go:177.2,177.45 1 1
github.com/modu-ai/moai-adk/internal/factorymsg/handoff.go:177.45,179.3 1 1
github.com/modu-ai/moai-adk/internal/factorymsg/handoff.go:180.2,180.167 1 1
github.com/modu-ai/moai-adk/internal/factorymsg/handoff.go:180.167,182.3 1 1
github.com/modu-ai/moai-adk/internal/factorymsg/handoff.go:183.2,185.262 3 1
github.com/modu-ai/moai-adk/internal/factorymsg/handoff.go:185.262,187.3 1 0
github.com/modu-ai/moai-adk/internal/factorymsg/handoff.go:188.2,188.14 1 1
github.com/modu-ai/moai-adk/internal/factorymsg/handoff.go:188.14,190.3 1 1
github.com/modu-ai/moai-adk/internal/factorymsg/handoff.go:192.2,203.82 4 1
github.com/modu-ai/moai-adk/internal/factorymsg/handoff.go:203.82,205.3 1 0
github.com/modu-ai/moai-adk/internal/factorymsg/handoff.go:206.2,206.90 1 1
github.com/modu-ai/moai-adk/internal/factorymsg/handoff.go:206.90,208.3 1 0
github.com/modu-ai/moai-adk/internal/factorymsg/handoff.go:209.2,209.36 1 1
github.com/modu-ai/moai-adk/internal/factorymsg/handoff.go:209.36,211.3 1 0
github.com/modu-ai/moai-adk/internal/factorymsg/handoff.go:212.2,212.15 1 1
github.com/modu-ai/moai-adk/internal/factorymsg/handoff.go:215.97,218.2 2 1
github.com/modu-ai/moai-adk/internal/factorymsg/handoff.go:221.85,222.64 1 1
github.com/modu-ai/moai-adk/internal/factorymsg/handoff.go:222.64,222.99 1 1
github.com/modu-ai/moai-adk/internal/factorymsg/handoff.go:227.102,229.2 1 1
github.com/modu-ai/moai-adk/internal/factorymsg/handoff.go:234.99,236.2 1 1
github.com/modu-ai/moai-adk/internal/factorymsg/handoff.go:238.66,239.45 1 1
github.com/modu-ai/moai-adk/internal/factorymsg/handoff.go:239.45,239.101 1 1
github.com/modu-ai/moai-adk/internal/factorymsg/handoff.go:244.93,245.18 1 1
github.com/modu-ai/moai-adk/internal/factorymsg/handoff.go:245.18,247.3 1 1
github.com/modu-ai/moai-adk/internal/factorymsg/handoff.go:248.2,248.64 1 1
github.com/modu-ai/moai-adk/internal/factorymsg/handoff.go:248.64,248.100 1 1
github.com/modu-ai/moai-adk/internal/factorymsg/handoff.go:252.146,254.16 2 1
github.com/modu-ai/moai-adk/internal/factorymsg/handoff.go:254.16,256.3 1 0
github.com/modu-ai/moai-adk/internal/factorymsg/handoff.go:257.2,257.15 1 1
github.com/modu-ai/moai-adk/internal/factorymsg/handoff.go:257.15,257.36 1 1
github.com/modu-ai/moai-adk/internal/factorymsg/handoff.go:258.2,259.146 2 1
github.com/modu-ai/moai-adk/internal/factorymsg/handoff.go:259.146,261.3 1 1
github.com/modu-ai/moai-adk/internal/factorymsg/handoff.go:262.2,262.31 1 1
github.com/modu-ai/moai-adk/internal/factorymsg/handoff.go:262.31,264.3 1 1
github.com/modu-ai/moai-adk/internal/factorymsg/handoff.go:265.2,267.181 3 1
github.com/modu-ai/moai-adk/internal/factorymsg/handoff.go:267.181,269.3 1 0
github.com/modu-ai/moai-adk/internal/factorymsg/handoff.go:270.2,270.84 1 1
github.com/modu-ai/moai-adk/internal/factorymsg/handoff.go:270.84,272.3 1 0
github.com/modu-ai/moai-adk/internal/factorymsg/handoff.go:273.2,273.36 1 1
github.com/modu-ai/moai-adk/internal/factorymsg/handoff.go:273.36,275.3 1 0
github.com/modu-ai/moai-adk/internal/factorymsg/handoff.go:276.2,277.15 2 1
github.com/modu-ai/moai-adk/internal/factorymsg/handoff.go:281.92,283.16 2 1
github.com/modu-ai/moai-adk/internal/factorymsg/handoff.go:283.16,285.3 1 0
github.com/modu-ai/moai-adk/internal/factorymsg/handoff.go:286.2,288.18 3 1
github.com/modu-ai/moai-adk/internal/factorymsg/handoff.go:288.18,293.104 3 1
github.com/modu-ai/moai-adk/internal/factorymsg/handoff.go:293.104,295.4 1 0
github.com/modu-ai/moai-adk/internal/factorymsg/handoff.go:296.3,299.23 4 1
github.com/modu-ai/moai-adk/internal/factorymsg/handoff.go:301.2,301.24 1 1
github.com/modu-ai/moai-adk/internal/factorymsg/handoff_relocation.go:26.42,28.2 1 1
github.com/modu-ai/moai-adk/internal/factorymsg/handoff_relocation.go:35.64,36.18 1 1
github.com/modu-ai/moai-adk/internal/factorymsg/handoff_relocation.go:37.34,38.29 1 1
github.com/modu-ai/moai-adk/internal/factorymsg/handoff_relocation.go:38.29,40.4 1 1
github.com/modu-ai/moai-adk/internal/factorymsg/handoff_relocation.go:41.35,42.29 1 1
github.com/modu-ai/moai-adk/internal/factorymsg/handoff_relocation.go:42.29,44.4 1 1
github.com/modu-ai/moai-adk/internal/factorymsg/handoff_relocation.go:45.22,46.54 1 1
github.com/modu-ai/moai-adk/internal/factorymsg/handoff_relocation.go:47.20,48.51 1 1
github.com/modu-ai/moai-adk/internal/factorymsg/handoff_relocation.go:49.20,50.51 1 1
github.com/modu-ai/moai-adk/internal/factorymsg/handoff_relocation.go:51.10,52.42 1 1
github.com/modu-ai/moai-adk/internal/factorymsg/handoff_relocation.go:54.2,54.9 1 1
github.com/modu-ai/moai-adk/internal/factorymsg/handoff_relocation.go:55.24,56.55 1 1
github.com/modu-ai/moai-adk/internal/factorymsg/handoff_relocation.go:57.24,58.43 1 1
github.com/modu-ai/moai-adk/internal/factorymsg/handoff_relocation.go:59.38,60.45 1 1
github.com/modu-ai/moai-adk/internal/factorymsg/handoff_relocation.go:61.42,63.48 1 1
github.com/modu-ai/moai-adk/internal/factorymsg/handoff_relocation.go:64.102,65.40 1 1
github.com/modu-ai/moai-adk/internal/factorymsg/handoff_relocation.go:66.42,67.43 1 1
github.com/modu-ai/moai-adk/internal/factorymsg/handoff_relocation.go:68.38,69.41 1 1
github.com/modu-ai/moai-adk/internal/factorymsg/handoff_relocation.go:71.2,71.12 1 1
github.com/modu-ai/moai-adk/internal/factorymsg/handoff_relocation.go:77.102,79.16 2 1
github.com/modu-ai/moai-adk/internal/factorymsg/handoff_relocation.go:79.16,81.3 1 0
github.com/modu-ai/moai-adk/internal/factorymsg/handoff_relocation.go:82.2,82.15 1 1
github.com/modu-ai/moai-adk/internal/factorymsg/handoff_relocation.go:82.15,82.36 1 1
github.com/modu-ai/moai-adk/internal/factorymsg/handoff_relocation.go:83.2,85.111 2 1
github.com/modu-ai/moai-adk/internal/factorymsg/handoff_relocation.go:85.111,87.3 1 1
github.com/modu-ai/moai-adk/internal/factorymsg/handoff_relocation.go:88.2,88.88 1 1
github.com/modu-ai/moai-adk/internal/factorymsg/handoff_relocation.go:88.88,90.3 1 1
github.com/modu-ai/moai-adk/internal/factorymsg/handoff_relocation.go:91.2,91.54 1 1
github.com/modu-ai/moai-adk/internal/factorymsg/handoff_relocation.go:91.54,93.3 1 1
github.com/modu-ai/moai-adk/internal/factorymsg/handoff_relocation.go:94.2,95.21 2 1
github.com/modu-ai/moai-adk/internal/factorymsg/handoff_relocation.go:95.21,97.3 1 1
github.com/modu-ai/moai-adk/internal/factorymsg/handoff_relocation.go:98.2,100.104 1 1
github.com/modu-ai/moai-adk/internal/factorymsg/handoff_relocation.go:100.104,102.3 1 1
github.com/modu-ai/moai-adk/internal/factorymsg/handoff_relocation.go:103.2,103.20 1 1
github.com/modu-ai/moai-adk/internal/factorymsg/handoff_relocation.go:107.112,114.35 5 1
github.com/modu-ai/moai-adk/internal/factorymsg/handoff_relocation.go:114.35,116.3 1 1
github.com/modu-ai/moai-adk/internal/factorymsg/handoff_relocation.go:117.2,117.16 1 1
github.com/modu-ai/moai-adk/internal/factorymsg/handoff_relocation.go:117.16,119.3 1 0
github.com/modu-ai/moai-adk/internal/factorymsg/handoff_relocation.go:120.2,122.21 3 1
github.com/modu-ai/moai-adk/internal/factorymsg/store.go:107.60,108.32 1 1
github.com/modu-ai/moai-adk/internal/factorymsg/store.go:108.32,110.3 1 1
github.com/modu-ai/moai-adk/internal/factorymsg/store.go:111.2,112.16 2 1
github.com/modu-ai/moai-adk/internal/factorymsg/store.go:112.16,114.3 1 0
github.com/modu-ai/moai-adk/internal/factorymsg/store.go:115.2,115.64 1 1
github.com/modu-ai/moai-adk/internal/factorymsg/store.go:118.51,120.2 1 1
github.com/modu-ai/moai-adk/internal/factorymsg/store.go:122.54,124.2 1 1
github.com/modu-ai/moai-adk/internal/factorymsg/store.go:128.84,129.32 1 1
github.com/modu-ai/moai-adk/internal/factorymsg/store.go:129.32,131.3 1 0
github.com/modu-ai/moai-adk/internal/factorymsg/store.go:132.2,133.16 2 1
github.com/modu-ai/moai-adk/internal/factorymsg/store.go:133.16,135.3 1 0
github.com/modu-ai/moai-adk/internal/factorymsg/store.go:136.2,136.41 1 1
github.com/modu-ai/moai-adk/internal/factorymsg/store.go:136.41,138.3 1 0
github.com/modu-ai/moai-adk/internal/factorymsg/store.go:139.2,140.16 2 1
github.com/modu-ai/moai-adk/internal/factorymsg/store.go:140.16,142.3 1 0
github.com/modu-ai/moai-adk/internal/factorymsg/store.go:143.2,145.133 3 1
github.com/modu-ai/moai-adk/internal/factorymsg/store.go:145.133,147.3 1 1
github.com/modu-ai/moai-adk/internal/factorymsg/store.go:148.2,148.12 1 1
github.com/modu-ai/moai-adk/internal/factorymsg/store.go:153.98,155.16 2 0
github.com/modu-ai/moai-adk/internal/factorymsg/store.go:155.16,157.3 1 0
github.com/modu-ai/moai-adk/internal/factorymsg/store.go:158.2,158.41 1 0
github.com/modu-ai/moai-adk/internal/factorymsg/store.go:158.41,160.3 1 0
github.com/modu-ai/moai-adk/internal/factorymsg/store.go:161.2,161.19 1 0
github.com/modu-ai/moai-adk/internal/factorymsg/store.go:161.19,163.3 1 0
github.com/modu-ai/moai-adk/internal/factorymsg/store.go:164.2,165.20 2 0
github.com/modu-ai/moai-adk/internal/factorymsg/store.go:165.20,167.3 1 0
github.com/modu-ai/moai-adk/internal/factorymsg/store.go:168.2,172.16 5 0
github.com/modu-ai/moai-adk/internal/factorymsg/store.go:172.16,174.3 1 0
github.com/modu-ai/moai-adk/internal/factorymsg/store.go:175.2,177.52 3 0
github.com/modu-ai/moai-adk/internal/factorymsg/store.go:177.52,180.3 2 0
github.com/modu-ai/moai-adk/internal/factorymsg/store.go:181.2,185.91 5 0
github.com/modu-ai/moai-adk/internal/factorymsg/store.go:185.91,188.3 2 0
github.com/modu-ai/moai-adk/internal/factorymsg/store.go:189.2,189.15 1 0
github.com/modu-ai/moai-adk/internal/factorymsg/store.go:193.90,195.16 2 1
github.com/modu-ai/moai-adk/internal/factorymsg/store.go:195.16,197.3 1 0
github.com/modu-ai/moai-adk/internal/factorymsg/store.go:198.2,198.63 1 1
github.com/modu-ai/moai-adk/internal/factorymsg/store.go:198.63,200.3 1 0
github.com/modu-ai/moai-adk/internal/factorymsg/store.go:201.2,202.19 2 1
github.com/modu-ai/moai-adk/internal/factorymsg/store.go:202.19,204.3 1 0
github.com/modu-ai/moai-adk/internal/factorymsg/store.go:209.2,210.20 2 1
github.com/modu-ai/moai-adk/internal/factorymsg/store.go:210.20,212.3 1 0
github.com/modu-ai/moai-adk/internal/factorymsg/store.go:213.2,217.16 5 1
github.com/modu-ai/moai-adk/internal/factorymsg/store.go:217.16,219.3 1 0
github.com/modu-ai/moai-adk/internal/factorymsg/store.go:220.2,222.52 3 1
github.com/modu-ai/moai-adk/internal/factorymsg/store.go:222.52,225.3 2 0
github.com/modu-ai/moai-adk/internal/factorymsg/store.go:226.2,229.54 4 1
github.com/modu-ai/moai-adk/internal/factorymsg/store.go:229.54,232.3 2 0
github.com/modu-ai/moai-adk/internal/factorymsg/store.go:233.2,233.45 1 1
github.com/modu-ai/moai-adk/internal/factorymsg/store.go:233.45,236.3 2 0
github.com/modu-ai/moai-adk/internal/factorymsg/store.go:237.2,237.15 1 1
github.com/modu-ai/moai-adk/internal/factorymsg/store.go:241.96,243.16 2 0
github.com/modu-ai/moai-adk/internal/factorymsg/store.go:243.16,245.3 1 0
github.com/modu-ai/moai-adk/internal/factorymsg/store.go:246.2,247.20 2 0
github.com/modu-ai/moai-adk/internal/factorymsg/store.go:247.20,248.36 1 0
github.com/modu-ai/moai-adk/internal/factorymsg/store.go:248.36,250.4 1 0
github.com/modu-ai/moai-adk/internal/factorymsg/store.go:251.3,252.140 2 0
github.com/modu-ai/moai-adk/internal/factorymsg/store.go:252.140,254.4 1 0
github.com/modu-ai/moai-adk/internal/factorymsg/store.go:255.3,255.23 1 0
github.com/modu-ai/moai-adk/internal/factorymsg/store.go:257.2,258.16 2 0
github.com/modu-ai/moai-adk/internal/factorymsg/store.go:258.16,260.3 1 0
github.com/modu-ai/moai-adk/internal/factorymsg/store.go:261.2,263.18 3 0
github.com/modu-ai/moai-adk/internal/factorymsg/store.go:263.18,265.40 2 0
github.com/modu-ai/moai-adk/internal/factorymsg/store.go:265.40,267.4 1 0
github.com/modu-ai/moai-adk/internal/factorymsg/store.go:268.3,268.26 1 0
github.com/modu-ai/moai-adk/internal/factorymsg/store.go:270.2,270.19 1 0
github.com/modu-ai/moai-adk/internal/factorymsg/store.go:271.9,272.45 1 0
github.com/modu-ai/moai-adk/internal/factorymsg/store.go:273.9,274.22 1 0
github.com/modu-ai/moai-adk/internal/factorymsg/store.go:275.10,276.45 1 0
github.com/modu-ai/moai-adk/internal/factorymsg/store.go:279.31,279.54 1 1
github.com/modu-ai/moai-adk/internal/factorymsg/store.go:284.55,285.52 1 1
github.com/modu-ai/moai-adk/internal/factorymsg/store.go:285.52,287.3 1 0
github.com/modu-ai/moai-adk/internal/factorymsg/store.go:297.56,298.174 1 1
github.com/modu-ai/moai-adk/internal/factorymsg/store.go:298.174,299.29 1 1
github.com/modu-ai/moai-adk/internal/factorymsg/store.go:299.29,301.4 1 0
github.com/modu-ai/moai-adk/internal/factorymsg/store.go:303.2,303.74 1 1
github.com/modu-ai/moai-adk/internal/factorymsg/store.go:303.74,305.3 1 0
github.com/modu-ai/moai-adk/internal/factorymsg/store.go:306.2,306.52 1 1
github.com/modu-ai/moai-adk/internal/factorymsg/store.go:306.52,308.3 1 1
github.com/modu-ai/moai-adk/internal/factorymsg/store.go:309.2,309.35 1 1
github.com/modu-ai/moai-adk/internal/factorymsg/store.go:309.35,311.3 1 0
github.com/modu-ai/moai-adk/internal/factorymsg/store.go:312.2,312.12 1 1
github.com/modu-ai/moai-adk/internal/factorymsg/store.go:315.73,316.31 1 1
github.com/modu-ai/moai-adk/internal/factorymsg/store.go:316.31,318.3 1 1
github.com/modu-ai/moai-adk/internal/factorymsg/store.go:319.2,319.24 1 1
github.com/modu-ai/moai-adk/internal/factorymsg/store.go:319.24,321.3 1 0
github.com/modu-ai/moai-adk/internal/factorymsg/store.go:322.2,322.133 1 1
github.com/modu-ai/moai-adk/internal/factorymsg/store.go:322.133,324.3 1 0
github.com/modu-ai/moai-adk/internal/factorymsg/store.go:325.2,326.16 2 1
github.com/modu-ai/moai-adk/internal/factorymsg/store.go:326.16,328.3 1 0
github.com/modu-ai/moai-adk/internal/factorymsg/store.go:329.2,329.15 1 1
github.com/modu-ai/moai-adk/internal/factorymsg/store.go:329.15,329.36 1 1
github.com/modu-ai/moai-adk/internal/factorymsg/store.go:330.2,330.23 1 1
github.com/modu-ai/moai-adk/internal/factorymsg/store.go:330.23,331.21 1 1
github.com/modu-ai/moai-adk/internal/factorymsg/store.go:331.21,335.35 4 1
github.com/modu-ai/moai-adk/internal/factorymsg/store.go:335.35,337.10 2 1
github.com/modu-ai/moai-adk/internal/factorymsg/store.go:339.4,339.16 1 1
github.com/modu-ai/moai-adk/internal/factorymsg/store.go:339.16,341.5 1 0
github.com/modu-ai/moai-adk/internal/factorymsg/store.go:344.2,344.33 1 1
github.com/modu-ai/moai-adk/internal/factorymsg/store.go:344.33,346.3 1 0
github.com/modu-ai/moai-adk/internal/factorymsg/store.go:347.2,351.16 5 1
github.com/modu-ai/moai-adk/internal/factorymsg/store.go:351.16,352.34 1 1
github.com/modu-ai/moai-adk/internal/factorymsg/store.go:352.34,353.53 1 1
github.com/modu-ai/moai-adk/internal/factorymsg/store.go:353.53,354.41 1 1
github.com/modu-ai/moai-adk/internal/factorymsg/store.go:354.41,356.6 1 1
github.com/modu-ai/moai-adk/internal/factorymsg/store.go:357.5,357.31 1 0
github.com/modu-ai/moai-adk/internal/factorymsg/store.go:357.31,359.6 1 0
github.com/modu-ai/moai-adk/internal/factorymsg/store.go:360.10,362.5 1 0
github.com/modu-ai/moai-adk/internal/factorymsg/store.go:363.9,364.91 1 1
github.com/modu-ai/moai-adk/internal/factorymsg/store.go:364.91,366.5 1 1
github.com/modu-ai/moai-adk/internal/factorymsg/store.go:367.4,367.30 1 1
github.com/modu-ai/moai-adk/internal/factorymsg/store.go:367.30,369.5 1 1
github.com/modu-ai/moai-adk/internal/factorymsg/store.go:371.8,371.43 1 1
github.com/modu-ai/moai-adk/internal/factorymsg/store.go:371.43,373.3 1 0
github.com/modu-ai/moai-adk/internal/factorymsg/store.go:374.2,374.22 1 1
github.com/modu-ai/moai-adk/internal/factorymsg/store.go:374.22,376.3 1 1
github.com/modu-ai/moai-adk/internal/factorymsg/store.go:377.2,378.16 2 1
github.com/modu-ai/moai-adk/internal/factorymsg/store.go:378.16,380.3 1 0
github.com/modu-ai/moai-adk/internal/factorymsg/store.go:381.2,381.35 1 1
github.com/modu-ai/moai-adk/internal/factorymsg/store.go:381.35,383.3 1 0
github.com/modu-ai/moai-adk/internal/factorymsg/store.go:384.2,385.15 2 1
github.com/modu-ai/moai-adk/internal/factorymsg/store.go:391.82,392.25 1 1
github.com/modu-ai/moai-adk/internal/factorymsg/store.go:392.25,394.3 1 0
github.com/modu-ai/moai-adk/internal/factorymsg/store.go:395.2,396.31 2 1
github.com/modu-ai/moai-adk/internal/factorymsg/store.go:402.84,403.31 1 1
github.com/modu-ai/moai-adk/internal/factorymsg/store.go:403.31,405.3 1 0
github.com/modu-ai/moai-adk/internal/factorymsg/store.go:406.2,406.43 1 1
github.com/modu-ai/moai-adk/internal/factorymsg/store.go:406.43,408.3 1 0
github.com/modu-ai/moai-adk/internal/factorymsg/store.go:409.2,409.58 1 1
github.com/modu-ai/moai-adk/internal/factorymsg/store.go:409.58,411.3 1 0
github.com/modu-ai/moai-adk/internal/factorymsg/store.go:412.2,413.16 2 1
github.com/modu-ai/moai-adk/internal/factorymsg/store.go:413.16,415.3 1 0
github.com/modu-ai/moai-adk/internal/factorymsg/store.go:416.2,416.15 1 1
github.com/modu-ai/moai-adk/internal/factorymsg/store.go:416.15,416.36 1 1
github.com/modu-ai/moai-adk/internal/factorymsg/store.go:418.2,423.35 3 1
github.com/modu-ai/moai-adk/internal/factorymsg/store.go:423.35,425.3 1 0
github.com/modu-ai/moai-adk/internal/factorymsg/store.go:426.2,426.16 1 1
github.com/modu-ai/moai-adk/internal/factorymsg/store.go:426.16,428.3 1 0
github.com/modu-ai/moai-adk/internal/factorymsg/store.go:429.2,429.50 1 1
github.com/modu-ai/moai-adk/internal/factorymsg/store.go:429.50,431.3 1 1
github.com/modu-ai/moai-adk/internal/factorymsg/store.go:432.2,432.160 1 1
github.com/modu-ai/moai-adk/internal/factorymsg/store.go:432.160,434.3 1 1
github.com/modu-ai/moai-adk/internal/factorymsg/store.go:436.2,446.16 5 1
github.com/modu-ai/moai-adk/internal/factorymsg/store.go:446.16,448.3 1 0
github.com/modu-ai/moai-adk/internal/factorymsg/store.go:449.2,450.16 2 1
github.com/modu-ai/moai-adk/internal/factorymsg/store.go:450.16,452.3 1 0
github.com/modu-ai/moai-adk/internal/factorymsg/store.go:453.2,453.15 1 1
github.com/modu-ai/moai-adk/internal/factorymsg/store.go:453.15,455.3 1 0
github.com/modu-ai/moai-adk/internal/factorymsg/store.go:456.2,456.36 1 1
github.com/modu-ai/moai-adk/internal/factorymsg/store.go:456.36,458.3 1 0
github.com/modu-ai/moai-adk/internal/factorymsg/store.go:459.2,459.25 1 1
github.com/modu-ai/moai-adk/internal/factorymsg/store.go:465.82,466.31 1 1
github.com/modu-ai/moai-adk/internal/factorymsg/store.go:466.31,468.3 1 0
github.com/modu-ai/moai-adk/internal/factorymsg/store.go:469.2,471.76 1 1
github.com/modu-ai/moai-adk/internal/factorymsg/store.go:471.76,473.3 1 0
github.com/modu-ai/moai-adk/internal/factorymsg/store.go:474.2,479.16 2 1
github.com/modu-ai/moai-adk/internal/factorymsg/store.go:479.16,481.3 1 0
github.com/modu-ai/moai-adk/internal/factorymsg/store.go:482.2,483.16 2 1
github.com/modu-ai/moai-adk/internal/factorymsg/store.go:483.16,485.3 1 0
github.com/modu-ai/moai-adk/internal/factorymsg/store.go:486.2,486.23 1 1
github.com/modu-ai/moai-adk/internal/factorymsg/store.go:489.54,491.2 1 1
github.com/modu-ai/moai-adk/internal/factorymsg/store.go:493.77,494.41 1 1
github.com/modu-ai/moai-adk/internal/factorymsg/store.go:494.41,496.3 1 0
github.com/modu-ai/moai-adk/internal/factorymsg/store.go:497.2,499.16 3 1
github.com/modu-ai/moai-adk/internal/factorymsg/store.go:499.16,501.3 1 1
github.com/modu-ai/moai-adk/internal/factorymsg/store.go:502.2,502.15 1 1
github.com/modu-ai/moai-adk/internal/factorymsg/store.go:506.77,507.31 1 1
github.com/modu-ai/moai-adk/internal/factorymsg/store.go:507.31,509.3 1 0
github.com/modu-ai/moai-adk/internal/factorymsg/store.go:510.2,512.16 3 1
github.com/modu-ai/moai-adk/internal/factorymsg/store.go:512.16,514.3 1 0
github.com/modu-ai/moai-adk/internal/factorymsg/store.go:515.2,515.43 1 1
github.com/modu-ai/moai-adk/internal/factorymsg/store.go:515.43,517.3 1 0
github.com/modu-ai/moai-adk/internal/factorymsg/store.go:518.2,518.15 1 1
github.com/modu-ai/moai-adk/internal/factorymsg/store.go:521.94,522.54 1 0
github.com/modu-ai/moai-adk/internal/factorymsg/store.go:522.54,524.3 1 0
github.com/modu-ai/moai-adk/internal/factorymsg/store.go:525.2,527.16 3 0
github.com/modu-ai/moai-adk/internal/factorymsg/store.go:527.16,529.3 1 0
github.com/modu-ai/moai-adk/internal/factorymsg/store.go:530.2,530.43 1 0
github.com/modu-ai/moai-adk/internal/factorymsg/store.go:530.43,532.3 1 0
github.com/modu-ai/moai-adk/internal/factorymsg/store.go:533.2,533.15 1 0
github.com/modu-ai/moai-adk/internal/factorymsg/store.go:538.64,540.16 2 0
github.com/modu-ai/moai-adk/internal/factorymsg/store.go:540.16,542.3 1 0
github.com/modu-ai/moai-adk/internal/factorymsg/store.go:543.2,544.68 2 0
github.com/modu-ai/moai-adk/internal/factorymsg/store.go:544.68,546.3 1 0
github.com/modu-ai/moai-adk/internal/factorymsg/store.go:547.2,548.12 2 0
github.com/modu-ai/moai-adk/internal/factorymsg/store.go:551.31,552.11 1 1
github.com/modu-ai/moai-adk/internal/factorymsg/store.go:553.89,554.14 1 1
github.com/modu-ai/moai-adk/internal/factorymsg/store.go:556.2,556.14 1 1
github.com/modu-ai/moai-adk/internal/factorymsg/store.go:558.38,559.11 1 1
github.com/modu-ai/moai-adk/internal/factorymsg/store.go:560.91,561.14 1 1
github.com/modu-ai/moai-adk/internal/factorymsg/store.go:563.2,563.14 1 0
github.com/modu-ai/moai-adk/internal/factorymsg/store.go:565.21,565.96 3 1
github.com/modu-ai/moai-adk/internal/factorymsg/store.go:566.63,567.31 1 1
github.com/modu-ai/moai-adk/internal/factorymsg/store.go:567.31,569.3 1 1
github.com/modu-ai/moai-adk/internal/factorymsg/store.go:570.2,570.58 1 1
github.com/modu-ai/moai-adk/internal/factorymsg/store.go:570.58,572.3 1 1
github.com/modu-ai/moai-adk/internal/factorymsg/store.go:573.2,573.43 1 1
github.com/modu-ai/moai-adk/internal/factorymsg/store.go:573.43,575.3 1 0
github.com/modu-ai/moai-adk/internal/factorymsg/store.go:576.2,578.16 3 1
github.com/modu-ai/moai-adk/internal/factorymsg/store.go:578.16,580.3 1 0
github.com/modu-ai/moai-adk/internal/factorymsg/store.go:581.2,581.12 1 1
github.com/modu-ai/moai-adk/internal/factorymsg/store.go:581.12,583.3 1 1
github.com/modu-ai/moai-adk/internal/factorymsg/store.go:584.2,584.12 1 1
github.com/modu-ai/moai-adk/internal/factorymsg/store.go:587.76,588.63 1 1
github.com/modu-ai/moai-adk/internal/factorymsg/store.go:588.63,589.57 1 1
github.com/modu-ai/moai-adk/internal/factorymsg/store.go:589.57,591.4 1 1
github.com/modu-ai/moai-adk/internal/factorymsg/store.go:592.3,592.27 1 1
github.com/modu-ai/moai-adk/internal/factorymsg/store.go:594.2,594.50 1 1
github.com/modu-ai/moai-adk/internal/factorymsg/store.go:594.50,596.3 1 1
github.com/modu-ai/moai-adk/internal/factorymsg/store.go:597.2,597.48 1 1
github.com/modu-ai/moai-adk/internal/factorymsg/store.go:597.48,599.3 1 0
github.com/modu-ai/moai-adk/internal/factorymsg/store.go:600.2,600.24 1 1
github.com/modu-ai/moai-adk/internal/factorymsg/store.go:600.24,602.3 1 1
github.com/modu-ai/moai-adk/internal/factorymsg/store.go:603.2,603.43 1 1
github.com/modu-ai/moai-adk/internal/factorymsg/store.go:603.43,605.3 1 0
github.com/modu-ai/moai-adk/internal/factorymsg/store.go:606.2,606.36 1 1
github.com/modu-ai/moai-adk/internal/factorymsg/store.go:606.36,608.3 1 1
github.com/modu-ai/moai-adk/internal/factorymsg/store.go:609.2,609.42 1 1
github.com/modu-ai/moai-adk/internal/factorymsg/store.go:609.42,611.3 1 1
github.com/modu-ai/moai-adk/internal/factorymsg/store.go:612.2,612.34 1 1
github.com/modu-ai/moai-adk/internal/factorymsg/store.go:612.34,614.3 1 1
github.com/modu-ai/moai-adk/internal/factorymsg/store.go:615.2,615.53 1 1
github.com/modu-ai/moai-adk/internal/factorymsg/store.go:615.53,617.3 1 1
github.com/modu-ai/moai-adk/internal/factorymsg/store.go:618.2,618.61 1 1
github.com/modu-ai/moai-adk/internal/factorymsg/store.go:618.61,620.3 1 0
github.com/modu-ai/moai-adk/internal/factorymsg/store.go:621.2,622.135 2 1
github.com/modu-ai/moai-adk/internal/factorymsg/store.go:622.135,624.3 1 0
github.com/modu-ai/moai-adk/internal/factorymsg/store.go:625.2,625.29 1 1
github.com/modu-ai/moai-adk/internal/factorymsg/store.go:625.29,627.3 1 1
github.com/modu-ai/moai-adk/internal/factorymsg/store.go:628.2,631.59 4 1
github.com/modu-ai/moai-adk/internal/factorymsg/store.go:631.59,635.235 4 1
github.com/modu-ai/moai-adk/internal/factorymsg/store.go:635.235,637.4 1 1
github.com/modu-ai/moai-adk/internal/factorymsg/store.go:638.3,640.18 3 1
github.com/modu-ai/moai-adk/internal/factorymsg/store.go:642.2,642.17 1 1
github.com/modu-ai/moai-adk/internal/factorymsg/store.go:645.81,646.21 1 1
github.com/modu-ai/moai-adk/internal/factorymsg/store.go:646.21,648.3 1 1
github.com/modu-ai/moai-adk/internal/factorymsg/store.go:649.2,650.145 2 1
github.com/modu-ai/moai-adk/internal/factorymsg/store.go:650.145,652.3 1 0
github.com/modu-ai/moai-adk/internal/factorymsg/store.go:653.2,654.12 2 1
github.com/modu-ai/moai-adk/internal/factorymsg/store.go:656.78,658.16 2 1
github.com/modu-ai/moai-adk/internal/factorymsg/store.go:658.16,660.3 1 0
github.com/modu-ai/moai-adk/internal/factorymsg/store.go:661.2,663.18 3 1
github.com/modu-ai/moai-adk/internal/factorymsg/store.go:663.18,665.74 2 1
github.com/modu-ai/moai-adk/internal/factorymsg/store.go:665.74,667.4 1 0
github.com/modu-ai/moai-adk/internal/factorymsg/store.go:668.3,668.23 1 1
github.com/modu-ai/moai-adk/internal/factorymsg/store.go:670.2,670.24 1 1
github.com/modu-ai/moai-adk/internal/factorymsg/store.go:673.107,674.45 1 1
github.com/modu-ai/moai-adk/internal/factorymsg/store.go:674.45,676.3 1 1
github.com/modu-ai/moai-adk/internal/factorymsg/store.go:677.2,677.35 1 1
github.com/modu-ai/moai-adk/internal/factorymsg/store.go:677.35,679.3 1 0
github.com/modu-ai/moai-adk/internal/factorymsg/store.go:680.2,682.327 3 1
github.com/modu-ai/moai-adk/internal/factorymsg/store.go:682.327,684.3 1 0
github.com/modu-ai/moai-adk/internal/factorymsg/store.go:685.2,685.19 1 1
github.com/modu-ai/moai-adk/internal/factorymsg/store.go:685.19,687.3 1 1
github.com/modu-ai/moai-adk/internal/factorymsg/store.go:688.2,689.16 2 1
github.com/modu-ai/moai-adk/internal/factorymsg/store.go:689.16,691.3 1 0
github.com/modu-ai/moai-adk/internal/factorymsg/store.go:692.2,692.15 1 1
github.com/modu-ai/moai-adk/internal/factorymsg/store.go:692.15,692.36 1 1
github.com/modu-ai/moai-adk/internal/factorymsg/store.go:693.2,693.340 1 1
github.com/modu-ai/moai-adk/internal/factorymsg/store.go:693.340,695.3 1 0
github.com/modu-ai/moai-adk/internal/factorymsg/store.go:696.2,696.157 1 1
github.com/modu-ai/moai-adk/internal/factorymsg/store.go:696.157,698.3 1 0
github.com/modu-ai/moai-adk/internal/factorymsg/store.go:699.2,699.248 1 1
github.com/modu-ai/moai-adk/internal/factorymsg/store.go:699.248,701.3 1 0
github.com/modu-ai/moai-adk/internal/factorymsg/store.go:702.2,703.16 2 1
github.com/modu-ai/moai-adk/internal/factorymsg/store.go:703.16,705.3 1 0
github.com/modu-ai/moai-adk/internal/factorymsg/store.go:706.2,708.18 3 1
github.com/modu-ai/moai-adk/internal/factorymsg/store.go:708.18,711.228 3 1
github.com/modu-ai/moai-adk/internal/factorymsg/store.go:711.228,713.4 1 0
github.com/modu-ai/moai-adk/internal/factorymsg/store.go:714.3,717.207 4 1
github.com/modu-ai/moai-adk/internal/factorymsg/store.go:717.207,719.4 1 0
github.com/modu-ai/moai-adk/internal/factorymsg/store.go:720.3,720.23 1 1
github.com/modu-ai/moai-adk/internal/factorymsg/store.go:722.2,722.37 1 1
github.com/modu-ai/moai-adk/internal/factorymsg/store.go:722.37,724.3 1 0
github.com/modu-ai/moai-adk/internal/factorymsg/store.go:725.2,725.36 1 1
github.com/modu-ai/moai-adk/internal/factorymsg/store.go:725.36,727.3 1 0
github.com/modu-ai/moai-adk/internal/factorymsg/store.go:728.2,728.17 1 1
github.com/modu-ai/moai-adk/internal/factorymsg/store.go:731.89,732.45 1 1
github.com/modu-ai/moai-adk/internal/factorymsg/store.go:732.45,734.3 1 1
github.com/modu-ai/moai-adk/internal/factorymsg/store.go:735.2,737.16 3 1
github.com/modu-ai/moai-adk/internal/factorymsg/store.go:737.16,739.3 1 0
github.com/modu-ai/moai-adk/internal/factorymsg/store.go:740.2,740.18 1 1
github.com/modu-ai/moai-adk/internal/factorymsg/store.go:742.91,743.26 1 1
github.com/modu-ai/moai-adk/internal/factorymsg/store.go:743.26,745.3 1 0
github.com/modu-ai/moai-adk/internal/factorymsg/store.go:746.2,746.45 1 1
github.com/modu-ai/moai-adk/internal/factorymsg/store.go:746.45,748.3 1 0
github.com/modu-ai/moai-adk/internal/factorymsg/store.go:749.2,750.16 2 1
github.com/modu-ai/moai-adk/internal/factorymsg/store.go:750.16,752.3 1 0
github.com/modu-ai/moai-adk/internal/factorymsg/store.go:753.2,754.12 2 1
github.com/modu-ai/moai-adk/internal/factorymsg/store.go:754.12,756.3 1 0
github.com/modu-ai/moai-adk/internal/factorymsg/store.go:757.2,757.12 1 1
github.com/modu-ai/moai-adk/internal/factorymsg/store.go:759.78,760.45 1 1
github.com/modu-ai/moai-adk/internal/factorymsg/store.go:760.45,762.3 1 1
github.com/modu-ai/moai-adk/internal/factorymsg/store.go:763.2,764.16 2 1
github.com/modu-ai/moai-adk/internal/factorymsg/store.go:764.16,766.3 1 0
github.com/modu-ai/moai-adk/internal/factorymsg/store.go:767.2,768.12 2 1
github.com/modu-ai/moai-adk/internal/factorymsg/store.go:768.12,770.3 1 1
github.com/modu-ai/moai-adk/internal/factorymsg/store.go:771.2,771.12 1 1
github.com/modu-ai/moai-adk/internal/factorymsg/store.go:777.81,778.45 1 0
github.com/modu-ai/moai-adk/internal/factorymsg/store.go:778.45,780.3 1 0
github.com/modu-ai/moai-adk/internal/factorymsg/store.go:781.2,782.224 2 0
github.com/modu-ai/moai-adk/internal/factorymsg/store.go:782.224,784.3 1 0
github.com/modu-ai/moai-adk/internal/factorymsg/store.go:785.2,785.18 1 0
github.com/modu-ai/moai-adk/internal/factorymsg/store.go:785.18,787.3 1 0
github.com/modu-ai/moai-adk/internal/factorymsg/store.go:788.2,790.16 3 0
github.com/modu-ai/moai-adk/internal/factorymsg/store.go:790.16,792.3 1 0
github.com/modu-ai/moai-adk/internal/factorymsg/store.go:793.2,794.20 2 0
github.com/modu-ai/moai-adk/internal/factorymsg/store.go:796.67,799.16 3 1
github.com/modu-ai/moai-adk/internal/factorymsg/store.go:799.16,801.3 1 1
github.com/modu-ai/moai-adk/internal/factorymsg/store.go:802.2,803.18 2 1
github.com/modu-ai/moai-adk/internal/factorymsg/store.go:803.18,806.47 3 1
github.com/modu-ai/moai-adk/internal/factorymsg/store.go:806.47,808.4 1 0
github.com/modu-ai/moai-adk/internal/factorymsg/store.go:809.3,809.16 1 1
github.com/modu-ai/moai-adk/internal/factorymsg/store.go:810.18,811.18 1 1
github.com/modu-ai/moai-adk/internal/factorymsg/store.go:812.18,813.18 1 1
github.com/modu-ai/moai-adk/internal/factorymsg/store.go:814.23,815.23 1 1
github.com/modu-ai/moai-adk/internal/factorymsg/store.go:818.2,818.35 1 1
github.com/modu-ai/moai-adk/internal/factorymsg/store.go:818.35,820.3 1 0
github.com/modu-ai/moai-adk/internal/factorymsg/store.go:821.2,822.16 2 1
github.com/modu-ai/moai-adk/internal/factorymsg/store.go:822.16,824.3 1 0
github.com/modu-ai/moai-adk/internal/factorymsg/store.go:825.2,826.16 2 1
github.com/modu-ai/moai-adk/internal/factorymsg/store.go:829.77,831.16 2 1
github.com/modu-ai/moai-adk/internal/factorymsg/store.go:831.16,833.3 1 0
github.com/modu-ai/moai-adk/internal/factorymsg/store.go:834.2,837.18 4 1
github.com/modu-ai/moai-adk/internal/factorymsg/store.go:837.18,839.3 1 1
github.com/modu-ai/moai-adk/internal/factorymsg/store.go:840.2,840.18 1 1
github.com/modu-ai/moai-adk/internal/factorymsg/store.go:840.18,843.152 3 1
github.com/modu-ai/moai-adk/internal/factorymsg/store.go:843.152,845.4 1 0
github.com/modu-ai/moai-adk/internal/factorymsg/store.go:846.3,847.17 2 1
github.com/modu-ai/moai-adk/internal/factorymsg/store.go:847.17,849.4 1 0
github.com/modu-ai/moai-adk/internal/factorymsg/store.go:850.3,850.35 1 1
github.com/modu-ai/moai-adk/internal/factorymsg/store.go:850.35,852.4 1 0
github.com/modu-ai/moai-adk/internal/factorymsg/store.go:853.3,856.47 4 1
github.com/modu-ai/moai-adk/internal/factorymsg/store.go:856.47,859.4 2 1
github.com/modu-ai/moai-adk/internal/factorymsg/store.go:860.3,862.16 3 1
github.com/modu-ai/moai-adk/internal/factorymsg/store.go:863.38,864.31 1 1
github.com/modu-ai/moai-adk/internal/factorymsg/store.go:865.38,866.52 1 1
github.com/modu-ai/moai-adk/internal/factorymsg/store.go:866.52,868.41 2 1
github.com/modu-ai/moai-adk/internal/factorymsg/store.go:868.41,870.6 1 1
github.com/modu-ai/moai-adk/internal/factorymsg/store.go:873.3,873.30 1 1
github.com/modu-ai/moai-adk/internal/factorymsg/store.go:875.2,875.26 1 1
