mode: atomic
github.com/modu-ai/moai-adk/internal/cli/factory_lane_handoff.go:71.64,76.2 1 1
github.com/modu-ai/moai-adk/internal/cli/factory_lane_handoff.go:78.67,81.2 2 323
github.com/modu-ai/moai-adk/internal/cli/factory_lane_handoff.go:83.45,85.2 1 73
github.com/modu-ai/moai-adk/internal/cli/factory_lane_handoff.go:87.46,89.16 2 93
github.com/modu-ai/moai-adk/internal/cli/factory_lane_handoff.go:89.16,91.3 1 0
github.com/modu-ai/moai-adk/internal/cli/factory_lane_handoff.go:92.2,92.35 1 93
github.com/modu-ai/moai-adk/internal/cli/factory_lane_handoff.go:95.41,98.2 2 44
github.com/modu-ai/moai-adk/internal/cli/factory_lane_handoff.go:100.48,101.11 1 68
github.com/modu-ai/moai-adk/internal/cli/factory_lane_handoff.go:102.24,103.13 1 59
github.com/modu-ai/moai-adk/internal/cli/factory_lane_handoff.go:104.30,105.70 1 3
github.com/modu-ai/moai-adk/internal/cli/factory_lane_handoff.go:106.34,107.74 1 3
github.com/modu-ai/moai-adk/internal/cli/factory_lane_handoff.go:108.32,109.72 1 3
github.com/modu-ai/moai-adk/internal/cli/factory_lane_handoff.go:111.2,111.90 1 0
github.com/modu-ai/moai-adk/internal/cli/factory_lane_handoff.go:122.120,123.51 1 47
github.com/modu-ai/moai-adk/internal/cli/factory_lane_handoff.go:123.51,125.3 1 3
github.com/modu-ai/moai-adk/internal/cli/factory_lane_handoff.go:126.2,126.62 1 44
github.com/modu-ai/moai-adk/internal/cli/factory_lane_handoff.go:126.62,128.3 1 0
github.com/modu-ai/moai-adk/internal/cli/factory_lane_handoff.go:129.2,129.29 1 44
github.com/modu-ai/moai-adk/internal/cli/factory_lane_handoff.go:129.29,131.3 1 0
github.com/modu-ai/moai-adk/internal/cli/factory_lane_handoff.go:132.2,132.21 1 44
github.com/modu-ai/moai-adk/internal/cli/factory_lane_handoff.go:132.21,134.3 1 0
github.com/modu-ai/moai-adk/internal/cli/factory_lane_handoff.go:135.2,137.16 3 44
github.com/modu-ai/moai-adk/internal/cli/factory_lane_handoff.go:137.16,139.3 1 0
github.com/modu-ai/moai-adk/internal/cli/factory_lane_handoff.go:140.2,145.48 4 44
github.com/modu-ai/moai-adk/internal/cli/factory_lane_handoff.go:145.48,147.3 1 1
github.com/modu-ai/moai-adk/internal/cli/factory_lane_handoff.go:149.2,150.16 2 43
github.com/modu-ai/moai-adk/internal/cli/factory_lane_handoff.go:150.16,152.3 1 0
github.com/modu-ai/moai-adk/internal/cli/factory_lane_handoff.go:153.2,153.15 1 43
github.com/modu-ai/moai-adk/internal/cli/factory_lane_handoff.go:153.15,153.36 1 43
github.com/modu-ai/moai-adk/internal/cli/factory_lane_handoff.go:155.2,156.16 2 43
github.com/modu-ai/moai-adk/internal/cli/factory_lane_handoff.go:156.16,158.3 1 0
github.com/modu-ai/moai-adk/internal/cli/factory_lane_handoff.go:159.2,159.14 1 43
github.com/modu-ai/moai-adk/internal/cli/factory_lane_handoff.go:159.14,160.93 1 39
github.com/modu-ai/moai-adk/internal/cli/factory_lane_handoff.go:160.93,162.4 1 1
github.com/modu-ai/moai-adk/internal/cli/factory_lane_handoff.go:163.3,163.45 1 38
github.com/modu-ai/moai-adk/internal/cli/factory_lane_handoff.go:163.45,165.4 1 1
github.com/modu-ai/moai-adk/internal/cli/factory_lane_handoff.go:166.3,166.109 1 37
github.com/modu-ai/moai-adk/internal/cli/factory_lane_handoff.go:166.109,168.4 1 1
github.com/modu-ai/moai-adk/internal/cli/factory_lane_handoff.go:170.2,171.16 2 40
github.com/modu-ai/moai-adk/internal/cli/factory_lane_handoff.go:171.16,173.3 1 0
github.com/modu-ai/moai-adk/internal/cli/factory_lane_handoff.go:175.2,179.16 2 40
github.com/modu-ai/moai-adk/internal/cli/factory_lane_handoff.go:179.16,181.3 1 4
github.com/modu-ai/moai-adk/internal/cli/factory_lane_handoff.go:182.2,183.13 2 36
github.com/modu-ai/moai-adk/internal/cli/factory_lane_handoff.go:183.13,185.3 1 4
github.com/modu-ai/moai-adk/internal/cli/factory_lane_handoff.go:185.8,187.3 1 32
github.com/modu-ai/moai-adk/internal/cli/factory_lane_handoff.go:188.2,188.18 1 36
github.com/modu-ai/moai-adk/internal/cli/factory_lane_handoff.go:188.18,189.62 1 5
github.com/modu-ai/moai-adk/internal/cli/factory_lane_handoff.go:189.62,191.4 1 0
github.com/modu-ai/moai-adk/internal/cli/factory_lane_handoff.go:192.3,192.79 1 5
github.com/modu-ai/moai-adk/internal/cli/factory_lane_handoff.go:194.2,194.41 1 31
github.com/modu-ai/moai-adk/internal/cli/factory_lane_handoff.go:200.130,201.22 1 43
github.com/modu-ai/moai-adk/internal/cli/factory_lane_handoff.go:201.22,203.3 1 39
github.com/modu-ai/moai-adk/internal/cli/factory_lane_handoff.go:204.2,205.16 2 4
github.com/modu-ai/moai-adk/internal/cli/factory_lane_handoff.go:205.16,207.3 1 0
github.com/modu-ai/moai-adk/internal/cli/factory_lane_handoff.go:208.2,208.36 1 4
github.com/modu-ai/moai-adk/internal/cli/factory_lane_handoff.go:208.36,209.33 1 4
github.com/modu-ai/moai-adk/internal/cli/factory_lane_handoff.go:209.33,211.4 1 4
github.com/modu-ai/moai-adk/internal/cli/factory_lane_handoff.go:213.2,213.19 1 0
github.com/modu-ai/moai-adk/internal/cli/factory_lane_handoff.go:218.55,219.98 1 4
github.com/modu-ai/moai-adk/internal/cli/factory_lane_handoff.go:219.98,221.3 1 1
github.com/modu-ai/moai-adk/internal/cli/factory_lane_handoff.go:222.2,222.109 1 3
github.com/modu-ai/moai-adk/internal/cli/factory_lane_handoff.go:222.109,224.3 1 1
github.com/modu-ai/moai-adk/internal/cli/factory_lane_handoff.go:225.2,225.106 1 2
github.com/modu-ai/moai-adk/internal/cli/factory_lane_handoff.go:225.106,227.3 1 1
github.com/modu-ai/moai-adk/internal/cli/factory_lane_handoff.go:228.2,228.11 1 1
github.com/modu-ai/moai-adk/internal/cli/factory_lane_handoff.go:234.93,236.16 2 32
github.com/modu-ai/moai-adk/internal/cli/factory_lane_handoff.go:236.16,239.3 2 0
github.com/modu-ai/moai-adk/internal/cli/factory_lane_handoff.go:240.2,240.75 1 32
github.com/modu-ai/moai-adk/internal/cli/factory_lane_handoff.go:240.75,242.3 1 0
github.com/modu-ai/moai-adk/internal/cli/factory_lane_handoff.go:243.2,243.100 1 32
github.com/modu-ai/moai-adk/internal/cli/factory_lane_handoff.go:243.100,245.3 1 0
github.com/modu-ai/moai-adk/internal/cli/factory_lane_handoff.go:246.2,247.40 2 32
github.com/modu-ai/moai-adk/internal/cli/factory_lane_handoff.go:247.40,249.3 1 2
github.com/modu-ai/moai-adk/internal/cli/factory_lane_handoff.go:250.2,250.142 1 30
github.com/modu-ai/moai-adk/internal/cli/factory_lane_handoff.go:250.142,252.3 1 0
github.com/modu-ai/moai-adk/internal/cli/factory_lane_handoff.go:253.2,253.109 1 30
github.com/modu-ai/moai-adk/internal/cli/factory_lane_handoff.go:253.109,255.3 1 0
github.com/modu-ai/moai-adk/internal/cli/factory_lane_handoff.go:256.2,257.91 2 30
github.com/modu-ai/moai-adk/internal/cli/factory_lane_handoff.go:257.91,259.3 1 0
github.com/modu-ai/moai-adk/internal/cli/factory_lane_handoff.go:260.2,260.98 1 30
github.com/modu-ai/moai-adk/internal/cli/factory_lane_handoff.go:260.98,262.3 1 0
github.com/modu-ai/moai-adk/internal/cli/factory_lane_handoff.go:263.2,263.11 1 30
github.com/modu-ai/moai-adk/internal/cli/factory_lane_handoff_switch.go:37.125,39.2 1 9
github.com/modu-ai/moai-adk/internal/cli/factory_lane_handoff_switch.go:41.110,43.2 1 1
github.com/modu-ai/moai-adk/internal/cli/factory_lane_handoff_switch.go:45.103,47.16 2 10
github.com/modu-ai/moai-adk/internal/cli/factory_lane_handoff_switch.go:47.16,49.3 1 1
github.com/modu-ai/moai-adk/internal/cli/factory_lane_handoff_switch.go:50.2,52.64 3 9
github.com/modu-ai/moai-adk/internal/cli/factory_lane_handoff_switch.go:58.72,60.16 2 17
github.com/modu-ai/moai-adk/internal/cli/factory_lane_handoff_switch.go:60.16,62.3 1 0
github.com/modu-ai/moai-adk/internal/cli/factory_lane_handoff_switch.go:63.2,64.16 2 17
github.com/modu-ai/moai-adk/internal/cli/factory_lane_handoff_switch.go:64.16,66.3 1 0
github.com/modu-ai/moai-adk/internal/cli/factory_lane_handoff_switch.go:67.2,68.16 2 17
github.com/modu-ai/moai-adk/internal/cli/factory_lane_handoff_switch.go:68.16,70.3 1 0
github.com/modu-ai/moai-adk/internal/cli/factory_lane_handoff_switch.go:71.2,72.16 2 17
github.com/modu-ai/moai-adk/internal/cli/factory_lane_handoff_switch.go:72.16,74.3 1 0
github.com/modu-ai/moai-adk/internal/cli/factory_lane_handoff_switch.go:75.2,75.71 1 17
github.com/modu-ai/moai-adk/internal/cli/factory_lane_handoff_switch.go:78.65,80.2 1 11
github.com/modu-ai/moai-adk/internal/cli/factory_lane_handoff_switch.go:82.94,84.2 1 21
github.com/modu-ai/moai-adk/internal/cli/factory_lane_handoff_switch.go:88.104,90.30 2 13
github.com/modu-ai/moai-adk/internal/cli/factory_lane_handoff_switch.go:90.30,92.3 1 0
github.com/modu-ai/moai-adk/internal/cli/factory_lane_handoff_switch.go:93.2,93.66 1 13
github.com/modu-ai/moai-adk/internal/cli/factory_lane_handoff_switch.go:93.66,95.3 1 0
github.com/modu-ai/moai-adk/internal/cli/factory_lane_handoff_switch.go:96.2,96.14 1 13
github.com/modu-ai/moai-adk/internal/cli/factory_lane_handoff_switch.go:106.150,107.49 1 8
github.com/modu-ai/moai-adk/internal/cli/factory_lane_handoff_switch.go:107.49,109.3 1 1
github.com/modu-ai/moai-adk/internal/cli/factory_lane_handoff_switch.go:110.2,111.16 2 7
github.com/modu-ai/moai-adk/internal/cli/factory_lane_handoff_switch.go:111.16,113.3 1 0
github.com/modu-ai/moai-adk/internal/cli/factory_lane_handoff_switch.go:114.2,114.15 1 7
github.com/modu-ai/moai-adk/internal/cli/factory_lane_handoff_switch.go:114.15,114.36 1 7
github.com/modu-ai/moai-adk/internal/cli/factory_lane_handoff_switch.go:115.2,115.50 1 7
github.com/modu-ai/moai-adk/internal/cli/factory_lane_handoff_switch.go:115.50,117.3 1 3
github.com/modu-ai/moai-adk/internal/cli/factory_lane_handoff_switch.go:118.2,119.16 2 4
github.com/modu-ai/moai-adk/internal/cli/factory_lane_handoff_switch.go:119.16,121.3 1 1
github.com/modu-ai/moai-adk/internal/cli/factory_lane_handoff_switch.go:122.2,123.16 2 3
github.com/modu-ai/moai-adk/internal/cli/factory_lane_handoff_switch.go:123.16,125.3 1 1
github.com/modu-ai/moai-adk/internal/cli/factory_lane_handoff_switch.go:126.2,132.21 2 3
github.com/modu-ai/moai-adk/internal/cli/factory_lane_handoff_switch.go:143.147,144.46 1 15
github.com/modu-ai/moai-adk/internal/cli/factory_lane_handoff_switch.go:144.46,146.3 1 1
github.com/modu-ai/moai-adk/internal/cli/factory_lane_handoff_switch.go:147.2,148.16 2 14
github.com/modu-ai/moai-adk/internal/cli/factory_lane_handoff_switch.go:148.16,150.3 1 0
github.com/modu-ai/moai-adk/internal/cli/factory_lane_handoff_switch.go:151.2,151.15 1 14
github.com/modu-ai/moai-adk/internal/cli/factory_lane_handoff_switch.go:151.15,151.36 1 14
github.com/modu-ai/moai-adk/internal/cli/factory_lane_handoff_switch.go:152.2,152.50 1 14
github.com/modu-ai/moai-adk/internal/cli/factory_lane_handoff_switch.go:152.50,154.3 1 3
github.com/modu-ai/moai-adk/internal/cli/factory_lane_handoff_switch.go:157.2,157.82 1 11
github.com/modu-ai/moai-adk/internal/cli/factory_lane_handoff_switch.go:157.82,159.3 1 1
github.com/modu-ai/moai-adk/internal/cli/factory_lane_handoff_switch.go:160.2,161.16 2 10
github.com/modu-ai/moai-adk/internal/cli/factory_lane_handoff_switch.go:161.16,163.3 1 10
github.com/modu-ai/moai-adk/internal/cli/factory_lane_handoff_switch.go:164.2,165.16 2 10
github.com/modu-ai/moai-adk/internal/cli/factory_lane_handoff_switch.go:165.16,167.3 1 0
github.com/modu-ai/moai-adk/internal/cli/factory_lane_handoff_switch.go:168.2,169.29 2 10
github.com/modu-ai/moai-adk/internal/cli/factory_lane_handoff_switch.go:169.29,171.3 1 9
github.com/modu-ai/moai-adk/internal/cli/factory_lane_handoff_switch.go:171.8,173.3 1 1
github.com/modu-ai/moai-adk/internal/cli/factory_lane_handoff_switch.go:174.2,174.16 1 10
github.com/modu-ai/moai-adk/internal/cli/factory_lane_handoff_switch.go:174.16,176.3 1 4
github.com/modu-ai/moai-adk/internal/cli/factory_lane_handoff_switch.go:177.2,178.16 2 6
github.com/modu-ai/moai-adk/internal/cli/factory_lane_handoff_switch.go:178.16,180.3 1 0
github.com/modu-ai/moai-adk/internal/cli/factory_lane_handoff_switch.go:181.2,186.79 2 6
github.com/modu-ai/moai-adk/internal/cli/factory_lane_handoff_switch.go:186.79,188.3 1 2
github.com/modu-ai/moai-adk/internal/cli/factory_lane_handoff_switch.go:189.2,189.21 1 4
