TN:
SF:src/lib/foundation-setup.ts
FN:107,getNextraConfig
FN:114,getThemeConfig
FN:176,getI18nConfig
FN:189,getSearchConfig
FN:200,getResponsiveConfig
FN:211,getNavigationConfig
FN:219,getDarkModeConfig
FN:227,getGitHubConfig
FN:235,getBuildConfig
FN:261,fileExists
FN:268,validateRequiredFiles
FN:271,(anonymous_12)
FN:280,validateThemeFields
FN:281,(anonymous_14)
FN:289,validateI18nLocales
FN:290,(anonymous_16)
FN:291,(anonymous_17)
FN:298,validateConfiguration
FN:336,getSetupStatus
FNF:19
FNH:0
FNDA:0,getNextraConfig
FNDA:0,getThemeConfig
FNDA:0,getI18nConfig
FNDA:0,getSearchConfig
FNDA:0,getResponsiveConfig
FNDA:0,getNavigationConfig
FNDA:0,getDarkModeConfig
FNDA:0,getGitHubConfig
FNDA:0,getBuildConfig
FNDA:0,fileExists
FNDA:0,validateRequiredFiles
FNDA:0,(anonymous_12)
FNDA:0,validateThemeFields
FNDA:0,(anonymous_14)
FNDA:0,validateI18nLocales
FNDA:0,(anonymous_16)
FNDA:0,(anonymous_17)
FNDA:0,validateConfiguration
FNDA:0,getSetupStatus
DA:12,0
DA:13,0
DA:75,0
DA:81,0
DA:83,0
DA:92,0
DA:107,0
DA:108,0
DA:114,0
DA:115,0
DA:116,0
DA:117,0
DA:119,0
DA:166,0
DA:168,0
DA:169,0
DA:176,0
DA:177,0
DA:178,0
DA:189,0
DA:190,0
DA:191,0
DA:200,0
DA:201,0
DA:202,0
DA:211,0
DA:212,0
DA:213,0
DA:219,0
DA:220,0
DA:221,0
DA:227,0
DA:228,0
DA:229,0
DA:235,0
DA:236,0
DA:262,0
DA:269,0
DA:271,0
DA:272,0
DA:273,0
DA:281,0
DA:282,0
DA:290,0
DA:291,0
DA:298,0
DA:299,0
DA:301,0
DA:302,0
DA:303,0
DA:307,0
DA:308,0
DA:309,0
DA:310,0
DA:314,0
DA:315,0
DA:316,0
DA:320,0
DA:321,0
DA:322,0
DA:323,0
DA:326,0
DA:328,0
DA:329,0
DA:336,0
DA:337,0
LF:66
LH:0
BRDA:117,0,0,0
BRDA:117,0,1,0
BRDA:178,1,0,0
BRDA:178,1,1,0
BRDA:191,2,0,0
BRDA:191,2,1,0
BRDA:202,3,0,0
BRDA:202,3,1,0
BRDA:213,4,0,0
BRDA:213,4,1,0
BRDA:221,5,0,0
BRDA:221,5,1,0
BRDA:229,6,0,0
BRDA:229,6,1,0
BRDA:301,7,0,0
BRDA:301,7,1,0
BRDA:308,8,0,0
BRDA:308,8,1,0
BRDA:314,9,0,0
BRDA:314,9,1,0
BRDA:321,10,0,0
BRDA:321,10,1,0
BRF:22
BRH:0
end_of_record
